<html>
	<head>
		<title>checkstyle xml difference report</title>
		<style type="text/css" media="all">@import url("./css/maven-base.css");@import url("./css/maven-theme.css"); );</style>
		<link rel="stylesheet" href="./css/site.css">
		<meta name="viewport" content="width=device-width, initial-scale=1">
		<http-equiv http-equiv="Content-Language" content="en"></http-equiv>
	</head>
	<body class="composite">
		<div id="contentBox">
			<div class="section">
				<h2 a="Checkstyle XML difference report">Checkstyle XML difference report</h2>
				This is symmetric difference generated from two checkstyle-result.xml reports. <br/>
				All matching records from each XML file are deleted, then remaining records are merged into single report. <br>
		        <a href="https://github.com/checkstyle/contribution/tree/master/patch-diff-report-tool">Utility that generated this report.</a>
			</div>

			
				<h2 a="Checkstyle configuration report">Checkstyle configuration report</h2>
				<div class="section">
					<table border="0" class="bodyTable">
							<tr class="a">
								<th>Module Name</th>
								<th>Base properties</th>
								<th>Patch properties</th>
							</tr>
							
								
									<tr>
										<td class="c">Checker</td>
										
										<td class="c">
											
												severity
												
													<li>warning</li>
												
												<br/>
											
												charset
												
													<li>UTF-8</li>
												
												<br/>
											
												haltOnException
												
													<li>false</li>
												
												<br/>
											
										</td>
										
										
										<td class="c">
											
												severity
												
													<li>warning</li>
												
												<br/>
											
												charset
												
													<li>UTF-8</li>
												
												<br/>
											
												haltOnException
												
													<li>false</li>
												
												<br/>
											
										</td>
										
									</tr>
									
										
									<tr>
										<td class="c">BeforeExecutionExclusionFileFilter</td>
										
										<td class="c">
											
												fileNamePattern
												
													<li>module\-info\.java$</li>
												
												<br/>
											
										</td>
										
										
										<td class="c">
											
												fileNamePattern
												
													<li>module\-info\.java$</li>
												
												<br/>
											
										</td>
										
									</tr>
									
								
									
										
									<tr>
										<td class="c">TreeWalker</td>
										
										<td class="c">
											
												tabWidth
												
													<li>4</li>
												
												<br/>
											
										</td>
										
										
										<td class="c">
											
												tabWidth
												
													<li>4</li>
												
												<br/>
											
										</td>
										
									</tr>
									
										
									<tr>
										<td class="c">AtclauseOrder</td>
										
										<td class="c">
											
										</td>
										
										
										<td class="c">
											
										</td>
										
									</tr>
									
								
									
										
									<tr>
										<td class="c">JavadocBlockTagLocation</td>
										
										<td class="c">
											
										</td>
										
										
										<td class="c">
											
										</td>
										
									</tr>
									
								
									
										
									<tr>
										<td class="c">JavadocContentLocation</td>
										
										<td class="c">
											
										</td>
										
										
										<td class="c">
											
										</td>
										
									</tr>
									
								
									
										
									<tr>
										<td class="c">JavadocMissingWhitespaceAfterAsterisk</td>
										
										<td class="c">
											
										</td>
										
										
										<td class="c">
											
										</td>
										
									</tr>
									
								
									
										
									<tr>
										<td class="c">JavadocParagraph</td>
										
										<td class="c">
											
										</td>
										
										
										<td class="c">
											
										</td>
										
									</tr>
									
								
									
										
									<tr>
										<td class="c">JavadocTagContinuationIndentation</td>
										
										<td class="c">
											
										</td>
										
										
										<td class="c">
											
										</td>
										
									</tr>
									
								
									
										
									<tr>
										<td class="c">MissingDeprecated</td>
										
										<td class="c">
											
										</td>
										
										
										<td class="c">
											
										</td>
										
									</tr>
									
								
									
										
									<tr>
										<td class="c">NonEmptyAtclauseDescription</td>
										
										<td class="c">
											
										</td>
										
										
										<td class="c">
											
										</td>
										
									</tr>
									
								
									
										
									<tr>
										<td class="c">SingleLineJavadoc</td>
										
										<td class="c">
											
										</td>
										
										
										<td class="c">
											
										</td>
										
									</tr>
									
								
									
										
									<tr>
										<td class="c">SummaryJavadoc</td>
										
										<td class="c">
											
										</td>
										
										
										<td class="c">
											
										</td>
										
									</tr>
									
								
									
								
									
								
								
					</table>	
				</div>
			

			<div class="section">
				<h2 a="Summary:">Summary:</h2>
				<div class="section">
					<table border="0" class="bodyTable">
						<tr class="a">
							<th>Report id</th>
							<th>Files</th>
							<th>Violations</th>
							
								<th>Severity-warning</th>
							
								<th>Severity-error</th>
							
						</tr>
						<tr class="b">
							<td>base</td>
							<td id="filesBase">2656</td>
							<td id="totalBase">1609</td>
							
								<td id="warningSeverityNumBase">1598</td>
							
								<td id="errorSeverityNumBase">11</td>
							
						</tr>
						<tr class="a">
							<td>patch</td>
							<td id="filesPatch">2656</td>
							<td id="totalPatch">1609 (7 removed, 7 added)</td>
							
								<td id="warningSeverityStatisticsPatch">1598</td>
							
								<td id="errorSeverityStatisticsPatch">11 (7 removed, 7 added)</td>
							
						</tr>
						<tr class="d">
							<td/>
							<td id="filesDiff">7 files with differences</td>
							<td id="totalDiff">14 changes in violations</td>
							
								<td id="warningSeverityNumDiff">0 changes in violations</td>
							
								<td id="errorSeverityNumDiff">14 changes in violations</td>
							
						<tr>
					</table>

					
						<br />
						<table border="0" class="bodyTable">
							<tr class="a">
								<th>Report id</th>
								
									<th>com.puppycrawl.tools.checkstyle.checks.annotation.MissingDeprecatedCheck</th>
								
									<th>com.puppycrawl.tools.checkstyle.checks.javadoc.AtclauseOrderCheck</th>
								
									<th>com.puppycrawl.tools.checkstyle.Checker</th>
								
									<th>com.puppycrawl.tools.checkstyle.checks.javadoc.JavadocContentLocationCheck</th>
								
									<th>com.puppycrawl.tools.checkstyle.checks.javadoc.SingleLineJavadocCheck</th>
								
									<th>com.puppycrawl.tools.checkstyle.checks.javadoc.JavadocParagraphCheck</th>
								
									<th>com.puppycrawl.tools.checkstyle.checks.javadoc.NonEmptyAtclauseDescriptionCheck</th>
								
									<th>com.puppycrawl.tools.checkstyle.checks.javadoc.JavadocTagContinuationIndentationCheck</th>
								
									<th>com.puppycrawl.tools.checkstyle.checks.javadoc.SummaryJavadocCheck</th>
								
									<th>com.puppycrawl.tools.checkstyle.checks.javadoc.JavadocBlockTagLocationCheck</th>
								
							</tr>
							<tr class="b">
								<td>base</td>
								
									<td id="com.puppycrawl.tools.checkstyle.checks.annotation.MissingDeprecatedCheckModuleNumBase">115</td>
								
									<td id="com.puppycrawl.tools.checkstyle.checks.javadoc.AtclauseOrderCheckModuleNumBase">40</td>
								
									<td id="com.puppycrawl.tools.checkstyle.CheckerModuleNumBase">11</td>
								
									<td id="com.puppycrawl.tools.checkstyle.checks.javadoc.JavadocContentLocationCheckModuleNumBase">51</td>
								
									<td id="com.puppycrawl.tools.checkstyle.checks.javadoc.SingleLineJavadocCheckModuleNumBase">22</td>
								
									<td id="com.puppycrawl.tools.checkstyle.checks.javadoc.JavadocParagraphCheckModuleNumBase">166</td>
								
									<td id="com.puppycrawl.tools.checkstyle.checks.javadoc.NonEmptyAtclauseDescriptionCheckModuleNumBase">279</td>
								
									<td id="com.puppycrawl.tools.checkstyle.checks.javadoc.JavadocTagContinuationIndentationCheckModuleNumBase">50</td>
								
									<td id="com.puppycrawl.tools.checkstyle.checks.javadoc.SummaryJavadocCheckModuleNumBase">874</td>
								
									<td id="com.puppycrawl.tools.checkstyle.checks.javadoc.JavadocBlockTagLocationCheckModuleNumBase">1</td>
								
							</tr>
							<tr class="a">
								<td>patch</td>
								
									<td id="com.puppycrawl.tools.checkstyle.checks.annotation.MissingDeprecatedCheckModuleStatisticsPatch">115</td>
								
									<td id="com.puppycrawl.tools.checkstyle.checks.javadoc.AtclauseOrderCheckModuleStatisticsPatch">40</td>
								
									<td id="com.puppycrawl.tools.checkstyle.CheckerModuleStatisticsPatch">11 (7 removed, 7 added)</td>
								
									<td id="com.puppycrawl.tools.checkstyle.checks.javadoc.JavadocContentLocationCheckModuleStatisticsPatch">51</td>
								
									<td id="com.puppycrawl.tools.checkstyle.checks.javadoc.SingleLineJavadocCheckModuleStatisticsPatch">22</td>
								
									<td id="com.puppycrawl.tools.checkstyle.checks.javadoc.JavadocParagraphCheckModuleStatisticsPatch">166</td>
								
									<td id="com.puppycrawl.tools.checkstyle.checks.javadoc.NonEmptyAtclauseDescriptionCheckModuleStatisticsPatch">279</td>
								
									<td id="com.puppycrawl.tools.checkstyle.checks.javadoc.JavadocTagContinuationIndentationCheckModuleStatisticsPatch">50</td>
								
									<td id="com.puppycrawl.tools.checkstyle.checks.javadoc.SummaryJavadocCheckModuleStatisticsPatch">874</td>
								
									<td id="com.puppycrawl.tools.checkstyle.checks.javadoc.JavadocBlockTagLocationCheckModuleStatisticsPatch">1</td>
								
							</tr>
							<tr class="d">
								<td>changes in violations</td>
								
									<td id="com.puppycrawl.tools.checkstyle.checks.annotation.MissingDeprecatedCheckModuleNumDiff">0</td>
								
									<td id="com.puppycrawl.tools.checkstyle.checks.javadoc.AtclauseOrderCheckModuleNumDiff">0</td>
								
									<td id="com.puppycrawl.tools.checkstyle.CheckerModuleNumDiff">14</td>
								
									<td id="com.puppycrawl.tools.checkstyle.checks.javadoc.JavadocContentLocationCheckModuleNumDiff">0</td>
								
									<td id="com.puppycrawl.tools.checkstyle.checks.javadoc.SingleLineJavadocCheckModuleNumDiff">0</td>
								
									<td id="com.puppycrawl.tools.checkstyle.checks.javadoc.JavadocParagraphCheckModuleNumDiff">0</td>
								
									<td id="com.puppycrawl.tools.checkstyle.checks.javadoc.NonEmptyAtclauseDescriptionCheckModuleNumDiff">0</td>
								
									<td id="com.puppycrawl.tools.checkstyle.checks.javadoc.JavadocTagContinuationIndentationCheckModuleNumDiff">0</td>
								
									<td id="com.puppycrawl.tools.checkstyle.checks.javadoc.SummaryJavadocCheckModuleNumDiff">0</td>
								
									<td id="com.puppycrawl.tools.checkstyle.checks.javadoc.JavadocBlockTagLocationCheckModuleNumDiff">0</td>
								
							<tr>
						</table>
					

					<br />
					Number of unique base messages reported below: <span id="uniqueMessagesBase">7</span><br />
					Number of unique patch messages reported below: <span id="uniqueMessagesPatch">7</span><br />
				</div>
			</div>

			<div class="section">
				<h2 a="Violations:">Violations:</h2>
				<div class="section">
					<h3>/home/nick/development/contribution/checkstyle-tester/repositories/pmd/pmd-java/src/test/resources/ant/java/EncodingTestClass.java</h3>
					<tr class="b">
					<table border="0" class="bodyTable">
					        <th></th>
							<th>Severity</th>
							<th>Rule</th>
							<th>Message</th>
							<th>Line</th>
							<th>Col</th>
						</tr>
						
							
								<tr class="b">
								
								<td class="keepWidth"><a name="A1" href = "#A1">#A1</a></td>
								<td>error</td>
								<td>Checker</td>
								<td>Got an exception - com.puppycrawl.tools.checkstyle.api.CheckstyleException: TokenStreamRecognitionException occurred while parsing file /home/nick/development/contribution/checkstyle-tester/repositories/pmd/pmd-java/src/test/resources/ant/java/EncodingTestClass.java.<br />
#x9;at com.puppycrawl.tools.checkstyle.JavaParser.parse(JavaParser.java:120)<br />
#x9;at com.puppycrawl.tools.checkstyle.TreeWalker.processFiltered(TreeWalker.java:152)<br />
#x9;at com.puppycrawl.tools.checkstyle.api.AbstractFileSetCheck.process(AbstractFileSetCheck.java:87)<br />
#x9;at com.puppycrawl.tools.checkstyle.Checker.processFile(Checker.java:328)<br />
#x9;at com.puppycrawl.tools.checkstyle.Checker.processFiles(Checker.java:289)<br />
#x9;at com.puppycrawl.tools.checkstyle.Checker.process(Checker.java:221)<br />
#x9;at org.apache.maven.plugins.checkstyle.exec.DefaultCheckstyleExecutor.executeCheckstyle(DefaultCheckstyleExecutor.java:202)<br />
#x9;at org.apache.maven.plugins.checkstyle.AbstractCheckstyleReport.executeReport(AbstractCheckstyleReport.java:533)<br />
#x9;at org.apache.maven.plugins.checkstyle.CheckstyleReport.executeReport(CheckstyleReport.java:57)<br />
#x9;at org.apache.maven.reporting.AbstractMavenReport.generate(AbstractMavenReport.java:255)<br />
#x9;at org.apache.maven.plugins.site.ReportDocumentRenderer.renderDocument(ReportDocumentRenderer.java:219)<br />
#x9;at org.apache.maven.doxia.siterenderer.DefaultSiteRenderer.renderModule(DefaultSiteRenderer.java:319)<br />
#x9;at org.apache.maven.doxia.siterenderer.DefaultSiteRenderer.render(DefaultSiteRenderer.java:135)<br />
#x9;at org.apache.maven.plugins.site.SiteMojo.renderLocale(SiteMojo.java:175)<br />
#x9;at org.apache.maven.plugins.site.SiteMojo.execute(SiteMojo.java:138)<br />
#x9;at org.apache.maven.plugin.DefaultBuildPluginManager.executeMojo(DefaultBuildPluginManager.java:137)<br />
#x9;at org.apache.maven.lifecycle.internal.MojoExecutor.execute(MojoExecutor.java:210)<br />
#x9;at org.apache.maven.lifecycle.internal.MojoExecutor.execute(MojoExecutor.java:156)<br />
#x9;at org.apache.maven.lifecycle.internal.MojoExecutor.execute(MojoExecutor.java:148)<br />
#x9;at org.apache.maven.lifecycle.internal.LifecycleModuleBuilder.buildProject(LifecycleModuleBuilder.java:117)<br />
#x9;at org.apache.maven.lifecycle.internal.LifecycleModuleBuilder.buildProject(LifecycleModuleBuilder.java:81)<br />
#x9;at org.apache.maven.lifecycle.internal.builder.singlethreaded.SingleThreadedBuilder.build(SingleThreadedBuilder.java:56)<br />
#x9;at org.apache.maven.lifecycle.internal.LifecycleStarter.execute(LifecycleStarter.java:128)<br />
#x9;at org.apache.maven.DefaultMaven.doExecute(DefaultMaven.java:305)<br />
#x9;at org.apache.maven.DefaultMaven.doExecute(DefaultMaven.java:192)<br />
#x9;at org.apache.maven.DefaultMaven.execute(DefaultMaven.java:105)<br />
#x9;at org.apache.maven.cli.MavenCli.execute(MavenCli.java:957)<br />
#x9;at org.apache.maven.cli.MavenCli.doMain(MavenCli.java:289)<br />
#x9;at org.apache.maven.cli.MavenCli.main(MavenCli.java:193)<br />
#x9;at java.base/jdk.internal.reflect.NativeMethodAccessorImpl.invoke0(Native Method)<br />
#x9;at java.base/jdk.internal.reflect.NativeMethodAccessorImpl.invoke(NativeMethodAccessorImpl.java:62)<br />
#x9;at java.base/jdk.internal.reflect.DelegatingMethodAccessorImpl.invoke(DelegatingMethodAccessorImpl.java:43)<br />
#x9;at java.base/java.lang.reflect.Method.invoke(Method.java:566)<br />
#x9;at org.codehaus.plexus.classworlds.launcher.Launcher.launchEnhanced(Launcher.java:282)<br />
#x9;at org.codehaus.plexus.classworlds.launcher.Launcher.launch(Launcher.java:225)<br />
#x9;at org.codehaus.plexus.classworlds.launcher.Launcher.mainWithExitCode(Launcher.java:406)<br />
#x9;at org.codehaus.plexus.classworlds.launcher.Launcher.main(Launcher.java:347)<br />
Caused by: line 7:34: Unexpected character 0xfffd in identifier<br />
#x9;at com.puppycrawl.tools.checkstyle.grammar.GeneratedJavaLexer.nextToken(GeneratedJavaLexer.java:416)<br />
#x9;at antlr.TokenStreamHiddenTokenFilter.consume(TokenStreamHiddenTokenFilter.java:38)<br />
#x9;at antlr.TokenStreamHiddenTokenFilter.nextToken(TokenStreamHiddenTokenFilter.java:134)<br />
#x9;at antlr.TokenStreamSelector.nextToken(TokenStreamSelector.java:65)<br />
#x9;at antlr.TokenBuffer.fill(TokenBuffer.java:69)<br />
#x9;at antlr.TokenBuffer.LA(TokenBuffer.java:80)<br />
#x9;at antlr.LLkParser.LA(LLkParser.java:52)<br />
#x9;at com.puppycrawl.tools.checkstyle.grammar.GeneratedJavaRecognizer.declaratorBrackets(GeneratedJavaRecognizer.java:3097)<br />
#x9;at com.puppycrawl.tools.checkstyle.grammar.GeneratedJavaRecognizer.field(GeneratedJavaRecognizer.java:3246)<br />
#x9;at com.puppycrawl.tools.checkstyle.grammar.GeneratedJavaRecognizer.classBlock(GeneratedJavaRecognizer.java:3586)<br />
#x9;at com.puppycrawl.tools.checkstyle.grammar.GeneratedJavaRecognizer.classDefinition(GeneratedJavaRecognizer.java:655)<br />
#x9;at com.puppycrawl.tools.checkstyle.grammar.GeneratedJavaRecognizer.typeDefinitionInternal(GeneratedJavaRecognizer.java:566)<br />
#x9;at com.puppycrawl.tools.checkstyle.grammar.GeneratedJavaRecognizer.typeDefinition(GeneratedJavaRecognizer.java:407)<br />
#x9;at com.puppycrawl.tools.checkstyle.grammar.GeneratedJavaRecognizer.compilationUnit(GeneratedJavaRecognizer.java:212)<br />
#x9;at com.puppycrawl.tools.checkstyle.JavaParser.parse(JavaParser.java:114)<br />
#x9;... 36 more<br />
</td>
								
									
									<td class="keepWidth"><a href = "xref/home/nick/development/contribution/checkstyle-tester/repositories/pmd/pmd-java/src/test/resources/ant/java/EncodingTestClass.java.html#L1">1</a></td>
								
								
									<td class="keepWidth"> </td>
									
								
							</tr>
						
							
								<tr class="a">
							
								<td class="keepWidth"><a name="A2" href = "#A2">#A2</a></td>
								<td>error</td>
								<td>Checker</td>
								<td>Got an exception - com.puppycrawl.tools.checkstyle.api.CheckstyleException: TokenStreamRecognitionException occurred while parsing file /home/nick/development/contribution/checkstyle-tester/repositories/pmd/pmd-java/src/test/resources/ant/java/EncodingTestClass.java.<br />
#x9;at com.puppycrawl.tools.checkstyle.JavaParser.parse(JavaParser.java:120)<br />
#x9;at com.puppycrawl.tools.checkstyle.TreeWalker.processFiltered(TreeWalker.java:152)<br />
#x9;at com.puppycrawl.tools.checkstyle.api.AbstractFileSetCheck.process(AbstractFileSetCheck.java:87)<br />
#x9;at com.puppycrawl.tools.checkstyle.Checker.processFile(Checker.java:328)<br />
#x9;at com.puppycrawl.tools.checkstyle.Checker.processFiles(Checker.java:289)<br />
#x9;at com.puppycrawl.tools.checkstyle.Checker.process(Checker.java:221)<br />
#x9;at org.apache.maven.plugins.checkstyle.exec.DefaultCheckstyleExecutor.executeCheckstyle(DefaultCheckstyleExecutor.java:202)<br />
#x9;at org.apache.maven.plugins.checkstyle.AbstractCheckstyleReport.executeReport(AbstractCheckstyleReport.java:533)<br />
#x9;at org.apache.maven.plugins.checkstyle.CheckstyleReport.executeReport(CheckstyleReport.java:57)<br />
#x9;at org.apache.maven.reporting.AbstractMavenReport.generate(AbstractMavenReport.java:255)<br />
#x9;at org.apache.maven.plugins.site.ReportDocumentRenderer.renderDocument(ReportDocumentRenderer.java:219)<br />
#x9;at org.apache.maven.doxia.siterenderer.DefaultSiteRenderer.renderModule(DefaultSiteRenderer.java:319)<br />
#x9;at org.apache.maven.doxia.siterenderer.DefaultSiteRenderer.render(DefaultSiteRenderer.java:135)<br />
#x9;at org.apache.maven.plugins.site.SiteMojo.renderLocale(SiteMojo.java:175)<br />
#x9;at org.apache.maven.plugins.site.SiteMojo.execute(SiteMojo.java:138)<br />
#x9;at org.apache.maven.plugin.DefaultBuildPluginManager.executeMojo(DefaultBuildPluginManager.java:137)<br />
#x9;at org.apache.maven.lifecycle.internal.MojoExecutor.execute(MojoExecutor.java:210)<br />
#x9;at org.apache.maven.lifecycle.internal.MojoExecutor.execute(MojoExecutor.java:156)<br />
#x9;at org.apache.maven.lifecycle.internal.MojoExecutor.execute(MojoExecutor.java:148)<br />
#x9;at org.apache.maven.lifecycle.internal.LifecycleModuleBuilder.buildProject(LifecycleModuleBuilder.java:117)<br />
#x9;at org.apache.maven.lifecycle.internal.LifecycleModuleBuilder.buildProject(LifecycleModuleBuilder.java:81)<br />
#x9;at org.apache.maven.lifecycle.internal.builder.singlethreaded.SingleThreadedBuilder.build(SingleThreadedBuilder.java:56)<br />
#x9;at org.apache.maven.lifecycle.internal.LifecycleStarter.execute(LifecycleStarter.java:128)<br />
#x9;at org.apache.maven.DefaultMaven.doExecute(DefaultMaven.java:305)<br />
#x9;at org.apache.maven.DefaultMaven.doExecute(DefaultMaven.java:192)<br />
#x9;at org.apache.maven.DefaultMaven.execute(DefaultMaven.java:105)<br />
#x9;at org.apache.maven.cli.MavenCli.execute(MavenCli.java:957)<br />
#x9;at org.apache.maven.cli.MavenCli.doMain(MavenCli.java:289)<br />
#x9;at org.apache.maven.cli.MavenCli.main(MavenCli.java:193)<br />
#x9;at java.base/jdk.internal.reflect.NativeMethodAccessorImpl.invoke0(Native Method)<br />
#x9;at java.base/jdk.internal.reflect.NativeMethodAccessorImpl.invoke(NativeMethodAccessorImpl.java:62)<br />
#x9;at java.base/jdk.internal.reflect.DelegatingMethodAccessorImpl.invoke(DelegatingMethodAccessorImpl.java:43)<br />
#x9;at java.base/java.lang.reflect.Method.invoke(Method.java:566)<br />
#x9;at org.codehaus.plexus.classworlds.launcher.Launcher.launchEnhanced(Launcher.java:282)<br />
#x9;at org.codehaus.plexus.classworlds.launcher.Launcher.launch(Launcher.java:225)<br />
#x9;at org.codehaus.plexus.classworlds.launcher.Launcher.mainWithExitCode(Launcher.java:406)<br />
#x9;at org.codehaus.plexus.classworlds.launcher.Launcher.main(Launcher.java:347)<br />
Caused by: line 7:34: Unexpected character 0xfffd in identifier<br />
#x9;at com.puppycrawl.tools.checkstyle.grammar.GeneratedJavaLexer.nextToken(GeneratedJavaLexer.java:416)<br />
#x9;at antlr.TokenStreamHiddenTokenFilter.consume(TokenStreamHiddenTokenFilter.java:38)<br />
#x9;at antlr.TokenStreamHiddenTokenFilter.nextToken(TokenStreamHiddenTokenFilter.java:134)<br />
#x9;at antlr.TokenStreamSelector.nextToken(TokenStreamSelector.java:65)<br />
#x9;at antlr.TokenBuffer.fill(TokenBuffer.java:69)<br />
#x9;at antlr.TokenBuffer.LA(TokenBuffer.java:80)<br />
#x9;at antlr.LLkParser.LA(LLkParser.java:52)<br />
#x9;at com.puppycrawl.tools.checkstyle.grammar.GeneratedJavaRecognizer.declaratorBrackets(GeneratedJavaRecognizer.java:3120)<br />
#x9;at com.puppycrawl.tools.checkstyle.grammar.GeneratedJavaRecognizer.field(GeneratedJavaRecognizer.java:3269)<br />
#x9;at com.puppycrawl.tools.checkstyle.grammar.GeneratedJavaRecognizer.classBlock(GeneratedJavaRecognizer.java:3609)<br />
#x9;at com.puppycrawl.tools.checkstyle.grammar.GeneratedJavaRecognizer.classDefinition(GeneratedJavaRecognizer.java:655)<br />
#x9;at com.puppycrawl.tools.checkstyle.grammar.GeneratedJavaRecognizer.typeDefinitionInternal(GeneratedJavaRecognizer.java:566)<br />
#x9;at com.puppycrawl.tools.checkstyle.grammar.GeneratedJavaRecognizer.typeDefinition(GeneratedJavaRecognizer.java:407)<br />
#x9;at com.puppycrawl.tools.checkstyle.grammar.GeneratedJavaRecognizer.compilationUnit(GeneratedJavaRecognizer.java:212)<br />
#x9;at com.puppycrawl.tools.checkstyle.JavaParser.parse(JavaParser.java:114)<br />
#x9;... 36 more<br />
</td>
								
									
									<td class="keepWidth"><a href = "xref/home/nick/development/contribution/checkstyle-tester/repositories/pmd/pmd-java/src/test/resources/ant/java/EncodingTestClass.java.html#L1">1</a></td>
								
								
									<td class="keepWidth"> </td>
									
								
							</tr>
						
					</table>
				</div>
				<div class="section">
					<h3>/home/nick/development/contribution/checkstyle-tester/repositories/pmd/pmd-java/src/test/resources/net/sourceforge/pmd/cpd/badandgood/BadFile.java</h3>
					<tr class="b">
					<table border="0" class="bodyTable">
					        <th></th>
							<th>Severity</th>
							<th>Rule</th>
							<th>Message</th>
							<th>Line</th>
							<th>Col</th>
						</tr>
						
							
								<tr class="b">
								
								<td class="keepWidth"><a name="A3" href = "#A3">#A3</a></td>
								<td>error</td>
								<td>Checker</td>
								<td>Got an exception - com.puppycrawl.tools.checkstyle.api.CheckstyleException: TokenStreamRecognitionException occurred while parsing file /home/nick/development/contribution/checkstyle-tester/repositories/pmd/pmd-java/src/test/resources/net/sourceforge/pmd/cpd/badandgood/BadFile.java.<br />
#x9;at com.puppycrawl.tools.checkstyle.JavaParser.parse(JavaParser.java:120)<br />
#x9;at com.puppycrawl.tools.checkstyle.TreeWalker.processFiltered(TreeWalker.java:152)<br />
#x9;at com.puppycrawl.tools.checkstyle.api.AbstractFileSetCheck.process(AbstractFileSetCheck.java:87)<br />
#x9;at com.puppycrawl.tools.checkstyle.Checker.processFile(Checker.java:328)<br />
#x9;at com.puppycrawl.tools.checkstyle.Checker.processFiles(Checker.java:289)<br />
#x9;at com.puppycrawl.tools.checkstyle.Checker.process(Checker.java:221)<br />
#x9;at org.apache.maven.plugins.checkstyle.exec.DefaultCheckstyleExecutor.executeCheckstyle(DefaultCheckstyleExecutor.java:202)<br />
#x9;at org.apache.maven.plugins.checkstyle.AbstractCheckstyleReport.executeReport(AbstractCheckstyleReport.java:533)<br />
#x9;at org.apache.maven.plugins.checkstyle.CheckstyleReport.executeReport(CheckstyleReport.java:57)<br />
#x9;at org.apache.maven.reporting.AbstractMavenReport.generate(AbstractMavenReport.java:255)<br />
#x9;at org.apache.maven.plugins.site.ReportDocumentRenderer.renderDocument(ReportDocumentRenderer.java:219)<br />
#x9;at org.apache.maven.doxia.siterenderer.DefaultSiteRenderer.renderModule(DefaultSiteRenderer.java:319)<br />
#x9;at org.apache.maven.doxia.siterenderer.DefaultSiteRenderer.render(DefaultSiteRenderer.java:135)<br />
#x9;at org.apache.maven.plugins.site.SiteMojo.renderLocale(SiteMojo.java:175)<br />
#x9;at org.apache.maven.plugins.site.SiteMojo.execute(SiteMojo.java:138)<br />
#x9;at org.apache.maven.plugin.DefaultBuildPluginManager.executeMojo(DefaultBuildPluginManager.java:137)<br />
#x9;at org.apache.maven.lifecycle.internal.MojoExecutor.execute(MojoExecutor.java:210)<br />
#x9;at org.apache.maven.lifecycle.internal.MojoExecutor.execute(MojoExecutor.java:156)<br />
#x9;at org.apache.maven.lifecycle.internal.MojoExecutor.execute(MojoExecutor.java:148)<br />
#x9;at org.apache.maven.lifecycle.internal.LifecycleModuleBuilder.buildProject(LifecycleModuleBuilder.java:117)<br />
#x9;at org.apache.maven.lifecycle.internal.LifecycleModuleBuilder.buildProject(LifecycleModuleBuilder.java:81)<br />
#x9;at org.apache.maven.lifecycle.internal.builder.singlethreaded.SingleThreadedBuilder.build(SingleThreadedBuilder.java:56)<br />
#x9;at org.apache.maven.lifecycle.internal.LifecycleStarter.execute(LifecycleStarter.java:128)<br />
#x9;at org.apache.maven.DefaultMaven.doExecute(DefaultMaven.java:305)<br />
#x9;at org.apache.maven.DefaultMaven.doExecute(DefaultMaven.java:192)<br />
#x9;at org.apache.maven.DefaultMaven.execute(DefaultMaven.java:105)<br />
#x9;at org.apache.maven.cli.MavenCli.execute(MavenCli.java:957)<br />
#x9;at org.apache.maven.cli.MavenCli.doMain(MavenCli.java:289)<br />
#x9;at org.apache.maven.cli.MavenCli.main(MavenCli.java:193)<br />
#x9;at java.base/jdk.internal.reflect.NativeMethodAccessorImpl.invoke0(Native Method)<br />
#x9;at java.base/jdk.internal.reflect.NativeMethodAccessorImpl.invoke(NativeMethodAccessorImpl.java:62)<br />
#x9;at java.base/jdk.internal.reflect.DelegatingMethodAccessorImpl.invoke(DelegatingMethodAccessorImpl.java:43)<br />
#x9;at java.base/java.lang.reflect.Method.invoke(Method.java:566)<br />
#x9;at org.codehaus.plexus.classworlds.launcher.Launcher.launchEnhanced(Launcher.java:282)<br />
#x9;at org.codehaus.plexus.classworlds.launcher.Launcher.launch(Launcher.java:225)<br />
#x9;at org.codehaus.plexus.classworlds.launcher.Launcher.mainWithExitCode(Launcher.java:406)<br />
#x9;at org.codehaus.plexus.classworlds.launcher.Launcher.main(Launcher.java:347)<br />
Caused by: line 4:14: Unexpected character 0xfffd in identifier<br />
#x9;at com.puppycrawl.tools.checkstyle.grammar.GeneratedJavaLexer.nextToken(GeneratedJavaLexer.java:416)<br />
#x9;at antlr.TokenStreamHiddenTokenFilter.consume(TokenStreamHiddenTokenFilter.java:38)<br />
#x9;at antlr.TokenStreamHiddenTokenFilter.nextToken(TokenStreamHiddenTokenFilter.java:134)<br />
#x9;at antlr.TokenStreamSelector.nextToken(TokenStreamSelector.java:65)<br />
#x9;at antlr.TokenBuffer.fill(TokenBuffer.java:69)<br />
#x9;at antlr.TokenBuffer.LA(TokenBuffer.java:80)<br />
#x9;at antlr.LLkParser.LA(LLkParser.java:52)<br />
#x9;at com.puppycrawl.tools.checkstyle.grammar.GeneratedJavaRecognizer.declaratorBrackets(GeneratedJavaRecognizer.java:3097)<br />
#x9;at com.puppycrawl.tools.checkstyle.grammar.GeneratedJavaRecognizer.field(GeneratedJavaRecognizer.java:3246)<br />
#x9;at com.puppycrawl.tools.checkstyle.grammar.GeneratedJavaRecognizer.classBlock(GeneratedJavaRecognizer.java:3586)<br />
#x9;at com.puppycrawl.tools.checkstyle.grammar.GeneratedJavaRecognizer.classDefinition(GeneratedJavaRecognizer.java:655)<br />
#x9;at com.puppycrawl.tools.checkstyle.grammar.GeneratedJavaRecognizer.typeDefinitionInternal(GeneratedJavaRecognizer.java:566)<br />
#x9;at com.puppycrawl.tools.checkstyle.grammar.GeneratedJavaRecognizer.typeDefinition(GeneratedJavaRecognizer.java:407)<br />
#x9;at com.puppycrawl.tools.checkstyle.grammar.GeneratedJavaRecognizer.compilationUnit(GeneratedJavaRecognizer.java:212)<br />
#x9;at com.puppycrawl.tools.checkstyle.JavaParser.parse(JavaParser.java:114)<br />
#x9;... 36 more<br />
</td>
								
									
									<td class="keepWidth"><a href = "xref/home/nick/development/contribution/checkstyle-tester/repositories/pmd/pmd-java/src/test/resources/net/sourceforge/pmd/cpd/badandgood/BadFile.java.html#L1">1</a></td>
								
								
									<td class="keepWidth"> </td>
									
								
							</tr>
						
							
								<tr class="a">
							
								<td class="keepWidth"><a name="A4" href = "#A4">#A4</a></td>
								<td>error</td>
								<td>Checker</td>
								<td>Got an exception - com.puppycrawl.tools.checkstyle.api.CheckstyleException: TokenStreamRecognitionException occurred while parsing file /home/nick/development/contribution/checkstyle-tester/repositories/pmd/pmd-java/src/test/resources/net/sourceforge/pmd/cpd/badandgood/BadFile.java.<br />
#x9;at com.puppycrawl.tools.checkstyle.JavaParser.parse(JavaParser.java:120)<br />
#x9;at com.puppycrawl.tools.checkstyle.TreeWalker.processFiltered(TreeWalker.java:152)<br />
#x9;at com.puppycrawl.tools.checkstyle.api.AbstractFileSetCheck.process(AbstractFileSetCheck.java:87)<br />
#x9;at com.puppycrawl.tools.checkstyle.Checker.processFile(Checker.java:328)<br />
#x9;at com.puppycrawl.tools.checkstyle.Checker.processFiles(Checker.java:289)<br />
#x9;at com.puppycrawl.tools.checkstyle.Checker.process(Checker.java:221)<br />
#x9;at org.apache.maven.plugins.checkstyle.exec.DefaultCheckstyleExecutor.executeCheckstyle(DefaultCheckstyleExecutor.java:202)<br />
#x9;at org.apache.maven.plugins.checkstyle.AbstractCheckstyleReport.executeReport(AbstractCheckstyleReport.java:533)<br />
#x9;at org.apache.maven.plugins.checkstyle.CheckstyleReport.executeReport(CheckstyleReport.java:57)<br />
#x9;at org.apache.maven.reporting.AbstractMavenReport.generate(AbstractMavenReport.java:255)<br />
#x9;at org.apache.maven.plugins.site.ReportDocumentRenderer.renderDocument(ReportDocumentRenderer.java:219)<br />
#x9;at org.apache.maven.doxia.siterenderer.DefaultSiteRenderer.renderModule(DefaultSiteRenderer.java:319)<br />
#x9;at org.apache.maven.doxia.siterenderer.DefaultSiteRenderer.render(DefaultSiteRenderer.java:135)<br />
#x9;at org.apache.maven.plugins.site.SiteMojo.renderLocale(SiteMojo.java:175)<br />
#x9;at org.apache.maven.plugins.site.SiteMojo.execute(SiteMojo.java:138)<br />
#x9;at org.apache.maven.plugin.DefaultBuildPluginManager.executeMojo(DefaultBuildPluginManager.java:137)<br />
#x9;at org.apache.maven.lifecycle.internal.MojoExecutor.execute(MojoExecutor.java:210)<br />
#x9;at org.apache.maven.lifecycle.internal.MojoExecutor.execute(MojoExecutor.java:156)<br />
#x9;at org.apache.maven.lifecycle.internal.MojoExecutor.execute(MojoExecutor.java:148)<br />
#x9;at org.apache.maven.lifecycle.internal.LifecycleModuleBuilder.buildProject(LifecycleModuleBuilder.java:117)<br />
#x9;at org.apache.maven.lifecycle.internal.LifecycleModuleBuilder.buildProject(LifecycleModuleBuilder.java:81)<br />
#x9;at org.apache.maven.lifecycle.internal.builder.singlethreaded.SingleThreadedBuilder.build(SingleThreadedBuilder.java:56)<br />
#x9;at org.apache.maven.lifecycle.internal.LifecycleStarter.execute(LifecycleStarter.java:128)<br />
#x9;at org.apache.maven.DefaultMaven.doExecute(DefaultMaven.java:305)<br />
#x9;at org.apache.maven.DefaultMaven.doExecute(DefaultMaven.java:192)<br />
#x9;at org.apache.maven.DefaultMaven.execute(DefaultMaven.java:105)<br />
#x9;at org.apache.maven.cli.MavenCli.execute(MavenCli.java:957)<br />
#x9;at org.apache.maven.cli.MavenCli.doMain(MavenCli.java:289)<br />
#x9;at org.apache.maven.cli.MavenCli.main(MavenCli.java:193)<br />
#x9;at java.base/jdk.internal.reflect.NativeMethodAccessorImpl.invoke0(Native Method)<br />
#x9;at java.base/jdk.internal.reflect.NativeMethodAccessorImpl.invoke(NativeMethodAccessorImpl.java:62)<br />
#x9;at java.base/jdk.internal.reflect.DelegatingMethodAccessorImpl.invoke(DelegatingMethodAccessorImpl.java:43)<br />
#x9;at java.base/java.lang.reflect.Method.invoke(Method.java:566)<br />
#x9;at org.codehaus.plexus.classworlds.launcher.Launcher.launchEnhanced(Launcher.java:282)<br />
#x9;at org.codehaus.plexus.classworlds.launcher.Launcher.launch(Launcher.java:225)<br />
#x9;at org.codehaus.plexus.classworlds.launcher.Launcher.mainWithExitCode(Launcher.java:406)<br />
#x9;at org.codehaus.plexus.classworlds.launcher.Launcher.main(Launcher.java:347)<br />
Caused by: line 4:14: Unexpected character 0xfffd in identifier<br />
#x9;at com.puppycrawl.tools.checkstyle.grammar.GeneratedJavaLexer.nextToken(GeneratedJavaLexer.java:416)<br />
#x9;at antlr.TokenStreamHiddenTokenFilter.consume(TokenStreamHiddenTokenFilter.java:38)<br />
#x9;at antlr.TokenStreamHiddenTokenFilter.nextToken(TokenStreamHiddenTokenFilter.java:134)<br />
#x9;at antlr.TokenStreamSelector.nextToken(TokenStreamSelector.java:65)<br />
#x9;at antlr.TokenBuffer.fill(TokenBuffer.java:69)<br />
#x9;at antlr.TokenBuffer.LA(TokenBuffer.java:80)<br />
#x9;at antlr.LLkParser.LA(LLkParser.java:52)<br />
#x9;at com.puppycrawl.tools.checkstyle.grammar.GeneratedJavaRecognizer.declaratorBrackets(GeneratedJavaRecognizer.java:3120)<br />
#x9;at com.puppycrawl.tools.checkstyle.grammar.GeneratedJavaRecognizer.field(GeneratedJavaRecognizer.java:3269)<br />
#x9;at com.puppycrawl.tools.checkstyle.grammar.GeneratedJavaRecognizer.classBlock(GeneratedJavaRecognizer.java:3609)<br />
#x9;at com.puppycrawl.tools.checkstyle.grammar.GeneratedJavaRecognizer.classDefinition(GeneratedJavaRecognizer.java:655)<br />
#x9;at com.puppycrawl.tools.checkstyle.grammar.GeneratedJavaRecognizer.typeDefinitionInternal(GeneratedJavaRecognizer.java:566)<br />
#x9;at com.puppycrawl.tools.checkstyle.grammar.GeneratedJavaRecognizer.typeDefinition(GeneratedJavaRecognizer.java:407)<br />
#x9;at com.puppycrawl.tools.checkstyle.grammar.GeneratedJavaRecognizer.compilationUnit(GeneratedJavaRecognizer.java:212)<br />
#x9;at com.puppycrawl.tools.checkstyle.JavaParser.parse(JavaParser.java:114)<br />
#x9;... 36 more<br />
</td>
								
									
									<td class="keepWidth"><a href = "xref/home/nick/development/contribution/checkstyle-tester/repositories/pmd/pmd-java/src/test/resources/net/sourceforge/pmd/cpd/badandgood/BadFile.java.html#L1">1</a></td>
								
								
									<td class="keepWidth"> </td>
									
								
							</tr>
						
					</table>
				</div>
				<div class="section">
					<h3>/home/nick/development/contribution/checkstyle-tester/repositories/pmd/pmd-java/src/test/resources/net/sourceforge/pmd/lang/java/ast/jdkversiontests/assert_test5.java</h3>
					<tr class="b">
					<table border="0" class="bodyTable">
					        <th></th>
							<th>Severity</th>
							<th>Rule</th>
							<th>Message</th>
							<th>Line</th>
							<th>Col</th>
						</tr>
						
							
								<tr class="b">
								
								<td class="keepWidth"><a name="A5" href = "#A5">#A5</a></td>
								<td>error</td>
								<td>Checker</td>
								<td>Got an exception - com.puppycrawl.tools.checkstyle.api.CheckstyleException: IllegalStateException occurred while parsing file /home/nick/development/contribution/checkstyle-tester/repositories/pmd/pmd-java/src/test/resources/net/sourceforge/pmd/lang/java/ast/jdkversiontests/assert_test5.java.<br />
#x9;at com.puppycrawl.tools.checkstyle.JavaParser.parse(JavaParser.java:120)<br />
#x9;at com.puppycrawl.tools.checkstyle.TreeWalker.processFiltered(TreeWalker.java:152)<br />
#x9;at com.puppycrawl.tools.checkstyle.api.AbstractFileSetCheck.process(AbstractFileSetCheck.java:87)<br />
#x9;at com.puppycrawl.tools.checkstyle.Checker.processFile(Checker.java:328)<br />
#x9;at com.puppycrawl.tools.checkstyle.Checker.processFiles(Checker.java:289)<br />
#x9;at com.puppycrawl.tools.checkstyle.Checker.process(Checker.java:221)<br />
#x9;at org.apache.maven.plugins.checkstyle.exec.DefaultCheckstyleExecutor.executeCheckstyle(DefaultCheckstyleExecutor.java:202)<br />
#x9;at org.apache.maven.plugins.checkstyle.AbstractCheckstyleReport.executeReport(AbstractCheckstyleReport.java:533)<br />
#x9;at org.apache.maven.plugins.checkstyle.CheckstyleReport.executeReport(CheckstyleReport.java:57)<br />
#x9;at org.apache.maven.reporting.AbstractMavenReport.generate(AbstractMavenReport.java:255)<br />
#x9;at org.apache.maven.plugins.site.ReportDocumentRenderer.renderDocument(ReportDocumentRenderer.java:219)<br />
#x9;at org.apache.maven.doxia.siterenderer.DefaultSiteRenderer.renderModule(DefaultSiteRenderer.java:319)<br />
#x9;at org.apache.maven.doxia.siterenderer.DefaultSiteRenderer.render(DefaultSiteRenderer.java:135)<br />
#x9;at org.apache.maven.plugins.site.SiteMojo.renderLocale(SiteMojo.java:175)<br />
#x9;at org.apache.maven.plugins.site.SiteMojo.execute(SiteMojo.java:138)<br />
#x9;at org.apache.maven.plugin.DefaultBuildPluginManager.executeMojo(DefaultBuildPluginManager.java:137)<br />
#x9;at org.apache.maven.lifecycle.internal.MojoExecutor.execute(MojoExecutor.java:210)<br />
#x9;at org.apache.maven.lifecycle.internal.MojoExecutor.execute(MojoExecutor.java:156)<br />
#x9;at org.apache.maven.lifecycle.internal.MojoExecutor.execute(MojoExecutor.java:148)<br />
#x9;at org.apache.maven.lifecycle.internal.LifecycleModuleBuilder.buildProject(LifecycleModuleBuilder.java:117)<br />
#x9;at org.apache.maven.lifecycle.internal.LifecycleModuleBuilder.buildProject(LifecycleModuleBuilder.java:81)<br />
#x9;at org.apache.maven.lifecycle.internal.builder.singlethreaded.SingleThreadedBuilder.build(SingleThreadedBuilder.java:56)<br />
#x9;at org.apache.maven.lifecycle.internal.LifecycleStarter.execute(LifecycleStarter.java:128)<br />
#x9;at org.apache.maven.DefaultMaven.doExecute(DefaultMaven.java:305)<br />
#x9;at org.apache.maven.DefaultMaven.doExecute(DefaultMaven.java:192)<br />
#x9;at org.apache.maven.DefaultMaven.execute(DefaultMaven.java:105)<br />
#x9;at org.apache.maven.cli.MavenCli.execute(MavenCli.java:957)<br />
#x9;at org.apache.maven.cli.MavenCli.doMain(MavenCli.java:289)<br />
#x9;at org.apache.maven.cli.MavenCli.main(MavenCli.java:193)<br />
#x9;at java.base/jdk.internal.reflect.NativeMethodAccessorImpl.invoke0(Native Method)<br />
#x9;at java.base/jdk.internal.reflect.NativeMethodAccessorImpl.invoke(NativeMethodAccessorImpl.java:62)<br />
#x9;at java.base/jdk.internal.reflect.DelegatingMethodAccessorImpl.invoke(DelegatingMethodAccessorImpl.java:43)<br />
#x9;at java.base/java.lang.reflect.Method.invoke(Method.java:566)<br />
#x9;at org.codehaus.plexus.classworlds.launcher.Launcher.launchEnhanced(Launcher.java:282)<br />
#x9;at org.codehaus.plexus.classworlds.launcher.Launcher.launch(Launcher.java:225)<br />
#x9;at org.codehaus.plexus.classworlds.launcher.Launcher.mainWithExitCode(Launcher.java:406)<br />
#x9;at org.codehaus.plexus.classworlds.launcher.Launcher.main(Launcher.java:347)<br />
Caused by: java.lang.IllegalStateException: /home/nick/development/contribution/checkstyle-tester/repositories/pmd/pmd-java/src/test/resources/net/sourceforge/pmd/lang/java/ast/jdkversiontests/assert_test5.java:2:3: unexpected token: int<br />
#x9;at com.puppycrawl.tools.checkstyle.JavaParser$1.reportError(JavaParser.java:108)<br />
#x9;at com.puppycrawl.tools.checkstyle.grammar.GeneratedJavaRecognizer.typeDefinition(GeneratedJavaRecognizer.java:429)<br />
#x9;at com.puppycrawl.tools.checkstyle.grammar.GeneratedJavaRecognizer.compilationUnit(GeneratedJavaRecognizer.java:212)<br />
#x9;at com.puppycrawl.tools.checkstyle.JavaParser.parse(JavaParser.java:114)<br />
#x9;... 36 more<br />
Caused by: /home/nick/development/contribution/checkstyle-tester/repositories/pmd/pmd-java/src/test/resources/net/sourceforge/pmd/lang/java/ast/jdkversiontests/assert_test5.java:2:3: unexpected token: int<br />
#x9;at com.puppycrawl.tools.checkstyle.grammar.GeneratedJavaRecognizer.field(GeneratedJavaRecognizer.java:3373)<br />
#x9;at com.puppycrawl.tools.checkstyle.grammar.GeneratedJavaRecognizer.classBlock(GeneratedJavaRecognizer.java:3586)<br />
#x9;at com.puppycrawl.tools.checkstyle.grammar.GeneratedJavaRecognizer.classDefinition(GeneratedJavaRecognizer.java:655)<br />
#x9;at com.puppycrawl.tools.checkstyle.grammar.GeneratedJavaRecognizer.typeDefinitionInternal(GeneratedJavaRecognizer.java:566)<br />
#x9;at com.puppycrawl.tools.checkstyle.grammar.GeneratedJavaRecognizer.typeDefinition(GeneratedJavaRecognizer.java:407)<br />
#x9;... 38 more<br />
</td>
								
									
									<td class="keepWidth"><a href = "xref/home/nick/development/contribution/checkstyle-tester/repositories/pmd/pmd-java/src/test/resources/net/sourceforge/pmd/lang/java/ast/jdkversiontests/assert_test5.java.html#L1">1</a></td>
								
								
									<td class="keepWidth"> </td>
									
								
							</tr>
						
							
								<tr class="a">
							
								<td class="keepWidth"><a name="A6" href = "#A6">#A6</a></td>
								<td>error</td>
								<td>Checker</td>
								<td>Got an exception - com.puppycrawl.tools.checkstyle.api.CheckstyleException: IllegalStateException occurred while parsing file /home/nick/development/contribution/checkstyle-tester/repositories/pmd/pmd-java/src/test/resources/net/sourceforge/pmd/lang/java/ast/jdkversiontests/assert_test5.java.<br />
#x9;at com.puppycrawl.tools.checkstyle.JavaParser.parse(JavaParser.java:120)<br />
#x9;at com.puppycrawl.tools.checkstyle.TreeWalker.processFiltered(TreeWalker.java:152)<br />
#x9;at com.puppycrawl.tools.checkstyle.api.AbstractFileSetCheck.process(AbstractFileSetCheck.java:87)<br />
#x9;at com.puppycrawl.tools.checkstyle.Checker.processFile(Checker.java:328)<br />
#x9;at com.puppycrawl.tools.checkstyle.Checker.processFiles(Checker.java:289)<br />
#x9;at com.puppycrawl.tools.checkstyle.Checker.process(Checker.java:221)<br />
#x9;at org.apache.maven.plugins.checkstyle.exec.DefaultCheckstyleExecutor.executeCheckstyle(DefaultCheckstyleExecutor.java:202)<br />
#x9;at org.apache.maven.plugins.checkstyle.AbstractCheckstyleReport.executeReport(AbstractCheckstyleReport.java:533)<br />
#x9;at org.apache.maven.plugins.checkstyle.CheckstyleReport.executeReport(CheckstyleReport.java:57)<br />
#x9;at org.apache.maven.reporting.AbstractMavenReport.generate(AbstractMavenReport.java:255)<br />
#x9;at org.apache.maven.plugins.site.ReportDocumentRenderer.renderDocument(ReportDocumentRenderer.java:219)<br />
#x9;at org.apache.maven.doxia.siterenderer.DefaultSiteRenderer.renderModule(DefaultSiteRenderer.java:319)<br />
#x9;at org.apache.maven.doxia.siterenderer.DefaultSiteRenderer.render(DefaultSiteRenderer.java:135)<br />
#x9;at org.apache.maven.plugins.site.SiteMojo.renderLocale(SiteMojo.java:175)<br />
#x9;at org.apache.maven.plugins.site.SiteMojo.execute(SiteMojo.java:138)<br />
#x9;at org.apache.maven.plugin.DefaultBuildPluginManager.executeMojo(DefaultBuildPluginManager.java:137)<br />
#x9;at org.apache.maven.lifecycle.internal.MojoExecutor.execute(MojoExecutor.java:210)<br />
#x9;at org.apache.maven.lifecycle.internal.MojoExecutor.execute(MojoExecutor.java:156)<br />
#x9;at org.apache.maven.lifecycle.internal.MojoExecutor.execute(MojoExecutor.java:148)<br />
#x9;at org.apache.maven.lifecycle.internal.LifecycleModuleBuilder.buildProject(LifecycleModuleBuilder.java:117)<br />
#x9;at org.apache.maven.lifecycle.internal.LifecycleModuleBuilder.buildProject(LifecycleModuleBuilder.java:81)<br />
#x9;at org.apache.maven.lifecycle.internal.builder.singlethreaded.SingleThreadedBuilder.build(SingleThreadedBuilder.java:56)<br />
#x9;at org.apache.maven.lifecycle.internal.LifecycleStarter.execute(LifecycleStarter.java:128)<br />
#x9;at org.apache.maven.DefaultMaven.doExecute(DefaultMaven.java:305)<br />
#x9;at org.apache.maven.DefaultMaven.doExecute(DefaultMaven.java:192)<br />
#x9;at org.apache.maven.DefaultMaven.execute(DefaultMaven.java:105)<br />
#x9;at org.apache.maven.cli.MavenCli.execute(MavenCli.java:957)<br />
#x9;at org.apache.maven.cli.MavenCli.doMain(MavenCli.java:289)<br />
#x9;at org.apache.maven.cli.MavenCli.main(MavenCli.java:193)<br />
#x9;at java.base/jdk.internal.reflect.NativeMethodAccessorImpl.invoke0(Native Method)<br />
#x9;at java.base/jdk.internal.reflect.NativeMethodAccessorImpl.invoke(NativeMethodAccessorImpl.java:62)<br />
#x9;at java.base/jdk.internal.reflect.DelegatingMethodAccessorImpl.invoke(DelegatingMethodAccessorImpl.java:43)<br />
#x9;at java.base/java.lang.reflect.Method.invoke(Method.java:566)<br />
#x9;at org.codehaus.plexus.classworlds.launcher.Launcher.launchEnhanced(Launcher.java:282)<br />
#x9;at org.codehaus.plexus.classworlds.launcher.Launcher.launch(Launcher.java:225)<br />
#x9;at org.codehaus.plexus.classworlds.launcher.Launcher.mainWithExitCode(Launcher.java:406)<br />
#x9;at org.codehaus.plexus.classworlds.launcher.Launcher.main(Launcher.java:347)<br />
Caused by: java.lang.IllegalStateException: /home/nick/development/contribution/checkstyle-tester/repositories/pmd/pmd-java/src/test/resources/net/sourceforge/pmd/lang/java/ast/jdkversiontests/assert_test5.java:2:3: unexpected token: int<br />
#x9;at com.puppycrawl.tools.checkstyle.JavaParser$1.reportError(JavaParser.java:108)<br />
#x9;at com.puppycrawl.tools.checkstyle.grammar.GeneratedJavaRecognizer.typeDefinition(GeneratedJavaRecognizer.java:429)<br />
#x9;at com.puppycrawl.tools.checkstyle.grammar.GeneratedJavaRecognizer.compilationUnit(GeneratedJavaRecognizer.java:212)<br />
#x9;at com.puppycrawl.tools.checkstyle.JavaParser.parse(JavaParser.java:114)<br />
#x9;... 36 more<br />
Caused by: /home/nick/development/contribution/checkstyle-tester/repositories/pmd/pmd-java/src/test/resources/net/sourceforge/pmd/lang/java/ast/jdkversiontests/assert_test5.java:2:3: unexpected token: int<br />
#x9;at com.puppycrawl.tools.checkstyle.grammar.GeneratedJavaRecognizer.field(GeneratedJavaRecognizer.java:3396)<br />
#x9;at com.puppycrawl.tools.checkstyle.grammar.GeneratedJavaRecognizer.classBlock(GeneratedJavaRecognizer.java:3609)<br />
#x9;at com.puppycrawl.tools.checkstyle.grammar.GeneratedJavaRecognizer.classDefinition(GeneratedJavaRecognizer.java:655)<br />
#x9;at com.puppycrawl.tools.checkstyle.grammar.GeneratedJavaRecognizer.typeDefinitionInternal(GeneratedJavaRecognizer.java:566)<br />
#x9;at com.puppycrawl.tools.checkstyle.grammar.GeneratedJavaRecognizer.typeDefinition(GeneratedJavaRecognizer.java:407)<br />
#x9;... 38 more<br />
</td>
								
									
									<td class="keepWidth"><a href = "xref/home/nick/development/contribution/checkstyle-tester/repositories/pmd/pmd-java/src/test/resources/net/sourceforge/pmd/lang/java/ast/jdkversiontests/assert_test5.java.html#L1">1</a></td>
								
								
									<td class="keepWidth"> </td>
									
								
							</tr>
						
					</table>
				</div>
				<div class="section">
					<h3>/home/nick/development/contribution/checkstyle-tester/repositories/pmd/pmd-java/src/test/resources/net/sourceforge/pmd/lang/java/ast/jdkversiontests/assert_test5_a.java</h3>
					<tr class="b">
					<table border="0" class="bodyTable">
					        <th></th>
							<th>Severity</th>
							<th>Rule</th>
							<th>Message</th>
							<th>Line</th>
							<th>Col</th>
						</tr>
						
							
								<tr class="b">
								
								<td class="keepWidth"><a name="A7" href = "#A7">#A7</a></td>
								<td>error</td>
								<td>Checker</td>
								<td>Got an exception - com.puppycrawl.tools.checkstyle.api.CheckstyleException: IllegalStateException occurred while parsing file /home/nick/development/contribution/checkstyle-tester/repositories/pmd/pmd-java/src/test/resources/net/sourceforge/pmd/lang/java/ast/jdkversiontests/assert_test5_a.java.<br />
#x9;at com.puppycrawl.tools.checkstyle.JavaParser.parse(JavaParser.java:120)<br />
#x9;at com.puppycrawl.tools.checkstyle.TreeWalker.processFiltered(TreeWalker.java:152)<br />
#x9;at com.puppycrawl.tools.checkstyle.api.AbstractFileSetCheck.process(AbstractFileSetCheck.java:87)<br />
#x9;at com.puppycrawl.tools.checkstyle.Checker.processFile(Checker.java:328)<br />
#x9;at com.puppycrawl.tools.checkstyle.Checker.processFiles(Checker.java:289)<br />
#x9;at com.puppycrawl.tools.checkstyle.Checker.process(Checker.java:221)<br />
#x9;at org.apache.maven.plugins.checkstyle.exec.DefaultCheckstyleExecutor.executeCheckstyle(DefaultCheckstyleExecutor.java:202)<br />
#x9;at org.apache.maven.plugins.checkstyle.AbstractCheckstyleReport.executeReport(AbstractCheckstyleReport.java:533)<br />
#x9;at org.apache.maven.plugins.checkstyle.CheckstyleReport.executeReport(CheckstyleReport.java:57)<br />
#x9;at org.apache.maven.reporting.AbstractMavenReport.generate(AbstractMavenReport.java:255)<br />
#x9;at org.apache.maven.plugins.site.ReportDocumentRenderer.renderDocument(ReportDocumentRenderer.java:219)<br />
#x9;at org.apache.maven.doxia.siterenderer.DefaultSiteRenderer.renderModule(DefaultSiteRenderer.java:319)<br />
#x9;at org.apache.maven.doxia.siterenderer.DefaultSiteRenderer.render(DefaultSiteRenderer.java:135)<br />
#x9;at org.apache.maven.plugins.site.SiteMojo.renderLocale(SiteMojo.java:175)<br />
#x9;at org.apache.maven.plugins.site.SiteMojo.execute(SiteMojo.java:138)<br />
#x9;at org.apache.maven.plugin.DefaultBuildPluginManager.executeMojo(DefaultBuildPluginManager.java:137)<br />
#x9;at org.apache.maven.lifecycle.internal.MojoExecutor.execute(MojoExecutor.java:210)<br />
#x9;at org.apache.maven.lifecycle.internal.MojoExecutor.execute(MojoExecutor.java:156)<br />
#x9;at org.apache.maven.lifecycle.internal.MojoExecutor.execute(MojoExecutor.java:148)<br />
#x9;at org.apache.maven.lifecycle.internal.LifecycleModuleBuilder.buildProject(LifecycleModuleBuilder.java:117)<br />
#x9;at org.apache.maven.lifecycle.internal.LifecycleModuleBuilder.buildProject(LifecycleModuleBuilder.java:81)<br />
#x9;at org.apache.maven.lifecycle.internal.builder.singlethreaded.SingleThreadedBuilder.build(SingleThreadedBuilder.java:56)<br />
#x9;at org.apache.maven.lifecycle.internal.LifecycleStarter.execute(LifecycleStarter.java:128)<br />
#x9;at org.apache.maven.DefaultMaven.doExecute(DefaultMaven.java:305)<br />
#x9;at org.apache.maven.DefaultMaven.doExecute(DefaultMaven.java:192)<br />
#x9;at org.apache.maven.DefaultMaven.execute(DefaultMaven.java:105)<br />
#x9;at org.apache.maven.cli.MavenCli.execute(MavenCli.java:957)<br />
#x9;at org.apache.maven.cli.MavenCli.doMain(MavenCli.java:289)<br />
#x9;at org.apache.maven.cli.MavenCli.main(MavenCli.java:193)<br />
#x9;at java.base/jdk.internal.reflect.NativeMethodAccessorImpl.invoke0(Native Method)<br />
#x9;at java.base/jdk.internal.reflect.NativeMethodAccessorImpl.invoke(NativeMethodAccessorImpl.java:62)<br />
#x9;at java.base/jdk.internal.reflect.DelegatingMethodAccessorImpl.invoke(DelegatingMethodAccessorImpl.java:43)<br />
#x9;at java.base/java.lang.reflect.Method.invoke(Method.java:566)<br />
#x9;at org.codehaus.plexus.classworlds.launcher.Launcher.launchEnhanced(Launcher.java:282)<br />
#x9;at org.codehaus.plexus.classworlds.launcher.Launcher.launch(Launcher.java:225)<br />
#x9;at org.codehaus.plexus.classworlds.launcher.Launcher.mainWithExitCode(Launcher.java:406)<br />
#x9;at org.codehaus.plexus.classworlds.launcher.Launcher.main(Launcher.java:347)<br />
Caused by: java.lang.IllegalStateException: /home/nick/development/contribution/checkstyle-tester/repositories/pmd/pmd-java/src/test/resources/net/sourceforge/pmd/lang/java/ast/jdkversiontests/assert_test5_a.java:2:23: unexpected token: )<br />
#x9;at com.puppycrawl.tools.checkstyle.JavaParser$1.reportError(JavaParser.java:108)<br />
#x9;at com.puppycrawl.tools.checkstyle.grammar.GeneratedJavaRecognizer.typeDefinition(GeneratedJavaRecognizer.java:429)<br />
#x9;at com.puppycrawl.tools.checkstyle.grammar.GeneratedJavaRecognizer.compilationUnit(GeneratedJavaRecognizer.java:212)<br />
#x9;at com.puppycrawl.tools.checkstyle.JavaParser.parse(JavaParser.java:114)<br />
#x9;... 36 more<br />
Caused by: /home/nick/development/contribution/checkstyle-tester/repositories/pmd/pmd-java/src/test/resources/net/sourceforge/pmd/lang/java/ast/jdkversiontests/assert_test5_a.java:2:23: unexpected token: )<br />
#x9;at com.puppycrawl.tools.checkstyle.grammar.GeneratedJavaRecognizer.primaryExpression(GeneratedJavaRecognizer.java:5125)<br />
#x9;at com.puppycrawl.tools.checkstyle.grammar.GeneratedJavaRecognizer.postfixExpression(GeneratedJavaRecognizer.java:8857)<br />
#x9;at com.puppycrawl.tools.checkstyle.grammar.GeneratedJavaRecognizer.castExpression(GeneratedJavaRecognizer.java:8793)<br />
#x9;at com.puppycrawl.tools.checkstyle.grammar.GeneratedJavaRecognizer.unaryExpressionNotPlusMinus(GeneratedJavaRecognizer.java:8649)<br />
#x9;at com.puppycrawl.tools.checkstyle.grammar.GeneratedJavaRecognizer.unaryExpression(GeneratedJavaRecognizer.java:8576)<br />
#x9;at com.puppycrawl.tools.checkstyle.grammar.GeneratedJavaRecognizer.multiplicativeExpression(GeneratedJavaRecognizer.java:8434)<br />
#x9;at com.puppycrawl.tools.checkstyle.grammar.GeneratedJavaRecognizer.additiveExpression(GeneratedJavaRecognizer.java:8385)<br />
#x9;at com.puppycrawl.tools.checkstyle.grammar.GeneratedJavaRecognizer.shiftExpression(GeneratedJavaRecognizer.java:8263)<br />
#x9;at com.puppycrawl.tools.checkstyle.grammar.GeneratedJavaRecognizer.relationalExpression(GeneratedJavaRecognizer.java:8151)<br />
#x9;at com.puppycrawl.tools.checkstyle.grammar.GeneratedJavaRecognizer.equalityExpression(GeneratedJavaRecognizer.java:8102)<br />
#x9;at com.puppycrawl.tools.checkstyle.grammar.GeneratedJavaRecognizer.andExpression(GeneratedJavaRecognizer.java:8073)<br />
#x9;at com.puppycrawl.tools.checkstyle.grammar.GeneratedJavaRecognizer.exclusiveOrExpression(GeneratedJavaRecognizer.java:8044)<br />
#x9;at com.puppycrawl.tools.checkstyle.grammar.GeneratedJavaRecognizer.inclusiveOrExpression(GeneratedJavaRecognizer.java:8015)<br />
#x9;at com.puppycrawl.tools.checkstyle.grammar.GeneratedJavaRecognizer.logicalAndExpression(GeneratedJavaRecognizer.java:7986)<br />
#x9;at com.puppycrawl.tools.checkstyle.grammar.GeneratedJavaRecognizer.logicalOrExpression(GeneratedJavaRecognizer.java:7957)<br />
#x9;at com.puppycrawl.tools.checkstyle.grammar.GeneratedJavaRecognizer.conditionalExpression(GeneratedJavaRecognizer.java:2459)<br />
#x9;at com.puppycrawl.tools.checkstyle.grammar.GeneratedJavaRecognizer.assignmentExpression(GeneratedJavaRecognizer.java:7703)<br />
#x9;at com.puppycrawl.tools.checkstyle.grammar.GeneratedJavaRecognizer.expression(GeneratedJavaRecognizer.java:5538)<br />
#x9;at com.puppycrawl.tools.checkstyle.grammar.GeneratedJavaRecognizer.assertStatement(GeneratedJavaRecognizer.java:6290)<br />
#x9;at com.puppycrawl.tools.checkstyle.grammar.GeneratedJavaRecognizer.statement(GeneratedJavaRecognizer.java:5015)<br />
#x9;at com.puppycrawl.tools.checkstyle.grammar.GeneratedJavaRecognizer.compoundStatement(GeneratedJavaRecognizer.java:4734)<br />
#x9;at com.puppycrawl.tools.checkstyle.grammar.GeneratedJavaRecognizer.field(GeneratedJavaRecognizer.java:3271)<br />
#x9;at com.puppycrawl.tools.checkstyle.grammar.GeneratedJavaRecognizer.classBlock(GeneratedJavaRecognizer.java:3586)<br />
#x9;at com.puppycrawl.tools.checkstyle.grammar.GeneratedJavaRecognizer.classDefinition(GeneratedJavaRecognizer.java:655)<br />
#x9;at com.puppycrawl.tools.checkstyle.grammar.GeneratedJavaRecognizer.typeDefinitionInternal(GeneratedJavaRecognizer.java:566)<br />
#x9;at com.puppycrawl.tools.checkstyle.grammar.GeneratedJavaRecognizer.typeDefinition(GeneratedJavaRecognizer.java:407)<br />
#x9;... 38 more<br />
</td>
								
									
									<td class="keepWidth"><a href = "xref/home/nick/development/contribution/checkstyle-tester/repositories/pmd/pmd-java/src/test/resources/net/sourceforge/pmd/lang/java/ast/jdkversiontests/assert_test5_a.java.html#L1">1</a></td>
								
								
									<td class="keepWidth"> </td>
									
								
							</tr>
						
							
								<tr class="a">
							
								<td class="keepWidth"><a name="A8" href = "#A8">#A8</a></td>
								<td>error</td>
								<td>Checker</td>
								<td>Got an exception - com.puppycrawl.tools.checkstyle.api.CheckstyleException: IllegalStateException occurred while parsing file /home/nick/development/contribution/checkstyle-tester/repositories/pmd/pmd-java/src/test/resources/net/sourceforge/pmd/lang/java/ast/jdkversiontests/assert_test5_a.java.<br />
#x9;at com.puppycrawl.tools.checkstyle.JavaParser.parse(JavaParser.java:120)<br />
#x9;at com.puppycrawl.tools.checkstyle.TreeWalker.processFiltered(TreeWalker.java:152)<br />
#x9;at com.puppycrawl.tools.checkstyle.api.AbstractFileSetCheck.process(AbstractFileSetCheck.java:87)<br />
#x9;at com.puppycrawl.tools.checkstyle.Checker.processFile(Checker.java:328)<br />
#x9;at com.puppycrawl.tools.checkstyle.Checker.processFiles(Checker.java:289)<br />
#x9;at com.puppycrawl.tools.checkstyle.Checker.process(Checker.java:221)<br />
#x9;at org.apache.maven.plugins.checkstyle.exec.DefaultCheckstyleExecutor.executeCheckstyle(DefaultCheckstyleExecutor.java:202)<br />
#x9;at org.apache.maven.plugins.checkstyle.AbstractCheckstyleReport.executeReport(AbstractCheckstyleReport.java:533)<br />
#x9;at org.apache.maven.plugins.checkstyle.CheckstyleReport.executeReport(CheckstyleReport.java:57)<br />
#x9;at org.apache.maven.reporting.AbstractMavenReport.generate(AbstractMavenReport.java:255)<br />
#x9;at org.apache.maven.plugins.site.ReportDocumentRenderer.renderDocument(ReportDocumentRenderer.java:219)<br />
#x9;at org.apache.maven.doxia.siterenderer.DefaultSiteRenderer.renderModule(DefaultSiteRenderer.java:319)<br />
#x9;at org.apache.maven.doxia.siterenderer.DefaultSiteRenderer.render(DefaultSiteRenderer.java:135)<br />
#x9;at org.apache.maven.plugins.site.SiteMojo.renderLocale(SiteMojo.java:175)<br />
#x9;at org.apache.maven.plugins.site.SiteMojo.execute(SiteMojo.java:138)<br />
#x9;at org.apache.maven.plugin.DefaultBuildPluginManager.executeMojo(DefaultBuildPluginManager.java:137)<br />
#x9;at org.apache.maven.lifecycle.internal.MojoExecutor.execute(MojoExecutor.java:210)<br />
#x9;at org.apache.maven.lifecycle.internal.MojoExecutor.execute(MojoExecutor.java:156)<br />
#x9;at org.apache.maven.lifecycle.internal.MojoExecutor.execute(MojoExecutor.java:148)<br />
#x9;at org.apache.maven.lifecycle.internal.LifecycleModuleBuilder.buildProject(LifecycleModuleBuilder.java:117)<br />
#x9;at org.apache.maven.lifecycle.internal.LifecycleModuleBuilder.buildProject(LifecycleModuleBuilder.java:81)<br />
#x9;at org.apache.maven.lifecycle.internal.builder.singlethreaded.SingleThreadedBuilder.build(SingleThreadedBuilder.java:56)<br />
#x9;at org.apache.maven.lifecycle.internal.LifecycleStarter.execute(LifecycleStarter.java:128)<br />
#x9;at org.apache.maven.DefaultMaven.doExecute(DefaultMaven.java:305)<br />
#x9;at org.apache.maven.DefaultMaven.doExecute(DefaultMaven.java:192)<br />
#x9;at org.apache.maven.DefaultMaven.execute(DefaultMaven.java:105)<br />
#x9;at org.apache.maven.cli.MavenCli.execute(MavenCli.java:957)<br />
#x9;at org.apache.maven.cli.MavenCli.doMain(MavenCli.java:289)<br />
#x9;at org.apache.maven.cli.MavenCli.main(MavenCli.java:193)<br />
#x9;at java.base/jdk.internal.reflect.NativeMethodAccessorImpl.invoke0(Native Method)<br />
#x9;at java.base/jdk.internal.reflect.NativeMethodAccessorImpl.invoke(NativeMethodAccessorImpl.java:62)<br />
#x9;at java.base/jdk.internal.reflect.DelegatingMethodAccessorImpl.invoke(DelegatingMethodAccessorImpl.java:43)<br />
#x9;at java.base/java.lang.reflect.Method.invoke(Method.java:566)<br />
#x9;at org.codehaus.plexus.classworlds.launcher.Launcher.launchEnhanced(Launcher.java:282)<br />
#x9;at org.codehaus.plexus.classworlds.launcher.Launcher.launch(Launcher.java:225)<br />
#x9;at org.codehaus.plexus.classworlds.launcher.Launcher.mainWithExitCode(Launcher.java:406)<br />
#x9;at org.codehaus.plexus.classworlds.launcher.Launcher.main(Launcher.java:347)<br />
Caused by: java.lang.IllegalStateException: /home/nick/development/contribution/checkstyle-tester/repositories/pmd/pmd-java/src/test/resources/net/sourceforge/pmd/lang/java/ast/jdkversiontests/assert_test5_a.java:2:23: unexpected token: )<br />
#x9;at com.puppycrawl.tools.checkstyle.JavaParser$1.reportError(JavaParser.java:108)<br />
#x9;at com.puppycrawl.tools.checkstyle.grammar.GeneratedJavaRecognizer.typeDefinition(GeneratedJavaRecognizer.java:429)<br />
#x9;at com.puppycrawl.tools.checkstyle.grammar.GeneratedJavaRecognizer.compilationUnit(GeneratedJavaRecognizer.java:212)<br />
#x9;at com.puppycrawl.tools.checkstyle.JavaParser.parse(JavaParser.java:114)<br />
#x9;... 36 more<br />
Caused by: /home/nick/development/contribution/checkstyle-tester/repositories/pmd/pmd-java/src/test/resources/net/sourceforge/pmd/lang/java/ast/jdkversiontests/assert_test5_a.java:2:23: unexpected token: )<br />
#x9;at com.puppycrawl.tools.checkstyle.grammar.GeneratedJavaRecognizer.primaryExpression(GeneratedJavaRecognizer.java:5148)<br />
#x9;at com.puppycrawl.tools.checkstyle.grammar.GeneratedJavaRecognizer.postfixExpression(GeneratedJavaRecognizer.java:8880)<br />
#x9;at com.puppycrawl.tools.checkstyle.grammar.GeneratedJavaRecognizer.castExpression(GeneratedJavaRecognizer.java:8816)<br />
#x9;at com.puppycrawl.tools.checkstyle.grammar.GeneratedJavaRecognizer.unaryExpressionNotPlusMinus(GeneratedJavaRecognizer.java:8672)<br />
#x9;at com.puppycrawl.tools.checkstyle.grammar.GeneratedJavaRecognizer.unaryExpression(GeneratedJavaRecognizer.java:8599)<br />
#x9;at com.puppycrawl.tools.checkstyle.grammar.GeneratedJavaRecognizer.multiplicativeExpression(GeneratedJavaRecognizer.java:8457)<br />
#x9;at com.puppycrawl.tools.checkstyle.grammar.GeneratedJavaRecognizer.additiveExpression(GeneratedJavaRecognizer.java:8408)<br />
#x9;at com.puppycrawl.tools.checkstyle.grammar.GeneratedJavaRecognizer.shiftExpression(GeneratedJavaRecognizer.java:8286)<br />
#x9;at com.puppycrawl.tools.checkstyle.grammar.GeneratedJavaRecognizer.relationalExpression(GeneratedJavaRecognizer.java:8174)<br />
#x9;at com.puppycrawl.tools.checkstyle.grammar.GeneratedJavaRecognizer.equalityExpression(GeneratedJavaRecognizer.java:8125)<br />
#x9;at com.puppycrawl.tools.checkstyle.grammar.GeneratedJavaRecognizer.andExpression(GeneratedJavaRecognizer.java:8096)<br />
#x9;at com.puppycrawl.tools.checkstyle.grammar.GeneratedJavaRecognizer.exclusiveOrExpression(GeneratedJavaRecognizer.java:8067)<br />
#x9;at com.puppycrawl.tools.checkstyle.grammar.GeneratedJavaRecognizer.inclusiveOrExpression(GeneratedJavaRecognizer.java:8038)<br />
#x9;at com.puppycrawl.tools.checkstyle.grammar.GeneratedJavaRecognizer.logicalAndExpression(GeneratedJavaRecognizer.java:8009)<br />
#x9;at com.puppycrawl.tools.checkstyle.grammar.GeneratedJavaRecognizer.logicalOrExpression(GeneratedJavaRecognizer.java:7980)<br />
#x9;at com.puppycrawl.tools.checkstyle.grammar.GeneratedJavaRecognizer.conditionalExpression(GeneratedJavaRecognizer.java:2482)<br />
#x9;at com.puppycrawl.tools.checkstyle.grammar.GeneratedJavaRecognizer.assignmentExpression(GeneratedJavaRecognizer.java:7726)<br />
#x9;at com.puppycrawl.tools.checkstyle.grammar.GeneratedJavaRecognizer.expression(GeneratedJavaRecognizer.java:5561)<br />
#x9;at com.puppycrawl.tools.checkstyle.grammar.GeneratedJavaRecognizer.assertStatement(GeneratedJavaRecognizer.java:6313)<br />
#x9;at com.puppycrawl.tools.checkstyle.grammar.GeneratedJavaRecognizer.statement(GeneratedJavaRecognizer.java:5038)<br />
#x9;at com.puppycrawl.tools.checkstyle.grammar.GeneratedJavaRecognizer.compoundStatement(GeneratedJavaRecognizer.java:4757)<br />
#x9;at com.puppycrawl.tools.checkstyle.grammar.GeneratedJavaRecognizer.field(GeneratedJavaRecognizer.java:3294)<br />
#x9;at com.puppycrawl.tools.checkstyle.grammar.GeneratedJavaRecognizer.classBlock(GeneratedJavaRecognizer.java:3609)<br />
#x9;at com.puppycrawl.tools.checkstyle.grammar.GeneratedJavaRecognizer.classDefinition(GeneratedJavaRecognizer.java:655)<br />
#x9;at com.puppycrawl.tools.checkstyle.grammar.GeneratedJavaRecognizer.typeDefinitionInternal(GeneratedJavaRecognizer.java:566)<br />
#x9;at com.puppycrawl.tools.checkstyle.grammar.GeneratedJavaRecognizer.typeDefinition(GeneratedJavaRecognizer.java:407)<br />
#x9;... 38 more<br />
</td>
								
									
									<td class="keepWidth"><a href = "xref/home/nick/development/contribution/checkstyle-tester/repositories/pmd/pmd-java/src/test/resources/net/sourceforge/pmd/lang/java/ast/jdkversiontests/assert_test5_a.java.html#L1">1</a></td>
								
								
									<td class="keepWidth"> </td>
									
								
							</tr>
						
					</table>
				</div>
				<div class="section">
					<h3>/home/nick/development/contribution/checkstyle-tester/repositories/pmd/pmd-java/src/test/resources/net/sourceforge/pmd/lang/java/ast/jdkversiontests/assert_test7.java</h3>
					<tr class="b">
					<table border="0" class="bodyTable">
					        <th></th>
							<th>Severity</th>
							<th>Rule</th>
							<th>Message</th>
							<th>Line</th>
							<th>Col</th>
						</tr>
						
							
								<tr class="b">
								
								<td class="keepWidth"><a name="A9" href = "#A9">#A9</a></td>
								<td>error</td>
								<td>Checker</td>
								<td>Got an exception - com.puppycrawl.tools.checkstyle.api.CheckstyleException: IllegalStateException occurred while parsing file /home/nick/development/contribution/checkstyle-tester/repositories/pmd/pmd-java/src/test/resources/net/sourceforge/pmd/lang/java/ast/jdkversiontests/assert_test7.java.<br />
#x9;at com.puppycrawl.tools.checkstyle.JavaParser.parse(JavaParser.java:120)<br />
#x9;at com.puppycrawl.tools.checkstyle.TreeWalker.processFiltered(TreeWalker.java:152)<br />
#x9;at com.puppycrawl.tools.checkstyle.api.AbstractFileSetCheck.process(AbstractFileSetCheck.java:87)<br />
#x9;at com.puppycrawl.tools.checkstyle.Checker.processFile(Checker.java:328)<br />
#x9;at com.puppycrawl.tools.checkstyle.Checker.processFiles(Checker.java:289)<br />
#x9;at com.puppycrawl.tools.checkstyle.Checker.process(Checker.java:221)<br />
#x9;at org.apache.maven.plugins.checkstyle.exec.DefaultCheckstyleExecutor.executeCheckstyle(DefaultCheckstyleExecutor.java:202)<br />
#x9;at org.apache.maven.plugins.checkstyle.AbstractCheckstyleReport.executeReport(AbstractCheckstyleReport.java:533)<br />
#x9;at org.apache.maven.plugins.checkstyle.CheckstyleReport.executeReport(CheckstyleReport.java:57)<br />
#x9;at org.apache.maven.reporting.AbstractMavenReport.generate(AbstractMavenReport.java:255)<br />
#x9;at org.apache.maven.plugins.site.ReportDocumentRenderer.renderDocument(ReportDocumentRenderer.java:219)<br />
#x9;at org.apache.maven.doxia.siterenderer.DefaultSiteRenderer.renderModule(DefaultSiteRenderer.java:319)<br />
#x9;at org.apache.maven.doxia.siterenderer.DefaultSiteRenderer.render(DefaultSiteRenderer.java:135)<br />
#x9;at org.apache.maven.plugins.site.SiteMojo.renderLocale(SiteMojo.java:175)<br />
#x9;at org.apache.maven.plugins.site.SiteMojo.execute(SiteMojo.java:138)<br />
#x9;at org.apache.maven.plugin.DefaultBuildPluginManager.executeMojo(DefaultBuildPluginManager.java:137)<br />
#x9;at org.apache.maven.lifecycle.internal.MojoExecutor.execute(MojoExecutor.java:210)<br />
#x9;at org.apache.maven.lifecycle.internal.MojoExecutor.execute(MojoExecutor.java:156)<br />
#x9;at org.apache.maven.lifecycle.internal.MojoExecutor.execute(MojoExecutor.java:148)<br />
#x9;at org.apache.maven.lifecycle.internal.LifecycleModuleBuilder.buildProject(LifecycleModuleBuilder.java:117)<br />
#x9;at org.apache.maven.lifecycle.internal.LifecycleModuleBuilder.buildProject(LifecycleModuleBuilder.java:81)<br />
#x9;at org.apache.maven.lifecycle.internal.builder.singlethreaded.SingleThreadedBuilder.build(SingleThreadedBuilder.java:56)<br />
#x9;at org.apache.maven.lifecycle.internal.LifecycleStarter.execute(LifecycleStarter.java:128)<br />
#x9;at org.apache.maven.DefaultMaven.doExecute(DefaultMaven.java:305)<br />
#x9;at org.apache.maven.DefaultMaven.doExecute(DefaultMaven.java:192)<br />
#x9;at org.apache.maven.DefaultMaven.execute(DefaultMaven.java:105)<br />
#x9;at org.apache.maven.cli.MavenCli.execute(MavenCli.java:957)<br />
#x9;at org.apache.maven.cli.MavenCli.doMain(MavenCli.java:289)<br />
#x9;at org.apache.maven.cli.MavenCli.main(MavenCli.java:193)<br />
#x9;at java.base/jdk.internal.reflect.NativeMethodAccessorImpl.invoke0(Native Method)<br />
#x9;at java.base/jdk.internal.reflect.NativeMethodAccessorImpl.invoke(NativeMethodAccessorImpl.java:62)<br />
#x9;at java.base/jdk.internal.reflect.DelegatingMethodAccessorImpl.invoke(DelegatingMethodAccessorImpl.java:43)<br />
#x9;at java.base/java.lang.reflect.Method.invoke(Method.java:566)<br />
#x9;at org.codehaus.plexus.classworlds.launcher.Launcher.launchEnhanced(Launcher.java:282)<br />
#x9;at org.codehaus.plexus.classworlds.launcher.Launcher.launch(Launcher.java:225)<br />
#x9;at org.codehaus.plexus.classworlds.launcher.Launcher.mainWithExitCode(Launcher.java:406)<br />
#x9;at org.codehaus.plexus.classworlds.launcher.Launcher.main(Launcher.java:347)<br />
Caused by: java.lang.IllegalStateException: /home/nick/development/contribution/checkstyle-tester/repositories/pmd/pmd-java/src/test/resources/net/sourceforge/pmd/lang/java/ast/jdkversiontests/assert_test7.java:2:2: unexpected token: void<br />
#x9;at com.puppycrawl.tools.checkstyle.JavaParser$1.reportError(JavaParser.java:108)<br />
#x9;at com.puppycrawl.tools.checkstyle.grammar.GeneratedJavaRecognizer.typeDefinition(GeneratedJavaRecognizer.java:429)<br />
#x9;at com.puppycrawl.tools.checkstyle.grammar.GeneratedJavaRecognizer.compilationUnit(GeneratedJavaRecognizer.java:212)<br />
#x9;at com.puppycrawl.tools.checkstyle.JavaParser.parse(JavaParser.java:114)<br />
#x9;... 36 more<br />
Caused by: /home/nick/development/contribution/checkstyle-tester/repositories/pmd/pmd-java/src/test/resources/net/sourceforge/pmd/lang/java/ast/jdkversiontests/assert_test7.java:2:2: unexpected token: void<br />
#x9;at com.puppycrawl.tools.checkstyle.grammar.GeneratedJavaRecognizer.field(GeneratedJavaRecognizer.java:3373)<br />
#x9;at com.puppycrawl.tools.checkstyle.grammar.GeneratedJavaRecognizer.classBlock(GeneratedJavaRecognizer.java:3586)<br />
#x9;at com.puppycrawl.tools.checkstyle.grammar.GeneratedJavaRecognizer.classDefinition(GeneratedJavaRecognizer.java:655)<br />
#x9;at com.puppycrawl.tools.checkstyle.grammar.GeneratedJavaRecognizer.typeDefinitionInternal(GeneratedJavaRecognizer.java:566)<br />
#x9;at com.puppycrawl.tools.checkstyle.grammar.GeneratedJavaRecognizer.typeDefinition(GeneratedJavaRecognizer.java:407)<br />
#x9;... 38 more<br />
</td>
								
									
									<td class="keepWidth"><a href = "xref/home/nick/development/contribution/checkstyle-tester/repositories/pmd/pmd-java/src/test/resources/net/sourceforge/pmd/lang/java/ast/jdkversiontests/assert_test7.java.html#L1">1</a></td>
								
								
									<td class="keepWidth"> </td>
									
								
							</tr>
						
							
								<tr class="a">
							
								<td class="keepWidth"><a name="A10" href = "#A10">#A10</a></td>
								<td>error</td>
								<td>Checker</td>
								<td>Got an exception - com.puppycrawl.tools.checkstyle.api.CheckstyleException: IllegalStateException occurred while parsing file /home/nick/development/contribution/checkstyle-tester/repositories/pmd/pmd-java/src/test/resources/net/sourceforge/pmd/lang/java/ast/jdkversiontests/assert_test7.java.<br />
#x9;at com.puppycrawl.tools.checkstyle.JavaParser.parse(JavaParser.java:120)<br />
#x9;at com.puppycrawl.tools.checkstyle.TreeWalker.processFiltered(TreeWalker.java:152)<br />
#x9;at com.puppycrawl.tools.checkstyle.api.AbstractFileSetCheck.process(AbstractFileSetCheck.java:87)<br />
#x9;at com.puppycrawl.tools.checkstyle.Checker.processFile(Checker.java:328)<br />
#x9;at com.puppycrawl.tools.checkstyle.Checker.processFiles(Checker.java:289)<br />
#x9;at com.puppycrawl.tools.checkstyle.Checker.process(Checker.java:221)<br />
#x9;at org.apache.maven.plugins.checkstyle.exec.DefaultCheckstyleExecutor.executeCheckstyle(DefaultCheckstyleExecutor.java:202)<br />
#x9;at org.apache.maven.plugins.checkstyle.AbstractCheckstyleReport.executeReport(AbstractCheckstyleReport.java:533)<br />
#x9;at org.apache.maven.plugins.checkstyle.CheckstyleReport.executeReport(CheckstyleReport.java:57)<br />
#x9;at org.apache.maven.reporting.AbstractMavenReport.generate(AbstractMavenReport.java:255)<br />
#x9;at org.apache.maven.plugins.site.ReportDocumentRenderer.renderDocument(ReportDocumentRenderer.java:219)<br />
#x9;at org.apache.maven.doxia.siterenderer.DefaultSiteRenderer.renderModule(DefaultSiteRenderer.java:319)<br />
#x9;at org.apache.maven.doxia.siterenderer.DefaultSiteRenderer.render(DefaultSiteRenderer.java:135)<br />
#x9;at org.apache.maven.plugins.site.SiteMojo.renderLocale(SiteMojo.java:175)<br />
#x9;at org.apache.maven.plugins.site.SiteMojo.execute(SiteMojo.java:138)<br />
#x9;at org.apache.maven.plugin.DefaultBuildPluginManager.executeMojo(DefaultBuildPluginManager.java:137)<br />
#x9;at org.apache.maven.lifecycle.internal.MojoExecutor.execute(MojoExecutor.java:210)<br />
#x9;at org.apache.maven.lifecycle.internal.MojoExecutor.execute(MojoExecutor.java:156)<br />
#x9;at org.apache.maven.lifecycle.internal.MojoExecutor.execute(MojoExecutor.java:148)<br />
#x9;at org.apache.maven.lifecycle.internal.LifecycleModuleBuilder.buildProject(LifecycleModuleBuilder.java:117)<br />
#x9;at org.apache.maven.lifecycle.internal.LifecycleModuleBuilder.buildProject(LifecycleModuleBuilder.java:81)<br />
#x9;at org.apache.maven.lifecycle.internal.builder.singlethreaded.SingleThreadedBuilder.build(SingleThreadedBuilder.java:56)<br />
#x9;at org.apache.maven.lifecycle.internal.LifecycleStarter.execute(LifecycleStarter.java:128)<br />
#x9;at org.apache.maven.DefaultMaven.doExecute(DefaultMaven.java:305)<br />
#x9;at org.apache.maven.DefaultMaven.doExecute(DefaultMaven.java:192)<br />
#x9;at org.apache.maven.DefaultMaven.execute(DefaultMaven.java:105)<br />
#x9;at org.apache.maven.cli.MavenCli.execute(MavenCli.java:957)<br />
#x9;at org.apache.maven.cli.MavenCli.doMain(MavenCli.java:289)<br />
#x9;at org.apache.maven.cli.MavenCli.main(MavenCli.java:193)<br />
#x9;at java.base/jdk.internal.reflect.NativeMethodAccessorImpl.invoke0(Native Method)<br />
#x9;at java.base/jdk.internal.reflect.NativeMethodAccessorImpl.invoke(NativeMethodAccessorImpl.java:62)<br />
#x9;at java.base/jdk.internal.reflect.DelegatingMethodAccessorImpl.invoke(DelegatingMethodAccessorImpl.java:43)<br />
#x9;at java.base/java.lang.reflect.Method.invoke(Method.java:566)<br />
#x9;at org.codehaus.plexus.classworlds.launcher.Launcher.launchEnhanced(Launcher.java:282)<br />
#x9;at org.codehaus.plexus.classworlds.launcher.Launcher.launch(Launcher.java:225)<br />
#x9;at org.codehaus.plexus.classworlds.launcher.Launcher.mainWithExitCode(Launcher.java:406)<br />
#x9;at org.codehaus.plexus.classworlds.launcher.Launcher.main(Launcher.java:347)<br />
Caused by: java.lang.IllegalStateException: /home/nick/development/contribution/checkstyle-tester/repositories/pmd/pmd-java/src/test/resources/net/sourceforge/pmd/lang/java/ast/jdkversiontests/assert_test7.java:2:2: unexpected token: void<br />
#x9;at com.puppycrawl.tools.checkstyle.JavaParser$1.reportError(JavaParser.java:108)<br />
#x9;at com.puppycrawl.tools.checkstyle.grammar.GeneratedJavaRecognizer.typeDefinition(GeneratedJavaRecognizer.java:429)<br />
#x9;at com.puppycrawl.tools.checkstyle.grammar.GeneratedJavaRecognizer.compilationUnit(GeneratedJavaRecognizer.java:212)<br />
#x9;at com.puppycrawl.tools.checkstyle.JavaParser.parse(JavaParser.java:114)<br />
#x9;... 36 more<br />
Caused by: /home/nick/development/contribution/checkstyle-tester/repositories/pmd/pmd-java/src/test/resources/net/sourceforge/pmd/lang/java/ast/jdkversiontests/assert_test7.java:2:2: unexpected token: void<br />
#x9;at com.puppycrawl.tools.checkstyle.grammar.GeneratedJavaRecognizer.field(GeneratedJavaRecognizer.java:3396)<br />
#x9;at com.puppycrawl.tools.checkstyle.grammar.GeneratedJavaRecognizer.classBlock(GeneratedJavaRecognizer.java:3609)<br />
#x9;at com.puppycrawl.tools.checkstyle.grammar.GeneratedJavaRecognizer.classDefinition(GeneratedJavaRecognizer.java:655)<br />
#x9;at com.puppycrawl.tools.checkstyle.grammar.GeneratedJavaRecognizer.typeDefinitionInternal(GeneratedJavaRecognizer.java:566)<br />
#x9;at com.puppycrawl.tools.checkstyle.grammar.GeneratedJavaRecognizer.typeDefinition(GeneratedJavaRecognizer.java:407)<br />
#x9;... 38 more<br />
</td>
								
									
									<td class="keepWidth"><a href = "xref/home/nick/development/contribution/checkstyle-tester/repositories/pmd/pmd-java/src/test/resources/net/sourceforge/pmd/lang/java/ast/jdkversiontests/assert_test7.java.html#L1">1</a></td>
								
								
									<td class="keepWidth"> </td>
									
								
							</tr>
						
					</table>
				</div>
				<div class="section">
					<h3>/home/nick/development/contribution/checkstyle-tester/repositories/pmd/pmd-java/src/test/resources/net/sourceforge/pmd/lang/java/ast/jdkversiontests/java12/SwitchExpressionsBreak.java</h3>
					<tr class="b">
					<table border="0" class="bodyTable">
					        <th></th>
							<th>Severity</th>
							<th>Rule</th>
							<th>Message</th>
							<th>Line</th>
							<th>Col</th>
						</tr>
						
							
								<tr class="b">
								
								<td class="keepWidth"><a name="A11" href = "#A11">#A11</a></td>
								<td>error</td>
								<td>Checker</td>
								<td>Got an exception - com.puppycrawl.tools.checkstyle.api.CheckstyleException: IllegalStateException occurred while parsing file /home/nick/development/contribution/checkstyle-tester/repositories/pmd/pmd-java/src/test/resources/net/sourceforge/pmd/lang/java/ast/jdkversiontests/java12/SwitchExpressionsBreak.java.<br />
#x9;at com.puppycrawl.tools.checkstyle.JavaParser.parse(JavaParser.java:120)<br />
#x9;at com.puppycrawl.tools.checkstyle.TreeWalker.processFiltered(TreeWalker.java:152)<br />
#x9;at com.puppycrawl.tools.checkstyle.api.AbstractFileSetCheck.process(AbstractFileSetCheck.java:87)<br />
#x9;at com.puppycrawl.tools.checkstyle.Checker.processFile(Checker.java:328)<br />
#x9;at com.puppycrawl.tools.checkstyle.Checker.processFiles(Checker.java:289)<br />
#x9;at com.puppycrawl.tools.checkstyle.Checker.process(Checker.java:221)<br />
#x9;at org.apache.maven.plugins.checkstyle.exec.DefaultCheckstyleExecutor.executeCheckstyle(DefaultCheckstyleExecutor.java:202)<br />
#x9;at org.apache.maven.plugins.checkstyle.AbstractCheckstyleReport.executeReport(AbstractCheckstyleReport.java:533)<br />
#x9;at org.apache.maven.plugins.checkstyle.CheckstyleReport.executeReport(CheckstyleReport.java:57)<br />
#x9;at org.apache.maven.reporting.AbstractMavenReport.generate(AbstractMavenReport.java:255)<br />
#x9;at org.apache.maven.plugins.site.ReportDocumentRenderer.renderDocument(ReportDocumentRenderer.java:219)<br />
#x9;at org.apache.maven.doxia.siterenderer.DefaultSiteRenderer.renderModule(DefaultSiteRenderer.java:319)<br />
#x9;at org.apache.maven.doxia.siterenderer.DefaultSiteRenderer.render(DefaultSiteRenderer.java:135)<br />
#x9;at org.apache.maven.plugins.site.SiteMojo.renderLocale(SiteMojo.java:175)<br />
#x9;at org.apache.maven.plugins.site.SiteMojo.execute(SiteMojo.java:138)<br />
#x9;at org.apache.maven.plugin.DefaultBuildPluginManager.executeMojo(DefaultBuildPluginManager.java:137)<br />
#x9;at org.apache.maven.lifecycle.internal.MojoExecutor.execute(MojoExecutor.java:210)<br />
#x9;at org.apache.maven.lifecycle.internal.MojoExecutor.execute(MojoExecutor.java:156)<br />
#x9;at org.apache.maven.lifecycle.internal.MojoExecutor.execute(MojoExecutor.java:148)<br />
#x9;at org.apache.maven.lifecycle.internal.LifecycleModuleBuilder.buildProject(LifecycleModuleBuilder.java:117)<br />
#x9;at org.apache.maven.lifecycle.internal.LifecycleModuleBuilder.buildProject(LifecycleModuleBuilder.java:81)<br />
#x9;at org.apache.maven.lifecycle.internal.builder.singlethreaded.SingleThreadedBuilder.build(SingleThreadedBuilder.java:56)<br />
#x9;at org.apache.maven.lifecycle.internal.LifecycleStarter.execute(LifecycleStarter.java:128)<br />
#x9;at org.apache.maven.DefaultMaven.doExecute(DefaultMaven.java:305)<br />
#x9;at org.apache.maven.DefaultMaven.doExecute(DefaultMaven.java:192)<br />
#x9;at org.apache.maven.DefaultMaven.execute(DefaultMaven.java:105)<br />
#x9;at org.apache.maven.cli.MavenCli.execute(MavenCli.java:957)<br />
#x9;at org.apache.maven.cli.MavenCli.doMain(MavenCli.java:289)<br />
#x9;at org.apache.maven.cli.MavenCli.main(MavenCli.java:193)<br />
#x9;at java.base/jdk.internal.reflect.NativeMethodAccessorImpl.invoke0(Native Method)<br />
#x9;at java.base/jdk.internal.reflect.NativeMethodAccessorImpl.invoke(NativeMethodAccessorImpl.java:62)<br />
#x9;at java.base/jdk.internal.reflect.DelegatingMethodAccessorImpl.invoke(DelegatingMethodAccessorImpl.java:43)<br />
#x9;at java.base/java.lang.reflect.Method.invoke(Method.java:566)<br />
#x9;at org.codehaus.plexus.classworlds.launcher.Launcher.launchEnhanced(Launcher.java:282)<br />
#x9;at org.codehaus.plexus.classworlds.launcher.Launcher.launch(Launcher.java:225)<br />
#x9;at org.codehaus.plexus.classworlds.launcher.Launcher.mainWithExitCode(Launcher.java:406)<br />
#x9;at org.codehaus.plexus.classworlds.launcher.Launcher.main(Launcher.java:347)<br />
Caused by: java.lang.IllegalStateException: /home/nick/development/contribution/checkstyle-tester/repositories/pmd/pmd-java/src/test/resources/net/sourceforge/pmd/lang/java/ast/jdkversiontests/java12/SwitchExpressionsBreak.java:19:13: unexpected token: numLetters<br />
#x9;at com.puppycrawl.tools.checkstyle.JavaParser$1.reportError(JavaParser.java:108)<br />
#x9;at com.puppycrawl.tools.checkstyle.grammar.GeneratedJavaRecognizer.typeDefinition(GeneratedJavaRecognizer.java:429)<br />
#x9;at com.puppycrawl.tools.checkstyle.grammar.GeneratedJavaRecognizer.compilationUnit(GeneratedJavaRecognizer.java:212)<br />
#x9;at com.puppycrawl.tools.checkstyle.JavaParser.parse(JavaParser.java:114)<br />
#x9;... 36 more<br />
Caused by: /home/nick/development/contribution/checkstyle-tester/repositories/pmd/pmd-java/src/test/resources/net/sourceforge/pmd/lang/java/ast/jdkversiontests/java12/SwitchExpressionsBreak.java:19:13: unexpected token: numLetters<br />
#x9;at com.puppycrawl.tools.checkstyle.grammar.GeneratedJavaRecognizer.traditionalStatement(GeneratedJavaRecognizer.java:6274)<br />
#x9;at com.puppycrawl.tools.checkstyle.grammar.GeneratedJavaRecognizer.statement(GeneratedJavaRecognizer.java:5008)<br />
#x9;at com.puppycrawl.tools.checkstyle.grammar.GeneratedJavaRecognizer.compoundStatement(GeneratedJavaRecognizer.java:4734)<br />
#x9;at com.puppycrawl.tools.checkstyle.grammar.GeneratedJavaRecognizer.field(GeneratedJavaRecognizer.java:3271)<br />
#x9;at com.puppycrawl.tools.checkstyle.grammar.GeneratedJavaRecognizer.classBlock(GeneratedJavaRecognizer.java:3586)<br />
#x9;at com.puppycrawl.tools.checkstyle.grammar.GeneratedJavaRecognizer.classDefinition(GeneratedJavaRecognizer.java:655)<br />
#x9;at com.puppycrawl.tools.checkstyle.grammar.GeneratedJavaRecognizer.typeDefinitionInternal(GeneratedJavaRecognizer.java:566)<br />
#x9;at com.puppycrawl.tools.checkstyle.grammar.GeneratedJavaRecognizer.typeDefinition(GeneratedJavaRecognizer.java:407)<br />
#x9;... 38 more<br />
</td>
								
									
									<td class="keepWidth"><a href = "xref/home/nick/development/contribution/checkstyle-tester/repositories/pmd/pmd-java/src/test/resources/net/sourceforge/pmd/lang/java/ast/jdkversiontests/java12/SwitchExpressionsBreak.java.html#L1">1</a></td>
								
								
									<td class="keepWidth"> </td>
									
								
							</tr>
						
							
								<tr class="a">
							
								<td class="keepWidth"><a name="A12" href = "#A12">#A12</a></td>
								<td>error</td>
								<td>Checker</td>
								<td>Got an exception - com.puppycrawl.tools.checkstyle.api.CheckstyleException: IllegalStateException occurred while parsing file /home/nick/development/contribution/checkstyle-tester/repositories/pmd/pmd-java/src/test/resources/net/sourceforge/pmd/lang/java/ast/jdkversiontests/java12/SwitchExpressionsBreak.java.<br />
#x9;at com.puppycrawl.tools.checkstyle.JavaParser.parse(JavaParser.java:120)<br />
#x9;at com.puppycrawl.tools.checkstyle.TreeWalker.processFiltered(TreeWalker.java:152)<br />
#x9;at com.puppycrawl.tools.checkstyle.api.AbstractFileSetCheck.process(AbstractFileSetCheck.java:87)<br />
#x9;at com.puppycrawl.tools.checkstyle.Checker.processFile(Checker.java:328)<br />
#x9;at com.puppycrawl.tools.checkstyle.Checker.processFiles(Checker.java:289)<br />
#x9;at com.puppycrawl.tools.checkstyle.Checker.process(Checker.java:221)<br />
#x9;at org.apache.maven.plugins.checkstyle.exec.DefaultCheckstyleExecutor.executeCheckstyle(DefaultCheckstyleExecutor.java:202)<br />
#x9;at org.apache.maven.plugins.checkstyle.AbstractCheckstyleReport.executeReport(AbstractCheckstyleReport.java:533)<br />
#x9;at org.apache.maven.plugins.checkstyle.CheckstyleReport.executeReport(CheckstyleReport.java:57)<br />
#x9;at org.apache.maven.reporting.AbstractMavenReport.generate(AbstractMavenReport.java:255)<br />
#x9;at org.apache.maven.plugins.site.ReportDocumentRenderer.renderDocument(ReportDocumentRenderer.java:219)<br />
#x9;at org.apache.maven.doxia.siterenderer.DefaultSiteRenderer.renderModule(DefaultSiteRenderer.java:319)<br />
#x9;at org.apache.maven.doxia.siterenderer.DefaultSiteRenderer.render(DefaultSiteRenderer.java:135)<br />
#x9;at org.apache.maven.plugins.site.SiteMojo.renderLocale(SiteMojo.java:175)<br />
#x9;at org.apache.maven.plugins.site.SiteMojo.execute(SiteMojo.java:138)<br />
#x9;at org.apache.maven.plugin.DefaultBuildPluginManager.executeMojo(DefaultBuildPluginManager.java:137)<br />
#x9;at org.apache.maven.lifecycle.internal.MojoExecutor.execute(MojoExecutor.java:210)<br />
#x9;at org.apache.maven.lifecycle.internal.MojoExecutor.execute(MojoExecutor.java:156)<br />
#x9;at org.apache.maven.lifecycle.internal.MojoExecutor.execute(MojoExecutor.java:148)<br />
#x9;at org.apache.maven.lifecycle.internal.LifecycleModuleBuilder.buildProject(LifecycleModuleBuilder.java:117)<br />
#x9;at org.apache.maven.lifecycle.internal.LifecycleModuleBuilder.buildProject(LifecycleModuleBuilder.java:81)<br />
#x9;at org.apache.maven.lifecycle.internal.builder.singlethreaded.SingleThreadedBuilder.build(SingleThreadedBuilder.java:56)<br />
#x9;at org.apache.maven.lifecycle.internal.LifecycleStarter.execute(LifecycleStarter.java:128)<br />
#x9;at org.apache.maven.DefaultMaven.doExecute(DefaultMaven.java:305)<br />
#x9;at org.apache.maven.DefaultMaven.doExecute(DefaultMaven.java:192)<br />
#x9;at org.apache.maven.DefaultMaven.execute(DefaultMaven.java:105)<br />
#x9;at org.apache.maven.cli.MavenCli.execute(MavenCli.java:957)<br />
#x9;at org.apache.maven.cli.MavenCli.doMain(MavenCli.java:289)<br />
#x9;at org.apache.maven.cli.MavenCli.main(MavenCli.java:193)<br />
#x9;at java.base/jdk.internal.reflect.NativeMethodAccessorImpl.invoke0(Native Method)<br />
#x9;at java.base/jdk.internal.reflect.NativeMethodAccessorImpl.invoke(NativeMethodAccessorImpl.java:62)<br />
#x9;at java.base/jdk.internal.reflect.DelegatingMethodAccessorImpl.invoke(DelegatingMethodAccessorImpl.java:43)<br />
#x9;at java.base/java.lang.reflect.Method.invoke(Method.java:566)<br />
#x9;at org.codehaus.plexus.classworlds.launcher.Launcher.launchEnhanced(Launcher.java:282)<br />
#x9;at org.codehaus.plexus.classworlds.launcher.Launcher.launch(Launcher.java:225)<br />
#x9;at org.codehaus.plexus.classworlds.launcher.Launcher.mainWithExitCode(Launcher.java:406)<br />
#x9;at org.codehaus.plexus.classworlds.launcher.Launcher.main(Launcher.java:347)<br />
Caused by: java.lang.IllegalStateException: /home/nick/development/contribution/checkstyle-tester/repositories/pmd/pmd-java/src/test/resources/net/sourceforge/pmd/lang/java/ast/jdkversiontests/java12/SwitchExpressionsBreak.java:19:13: unexpected token: numLetters<br />
#x9;at com.puppycrawl.tools.checkstyle.JavaParser$1.reportError(JavaParser.java:108)<br />
#x9;at com.puppycrawl.tools.checkstyle.grammar.GeneratedJavaRecognizer.typeDefinition(GeneratedJavaRecognizer.java:429)<br />
#x9;at com.puppycrawl.tools.checkstyle.grammar.GeneratedJavaRecognizer.compilationUnit(GeneratedJavaRecognizer.java:212)<br />
#x9;at com.puppycrawl.tools.checkstyle.JavaParser.parse(JavaParser.java:114)<br />
#x9;... 36 more<br />
Caused by: /home/nick/development/contribution/checkstyle-tester/repositories/pmd/pmd-java/src/test/resources/net/sourceforge/pmd/lang/java/ast/jdkversiontests/java12/SwitchExpressionsBreak.java:19:13: unexpected token: numLetters<br />
#x9;at com.puppycrawl.tools.checkstyle.grammar.GeneratedJavaRecognizer.traditionalStatement(GeneratedJavaRecognizer.java:6297)<br />
#x9;at com.puppycrawl.tools.checkstyle.grammar.GeneratedJavaRecognizer.statement(GeneratedJavaRecognizer.java:5031)<br />
#x9;at com.puppycrawl.tools.checkstyle.grammar.GeneratedJavaRecognizer.compoundStatement(GeneratedJavaRecognizer.java:4757)<br />
#x9;at com.puppycrawl.tools.checkstyle.grammar.GeneratedJavaRecognizer.field(GeneratedJavaRecognizer.java:3294)<br />
#x9;at com.puppycrawl.tools.checkstyle.grammar.GeneratedJavaRecognizer.classBlock(GeneratedJavaRecognizer.java:3609)<br />
#x9;at com.puppycrawl.tools.checkstyle.grammar.GeneratedJavaRecognizer.classDefinition(GeneratedJavaRecognizer.java:655)<br />
#x9;at com.puppycrawl.tools.checkstyle.grammar.GeneratedJavaRecognizer.typeDefinitionInternal(GeneratedJavaRecognizer.java:566)<br />
#x9;at com.puppycrawl.tools.checkstyle.grammar.GeneratedJavaRecognizer.typeDefinition(GeneratedJavaRecognizer.java:407)<br />
#x9;... 38 more<br />
</td>
								
									
									<td class="keepWidth"><a href = "xref/home/nick/development/contribution/checkstyle-tester/repositories/pmd/pmd-java/src/test/resources/net/sourceforge/pmd/lang/java/ast/jdkversiontests/java12/SwitchExpressionsBreak.java.html#L1">1</a></td>
								
								
									<td class="keepWidth"> </td>
									
								
							</tr>
						
					</table>
				</div>
				<div class="section">
					<h3>/home/nick/development/contribution/checkstyle-tester/repositories/pmd/pmd-java/src/test/resources/net/sourceforge/pmd/lang/java/ast/jdkversiontests/jdk14_enum.java</h3>
					<tr class="b">
					<table border="0" class="bodyTable">
					        <th></th>
							<th>Severity</th>
							<th>Rule</th>
							<th>Message</th>
							<th>Line</th>
							<th>Col</th>
						</tr>
						
							
								<tr class="b">
								
								<td class="keepWidth"><a name="A13" href = "#A13">#A13</a></td>
								<td>error</td>
								<td>Checker</td>
								<td>Got an exception - com.puppycrawl.tools.checkstyle.api.CheckstyleException: IllegalStateException occurred while parsing file /home/nick/development/contribution/checkstyle-tester/repositories/pmd/pmd-java/src/test/resources/net/sourceforge/pmd/lang/java/ast/jdkversiontests/jdk14_enum.java.<br />
#x9;at com.puppycrawl.tools.checkstyle.JavaParser.parse(JavaParser.java:120)<br />
#x9;at com.puppycrawl.tools.checkstyle.TreeWalker.processFiltered(TreeWalker.java:152)<br />
#x9;at com.puppycrawl.tools.checkstyle.api.AbstractFileSetCheck.process(AbstractFileSetCheck.java:87)<br />
#x9;at com.puppycrawl.tools.checkstyle.Checker.processFile(Checker.java:328)<br />
#x9;at com.puppycrawl.tools.checkstyle.Checker.processFiles(Checker.java:289)<br />
#x9;at com.puppycrawl.tools.checkstyle.Checker.process(Checker.java:221)<br />
#x9;at org.apache.maven.plugins.checkstyle.exec.DefaultCheckstyleExecutor.executeCheckstyle(DefaultCheckstyleExecutor.java:202)<br />
#x9;at org.apache.maven.plugins.checkstyle.AbstractCheckstyleReport.executeReport(AbstractCheckstyleReport.java:533)<br />
#x9;at org.apache.maven.plugins.checkstyle.CheckstyleReport.executeReport(CheckstyleReport.java:57)<br />
#x9;at org.apache.maven.reporting.AbstractMavenReport.generate(AbstractMavenReport.java:255)<br />
#x9;at org.apache.maven.plugins.site.ReportDocumentRenderer.renderDocument(ReportDocumentRenderer.java:219)<br />
#x9;at org.apache.maven.doxia.siterenderer.DefaultSiteRenderer.renderModule(DefaultSiteRenderer.java:319)<br />
#x9;at org.apache.maven.doxia.siterenderer.DefaultSiteRenderer.render(DefaultSiteRenderer.java:135)<br />
#x9;at org.apache.maven.plugins.site.SiteMojo.renderLocale(SiteMojo.java:175)<br />
#x9;at org.apache.maven.plugins.site.SiteMojo.execute(SiteMojo.java:138)<br />
#x9;at org.apache.maven.plugin.DefaultBuildPluginManager.executeMojo(DefaultBuildPluginManager.java:137)<br />
#x9;at org.apache.maven.lifecycle.internal.MojoExecutor.execute(MojoExecutor.java:210)<br />
#x9;at org.apache.maven.lifecycle.internal.MojoExecutor.execute(MojoExecutor.java:156)<br />
#x9;at org.apache.maven.lifecycle.internal.MojoExecutor.execute(MojoExecutor.java:148)<br />
#x9;at org.apache.maven.lifecycle.internal.LifecycleModuleBuilder.buildProject(LifecycleModuleBuilder.java:117)<br />
#x9;at org.apache.maven.lifecycle.internal.LifecycleModuleBuilder.buildProject(LifecycleModuleBuilder.java:81)<br />
#x9;at org.apache.maven.lifecycle.internal.builder.singlethreaded.SingleThreadedBuilder.build(SingleThreadedBuilder.java:56)<br />
#x9;at org.apache.maven.lifecycle.internal.LifecycleStarter.execute(LifecycleStarter.java:128)<br />
#x9;at org.apache.maven.DefaultMaven.doExecute(DefaultMaven.java:305)<br />
#x9;at org.apache.maven.DefaultMaven.doExecute(DefaultMaven.java:192)<br />
#x9;at org.apache.maven.DefaultMaven.execute(DefaultMaven.java:105)<br />
#x9;at org.apache.maven.cli.MavenCli.execute(MavenCli.java:957)<br />
#x9;at org.apache.maven.cli.MavenCli.doMain(MavenCli.java:289)<br />
#x9;at org.apache.maven.cli.MavenCli.main(MavenCli.java:193)<br />
#x9;at java.base/jdk.internal.reflect.NativeMethodAccessorImpl.invoke0(Native Method)<br />
#x9;at java.base/jdk.internal.reflect.NativeMethodAccessorImpl.invoke(NativeMethodAccessorImpl.java:62)<br />
#x9;at java.base/jdk.internal.reflect.DelegatingMethodAccessorImpl.invoke(DelegatingMethodAccessorImpl.java:43)<br />
#x9;at java.base/java.lang.reflect.Method.invoke(Method.java:566)<br />
#x9;at org.codehaus.plexus.classworlds.launcher.Launcher.launchEnhanced(Launcher.java:282)<br />
#x9;at org.codehaus.plexus.classworlds.launcher.Launcher.launch(Launcher.java:225)<br />
#x9;at org.codehaus.plexus.classworlds.launcher.Launcher.mainWithExitCode(Launcher.java:406)<br />
#x9;at org.codehaus.plexus.classworlds.launcher.Launcher.main(Launcher.java:347)<br />
Caused by: java.lang.IllegalStateException: /home/nick/development/contribution/checkstyle-tester/repositories/pmd/pmd-java/src/test/resources/net/sourceforge/pmd/lang/java/ast/jdkversiontests/jdk14_enum.java:2:2: unexpected token: int<br />
#x9;at com.puppycrawl.tools.checkstyle.JavaParser$1.reportError(JavaParser.java:108)<br />
#x9;at com.puppycrawl.tools.checkstyle.grammar.GeneratedJavaRecognizer.typeDefinition(GeneratedJavaRecognizer.java:429)<br />
#x9;at com.puppycrawl.tools.checkstyle.grammar.GeneratedJavaRecognizer.compilationUnit(GeneratedJavaRecognizer.java:212)<br />
#x9;at com.puppycrawl.tools.checkstyle.JavaParser.parse(JavaParser.java:114)<br />
#x9;... 36 more<br />
Caused by: /home/nick/development/contribution/checkstyle-tester/repositories/pmd/pmd-java/src/test/resources/net/sourceforge/pmd/lang/java/ast/jdkversiontests/jdk14_enum.java:2:2: unexpected token: int<br />
#x9;at com.puppycrawl.tools.checkstyle.grammar.GeneratedJavaRecognizer.field(GeneratedJavaRecognizer.java:3338)<br />
#x9;at com.puppycrawl.tools.checkstyle.grammar.GeneratedJavaRecognizer.classBlock(GeneratedJavaRecognizer.java:3586)<br />
#x9;at com.puppycrawl.tools.checkstyle.grammar.GeneratedJavaRecognizer.classDefinition(GeneratedJavaRecognizer.java:655)<br />
#x9;at com.puppycrawl.tools.checkstyle.grammar.GeneratedJavaRecognizer.typeDefinitionInternal(GeneratedJavaRecognizer.java:566)<br />
#x9;at com.puppycrawl.tools.checkstyle.grammar.GeneratedJavaRecognizer.typeDefinition(GeneratedJavaRecognizer.java:407)<br />
#x9;... 38 more<br />
</td>
								
									
									<td class="keepWidth"><a href = "xref/home/nick/development/contribution/checkstyle-tester/repositories/pmd/pmd-java/src/test/resources/net/sourceforge/pmd/lang/java/ast/jdkversiontests/jdk14_enum.java.html#L1">1</a></td>
								
								
									<td class="keepWidth"> </td>
									
								
							</tr>
						
							
								<tr class="a">
							
								<td class="keepWidth"><a name="A14" href = "#A14">#A14</a></td>
								<td>error</td>
								<td>Checker</td>
								<td>Got an exception - com.puppycrawl.tools.checkstyle.api.CheckstyleException: IllegalStateException occurred while parsing file /home/nick/development/contribution/checkstyle-tester/repositories/pmd/pmd-java/src/test/resources/net/sourceforge/pmd/lang/java/ast/jdkversiontests/jdk14_enum.java.<br />
#x9;at com.puppycrawl.tools.checkstyle.JavaParser.parse(JavaParser.java:120)<br />
#x9;at com.puppycrawl.tools.checkstyle.TreeWalker.processFiltered(TreeWalker.java:152)<br />
#x9;at com.puppycrawl.tools.checkstyle.api.AbstractFileSetCheck.process(AbstractFileSetCheck.java:87)<br />
#x9;at com.puppycrawl.tools.checkstyle.Checker.processFile(Checker.java:328)<br />
#x9;at com.puppycrawl.tools.checkstyle.Checker.processFiles(Checker.java:289)<br />
#x9;at com.puppycrawl.tools.checkstyle.Checker.process(Checker.java:221)<br />
#x9;at org.apache.maven.plugins.checkstyle.exec.DefaultCheckstyleExecutor.executeCheckstyle(DefaultCheckstyleExecutor.java:202)<br />
#x9;at org.apache.maven.plugins.checkstyle.AbstractCheckstyleReport.executeReport(AbstractCheckstyleReport.java:533)<br />
#x9;at org.apache.maven.plugins.checkstyle.CheckstyleReport.executeReport(CheckstyleReport.java:57)<br />
#x9;at org.apache.maven.reporting.AbstractMavenReport.generate(AbstractMavenReport.java:255)<br />
#x9;at org.apache.maven.plugins.site.ReportDocumentRenderer.renderDocument(ReportDocumentRenderer.java:219)<br />
#x9;at org.apache.maven.doxia.siterenderer.DefaultSiteRenderer.renderModule(DefaultSiteRenderer.java:319)<br />
#x9;at org.apache.maven.doxia.siterenderer.DefaultSiteRenderer.render(DefaultSiteRenderer.java:135)<br />
#x9;at org.apache.maven.plugins.site.SiteMojo.renderLocale(SiteMojo.java:175)<br />
#x9;at org.apache.maven.plugins.site.SiteMojo.execute(SiteMojo.java:138)<br />
#x9;at org.apache.maven.plugin.DefaultBuildPluginManager.executeMojo(DefaultBuildPluginManager.java:137)<br />
#x9;at org.apache.maven.lifecycle.internal.MojoExecutor.execute(MojoExecutor.java:210)<br />
#x9;at org.apache.maven.lifecycle.internal.MojoExecutor.execute(MojoExecutor.java:156)<br />
#x9;at org.apache.maven.lifecycle.internal.MojoExecutor.execute(MojoExecutor.java:148)<br />
#x9;at org.apache.maven.lifecycle.internal.LifecycleModuleBuilder.buildProject(LifecycleModuleBuilder.java:117)<br />
#x9;at org.apache.maven.lifecycle.internal.LifecycleModuleBuilder.buildProject(LifecycleModuleBuilder.java:81)<br />
#x9;at org.apache.maven.lifecycle.internal.builder.singlethreaded.SingleThreadedBuilder.build(SingleThreadedBuilder.java:56)<br />
#x9;at org.apache.maven.lifecycle.internal.LifecycleStarter.execute(LifecycleStarter.java:128)<br />
#x9;at org.apache.maven.DefaultMaven.doExecute(DefaultMaven.java:305)<br />
#x9;at org.apache.maven.DefaultMaven.doExecute(DefaultMaven.java:192)<br />
#x9;at org.apache.maven.DefaultMaven.execute(DefaultMaven.java:105)<br />
#x9;at org.apache.maven.cli.MavenCli.execute(MavenCli.java:957)<br />
#x9;at org.apache.maven.cli.MavenCli.doMain(MavenCli.java:289)<br />
#x9;at org.apache.maven.cli.MavenCli.main(MavenCli.java:193)<br />
#x9;at java.base/jdk.internal.reflect.NativeMethodAccessorImpl.invoke0(Native Method)<br />
#x9;at java.base/jdk.internal.reflect.NativeMethodAccessorImpl.invoke(NativeMethodAccessorImpl.java:62)<br />
#x9;at java.base/jdk.internal.reflect.DelegatingMethodAccessorImpl.invoke(DelegatingMethodAccessorImpl.java:43)<br />
#x9;at java.base/java.lang.reflect.Method.invoke(Method.java:566)<br />
#x9;at org.codehaus.plexus.classworlds.launcher.Launcher.launchEnhanced(Launcher.java:282)<br />
#x9;at org.codehaus.plexus.classworlds.launcher.Launcher.launch(Launcher.java:225)<br />
#x9;at org.codehaus.plexus.classworlds.launcher.Launcher.mainWithExitCode(Launcher.java:406)<br />
#x9;at org.codehaus.plexus.classworlds.launcher.Launcher.main(Launcher.java:347)<br />
Caused by: java.lang.IllegalStateException: /home/nick/development/contribution/checkstyle-tester/repositories/pmd/pmd-java/src/test/resources/net/sourceforge/pmd/lang/java/ast/jdkversiontests/jdk14_enum.java:2:2: unexpected token: int<br />
#x9;at com.puppycrawl.tools.checkstyle.JavaParser$1.reportError(JavaParser.java:108)<br />
#x9;at com.puppycrawl.tools.checkstyle.grammar.GeneratedJavaRecognizer.typeDefinition(GeneratedJavaRecognizer.java:429)<br />
#x9;at com.puppycrawl.tools.checkstyle.grammar.GeneratedJavaRecognizer.compilationUnit(GeneratedJavaRecognizer.java:212)<br />
#x9;at com.puppycrawl.tools.checkstyle.JavaParser.parse(JavaParser.java:114)<br />
#x9;... 36 more<br />
Caused by: /home/nick/development/contribution/checkstyle-tester/repositories/pmd/pmd-java/src/test/resources/net/sourceforge/pmd/lang/java/ast/jdkversiontests/jdk14_enum.java:2:2: unexpected token: int<br />
#x9;at com.puppycrawl.tools.checkstyle.grammar.GeneratedJavaRecognizer.field(GeneratedJavaRecognizer.java:3361)<br />
#x9;at com.puppycrawl.tools.checkstyle.grammar.GeneratedJavaRecognizer.classBlock(GeneratedJavaRecognizer.java:3609)<br />
#x9;at com.puppycrawl.tools.checkstyle.grammar.GeneratedJavaRecognizer.classDefinition(GeneratedJavaRecognizer.java:655)<br />
#x9;at com.puppycrawl.tools.checkstyle.grammar.GeneratedJavaRecognizer.typeDefinitionInternal(GeneratedJavaRecognizer.java:566)<br />
#x9;at com.puppycrawl.tools.checkstyle.grammar.GeneratedJavaRecognizer.typeDefinition(GeneratedJavaRecognizer.java:407)<br />
#x9;... 38 more<br />
</td>
								
									
									<td class="keepWidth"><a href = "xref/home/nick/development/contribution/checkstyle-tester/repositories/pmd/pmd-java/src/test/resources/net/sourceforge/pmd/lang/java/ast/jdkversiontests/jdk14_enum.java.html#L1">1</a></td>
								
								
									<td class="keepWidth"> </td>
									
								
							</tr>
						
					</table>
				</div>
			</div>
		</div>
	</body>
</html>