<?xml version="1.0" encoding="UTF-8"?>
<testsuite xmlns:xsi="http://www.w3.org/2001/XMLSchema-instance" xsi:noNamespaceSchemaLocation="https://maven.apache.org/surefire/maven-surefire-plugin/xsd/surefire-test-report.xsd" name="com.puppycrawl.tools.checkstyle.MainTest" time="1.818" tests="79" errors="28" skipped="0" failures="0">
  <properties>
[...]
</properties>
  <testcase name="testExceptionOnExecuteIgnoredModuleWithUnknownModuleName{Capturable}" classname="com.puppycrawl.tools.checkstyle.MainTest" time="0.167">
    <error message="java/util/WeakHashMap$HashIterator$HashIteratorShuffler" type="java.lang.NoClassDefFoundError">java.lang.NoClassDefFoundError: java/util/WeakHashMap$HashIterator$HashIteratorShuffler
	at com.puppycrawl.tools.checkstyle.MainTest.invokeMain(MainTest.java:1532)
	at com.puppycrawl.tools.checkstyle.MainTest.lambda$testExceptionOnExecuteIgnoredModuleWithUnknownModuleName$33(MainTest.java:1464)
	at com.puppycrawl.tools.checkstyle.MainTest.testExceptionOnExecuteIgnoredModuleWithUnknownModuleName(MainTest.java:1463)
</error>
  </testcase>
  <testcase name="testPlainOutputFormatCreateListener" classname="com.puppycrawl.tools.checkstyle.MainTest" time="0.003"/>
  <testcase name="testExcludeOption{Capturable, Capturable}" classname="com.puppycrawl.tools.checkstyle.MainTest" time="0.01"/>
  <testcase name="testWrongArgument{Capturable, Capturable}" classname="com.puppycrawl.tools.checkstyle.MainTest" time="0.01"/>
  <testcase name="testGenerateXpathSuppressionOptionDefaultTabWidth{Capturable, Capturable}" classname="com.puppycrawl.tools.checkstyle.MainTest" time="0.019">
    <error message="java/util/WeakHashMap$HashIterator$HashIteratorShuffler" type="java.lang.NoClassDefFoundError">java.lang.NoClassDefFoundError: java/util/WeakHashMap$HashIterator$HashIteratorShuffler
	at com.puppycrawl.tools.checkstyle.MainTest.testGenerateXpathSuppressionOptionDefaultTabWidth(MainTest.java:1271)
</error>
  </testcase>
  <testcase name="testPrintXpathCommentNode{Capturable, Capturable}" classname="com.puppycrawl.tools.checkstyle.MainTest" time="0.012"/>
  <testcase name="testIsProperUtilsClass" classname="com.puppycrawl.tools.checkstyle.MainTest" time="0.004"/>
  <testcase name="testListFilesNotFile" classname="com.puppycrawl.tools.checkstyle.MainTest" time="0.005"/>
  <testcase name="testExcludeOptionFile{Capturable, Capturable}" classname="com.puppycrawl.tools.checkstyle.MainTest" time="0.013"/>
  <testcase name="testExistingTargetFileXmlOutput{Capturable, Capturable}" classname="com.puppycrawl.tools.checkstyle.MainTest" time="0.015">
    <error message="java/util/WeakHashMap$HashIterator$HashIteratorShuffler" type="java.lang.NoClassDefFoundError">java.lang.NoClassDefFoundError: java/util/WeakHashMap$HashIterator$HashIteratorShuffler
	at com.puppycrawl.tools.checkstyle.MainTest.testExistingTargetFileXmlOutput(MainTest.java:376)
</error>
  </testcase>
  <testcase name="testExistingTargetFilePlainOutputNonexistentProperties{Capturable, Capturable}" classname="com.puppycrawl.tools.checkstyle.MainTest" time="0.011"/>
  <testcase name="testNonExistentTargetFile{Capturable, Capturable}" classname="com.puppycrawl.tools.checkstyle.MainTest" time="0.01"/>
  <testcase name="testExcludeRegexpOptionFile{Capturable, Capturable}" classname="com.puppycrawl.tools.checkstyle.MainTest" time="0.008"/>
  <testcase name="testExistingIncorrectChildrenInConfigFile{Capturable}" classname="com.puppycrawl.tools.checkstyle.MainTest" time="0.016">
    <error message="java/util/WeakHashMap$HashIterator$HashIteratorShuffler" type="java.lang.NoClassDefFoundError">java.lang.NoClassDefFoundError: java/util/WeakHashMap$HashIterator$HashIteratorShuffler
	at com.puppycrawl.tools.checkstyle.MainTest.invokeMain(MainTest.java:1532)
	at com.puppycrawl.tools.checkstyle.MainTest.lambda$testExistingIncorrectChildrenInConfigFile$13(MainTest.java:641)
	at com.puppycrawl.tools.checkstyle.MainTest.testExistingIncorrectChildrenInConfigFile(MainTest.java:640)
</error>
  </testcase>
  <testcase name="testNonClosedSystemStreams" classname="com.puppycrawl.tools.checkstyle.MainTest" time="0.012">
    <error message="java/util/WeakHashMap$HashIterator$HashIteratorShuffler" type="java.lang.NoClassDefFoundError">java.lang.NoClassDefFoundError: java/util/WeakHashMap$HashIterator$HashIteratorShuffler
	at com.puppycrawl.tools.checkstyle.MainTest.testNonClosedSystemStreams(MainTest.java:401)
</error>
  </testcase>
  <testcase name="testPrintXpathInvalidXpath{Capturable}" classname="com.puppycrawl.tools.checkstyle.MainTest" time="0.014"/>
  <testcase name="testPrintTreeCommentsOption{Capturable, Capturable}" classname="com.puppycrawl.tools.checkstyle.MainTest" time="0.015"/>
  <testcase name="testNonExistentConfigFile{Capturable, Capturable}" classname="com.puppycrawl.tools.checkstyle.MainTest" time="0.013"/>
  <testcase name="testExistingDirectoryWithViolations{Capturable, Capturable}" classname="com.puppycrawl.tools.checkstyle.MainTest" time="0.018">
    <error message="java/util/WeakHashMap$HashIterator$HashIteratorShuffler" type="java.lang.NoClassDefFoundError">java.lang.NoClassDefFoundError: java/util/WeakHashMap$HashIterator$HashIteratorShuffler
	at com.puppycrawl.tools.checkstyle.MainTest.testExistingDirectoryWithViolations(MainTest.java:711)
</error>
  </testcase>
  <testcase name="testExistingTargetFile{Capturable, Capturable}" classname="com.puppycrawl.tools.checkstyle.MainTest" time="0.011">
    <error message="java/util/WeakHashMap$HashIterator$HashIteratorShuffler" type="java.lang.NoClassDefFoundError">java.lang.NoClassDefFoundError: java/util/WeakHashMap$HashIterator$HashIteratorShuffler
	at com.puppycrawl.tools.checkstyle.MainTest.testExistingTargetFile(MainTest.java:367)
</error>
  </testcase>
  <testcase name="testGenerateXpathSuppressionOptionCustomTabWidth{Capturable, Capturable}" classname="com.puppycrawl.tools.checkstyle.MainTest" time="0.009">
    <error message="java/util/WeakHashMap$HashIterator$HashIteratorShuffler" type="java.lang.NoClassDefFoundError">java.lang.NoClassDefFoundError: java/util/WeakHashMap$HashIterator$HashIteratorShuffler
	at com.puppycrawl.tools.checkstyle.MainTest.testGenerateXpathSuppressionOptionCustomTabWidth(MainTest.java:1285)
</error>
  </testcase>
  <testcase name="testExcludeDirectoryNotMatch" classname="com.puppycrawl.tools.checkstyle.MainTest" time="0.003"/>
  <testcase name="testExistingTargetFilePlainOutputToFile{Capturable, Capturable}" classname="com.puppycrawl.tools.checkstyle.MainTest" time="0.012">
    <error message="java/util/WeakHashMap$HashIterator$HashIteratorShuffler" type="java.lang.NoClassDefFoundError">java.lang.NoClassDefFoundError: java/util/WeakHashMap$HashIterator$HashIteratorShuffler
	at com.puppycrawl.tools.checkstyle.MainTest.testExistingTargetFilePlainOutputToFile(MainTest.java:590)
</error>
  </testcase>
  <testcase name="testPrintXpathTwoResults{Capturable, Capturable}" classname="com.puppycrawl.tools.checkstyle.MainTest" time="0.063"/>
  <testcase name="testExistentTargetFilePlainOutputToNonExistentFile{Capturable, Capturable}" classname="com.puppycrawl.tools.checkstyle.MainTest" time="0.011">
    <error message="java/util/WeakHashMap$HashIterator$HashIteratorShuffler" type="java.lang.NoClassDefFoundError">java.lang.NoClassDefFoundError: java/util/WeakHashMap$HashIterator$HashIteratorShuffler
	at com.puppycrawl.tools.checkstyle.MainTest.testExistentTargetFilePlainOutputToNonExistentFile(MainTest.java:578)
</error>
  </testcase>
  <testcase name="testExistingTargetFileWithViolations{Capturable, Capturable}" classname="com.puppycrawl.tools.checkstyle.MainTest" time="0.013">
    <error message="java/util/WeakHashMap$HashIterator$HashIteratorShuffler" type="java.lang.NoClassDefFoundError">java.lang.NoClassDefFoundError: java/util/WeakHashMap$HashIterator$HashIteratorShuffler
	at com.puppycrawl.tools.checkstyle.MainTest.testExistingTargetFileWithViolations(MainTest.java:445)
</error>
  </testcase>
  <testcase name="testMissingFiles{Capturable, Capturable}" classname="com.puppycrawl.tools.checkstyle.MainTest" time="0.008"/>
  <testcase name="testExcludeRegexpOption{Capturable, Capturable}" classname="com.puppycrawl.tools.checkstyle.MainTest" time="0.009"/>
  <testcase name="testNonExistentOutputFormat{Capturable, Capturable}" classname="com.puppycrawl.tools.checkstyle.MainTest" time="0.008"/>
  <testcase name="testPrintTreeOption{Capturable, Capturable}" classname="com.puppycrawl.tools.checkstyle.MainTest" time="0.008"/>
  <testcase name="testUsageHelpPrint{Capturable, Capturable}" classname="com.puppycrawl.tools.checkstyle.MainTest" time="0.036"/>
  <testcase name="testXmlOutputFormatCreateListener" classname="com.puppycrawl.tools.checkstyle.MainTest" time="0.003"/>
  <testcase name="testNonExistentClass{Capturable}" classname="com.puppycrawl.tools.checkstyle.MainTest" time="0.012">
    <error message="java/util/WeakHashMap$HashIterator$HashIteratorShuffler" type="java.lang.NoClassDefFoundError">java.lang.NoClassDefFoundError: java/util/WeakHashMap$HashIterator$HashIteratorShuffler
	at com.puppycrawl.tools.checkstyle.MainTest.invokeMain(MainTest.java:1532)
	at com.puppycrawl.tools.checkstyle.MainTest.lambda$testNonExistentClass$7(MainTest.java:356)
	at com.puppycrawl.tools.checkstyle.MainTest.testNonExistentClass(MainTest.java:355)
</error>
  </testcase>
  <testcase name="testGenerateXpathSuppressionOptionCustomOutput{Capturable}" classname="com.puppycrawl.tools.checkstyle.MainTest" time="0.01">
    <error message="java/util/WeakHashMap$HashIterator$HashIteratorShuffler" type="java.lang.NoClassDefFoundError">java.lang.NoClassDefFoundError: java/util/WeakHashMap$HashIterator$HashIteratorShuffler
	at com.puppycrawl.tools.checkstyle.MainTest.testGenerateXpathSuppressionOptionCustomOutput(MainTest.java:1243)
</error>
  </testcase>
  <testcase name="testGetOutputStreamOptionsMethod" classname="com.puppycrawl.tools.checkstyle.MainTest" time="0.003"/>
  <testcase name="testNoProblemOnExecuteIgnoredModuleWithBadPropertyValue{Capturable}" classname="com.puppycrawl.tools.checkstyle.MainTest" time="0.016">
    <error message="java/util/WeakHashMap$HashIterator$HashIteratorShuffler" type="java.lang.NoClassDefFoundError">java.lang.NoClassDefFoundError: java/util/WeakHashMap$HashIterator$HashIteratorShuffler
	at com.puppycrawl.tools.checkstyle.MainTest.testNoProblemOnExecuteIgnoredModuleWithBadPropertyValue(MainTest.java:1490)
</error>
  </testcase>
  <testcase name="testLoadPropertiesIoException" classname="com.puppycrawl.tools.checkstyle.MainTest" time="0.004"/>
  <testcase name="testPrintSuppressionAndTabWidthOption{Capturable, Capturable}" classname="com.puppycrawl.tools.checkstyle.MainTest" time="0.009"/>
  <testcase name="testExistingIncorrectChildrenInConfigFile2{Capturable}" classname="com.puppycrawl.tools.checkstyle.MainTest" time="0.012">
    <error message="java/util/WeakHashMap$HashIterator$HashIteratorShuffler" type="java.lang.NoClassDefFoundError">java.lang.NoClassDefFoundError: java/util/WeakHashMap$HashIterator$HashIteratorShuffler
	at com.puppycrawl.tools.checkstyle.MainTest.invokeMain(MainTest.java:1532)
	at com.puppycrawl.tools.checkstyle.MainTest.lambda$testExistingIncorrectChildrenInConfigFile2$14(MainTest.java:654)
	at com.puppycrawl.tools.checkstyle.MainTest.testExistingIncorrectChildrenInConfigFile2(MainTest.java:653)
</error>
  </testcase>
  <testcase name="testPrintXpathNodeParentNull{Capturable, Capturable}" classname="com.puppycrawl.tools.checkstyle.MainTest" time="0.011"/>
  <testcase name="testGenerateXpathSuppressionOptionEmptyConfig{Capturable, Capturable}" classname="com.puppycrawl.tools.checkstyle.MainTest" time="0.013"/>
  <testcase name="testExistingTargetFileWithOneError{Capturable, Capturable}" classname="com.puppycrawl.tools.checkstyle.MainTest" time="0.014">
    <error message="java/util/WeakHashMap$HashIterator$HashIteratorShuffler" type="java.lang.NoClassDefFoundError">java.lang.NoClassDefFoundError: java/util/WeakHashMap$HashIterator$HashIteratorShuffler
	at com.puppycrawl.tools.checkstyle.MainTest.invokeMain(MainTest.java:1532)
	at com.puppycrawl.tools.checkstyle.MainTest.lambda$testExistingTargetFileWithOneError$9(MainTest.java:532)
	at com.puppycrawl.tools.checkstyle.MainTest.testExistingTargetFileWithOneError(MainTest.java:531)
</error>
  </testcase>
  <testcase name="testCustomSimpleRootModule{Capturable}" classname="com.puppycrawl.tools.checkstyle.MainTest" time="0.544"/>
  <testcase name="testExistingTargetFilePlainOutput{Capturable, Capturable}" classname="com.puppycrawl.tools.checkstyle.MainTest" time="0.013">
    <error message="java/util/WeakHashMap$HashIterator$HashIteratorShuffler" type="java.lang.NoClassDefFoundError">java.lang.NoClassDefFoundError: java/util/WeakHashMap$HashIterator$HashIteratorShuffler
	at com.puppycrawl.tools.checkstyle.MainTest.testExistingTargetFilePlainOutput(MainTest.java:435)
</error>
  </testcase>
  <testcase name="testVersionPrint{Capturable, Capturable}" classname="com.puppycrawl.tools.checkstyle.MainTest" time="0.006"/>
  <testcase name="testOutputFormatToStringLowercase" classname="com.puppycrawl.tools.checkstyle.MainTest" time="0.003"/>
  <testcase name="testExistingTargetFileWithError{Capturable, Capturable}" classname="com.puppycrawl.tools.checkstyle.MainTest" time="0.014">
    <error message="java/util/WeakHashMap$HashIterator$HashIteratorShuffler" type="java.lang.NoClassDefFoundError">java.lang.NoClassDefFoundError: java/util/WeakHashMap$HashIterator$HashIteratorShuffler
	at com.puppycrawl.tools.checkstyle.MainTest.invokeMain(MainTest.java:1532)
	at com.puppycrawl.tools.checkstyle.MainTest.lambda$testExistingTargetFileWithError$8(MainTest.java:494)
	at com.puppycrawl.tools.checkstyle.MainTest.testExistingTargetFileWithError(MainTest.java:493)
</error>
  </testcase>
  <testcase name="testWrongArgumentMissingFiles{Capturable, Capturable}" classname="com.puppycrawl.tools.checkstyle.MainTest" time="0.008"/>
  <testcase name="testGenerateXpathSuppressionOptionOne{Capturable, Capturable}" classname="com.puppycrawl.tools.checkstyle.MainTest" time="0.026">
    <error message="java/util/WeakHashMap$HashIterator$HashIteratorShuffler" type="java.lang.NoClassDefFoundError">java.lang.NoClassDefFoundError: java/util/WeakHashMap$HashIterator$HashIteratorShuffler
	at com.puppycrawl.tools.checkstyle.MainTest.testGenerateXpathSuppressionOptionOne(MainTest.java:1172)
</error>
  </testcase>
  <testcase name="testGenerateXpathSuppressionOptionTwo{Capturable, Capturable}" classname="com.puppycrawl.tools.checkstyle.MainTest" time="0.012">
    <error message="java/util/WeakHashMap$HashIterator$HashIteratorShuffler" type="java.lang.NoClassDefFoundError">java.lang.NoClassDefFoundError: java/util/WeakHashMap$HashIterator$HashIteratorShuffler
	at com.puppycrawl.tools.checkstyle.MainTest.testGenerateXpathSuppressionOptionTwo(MainTest.java:1207)
</error>
  </testcase>
  <testcase name="testPrintSuppressionConflictingOptionsTvsC{Capturable, Capturable}" classname="com.puppycrawl.tools.checkstyle.MainTest" time="0.01"/>
  <testcase name="testPrintSuppressionConflictingOptionsTvsF{Capturable, Capturable}" classname="com.puppycrawl.tools.checkstyle.MainTest" time="0.009"/>
  <testcase name="testPrintSuppressionConflictingOptionsTvsO{Capturable, Capturable}" classname="com.puppycrawl.tools.checkstyle.MainTest" time="0.008"/>
  <testcase name="testPrintSuppressionConflictingOptionsTvsP{Capturable, Capturable}" classname="com.puppycrawl.tools.checkstyle.MainTest" time="0.008"/>
  <testcase name="testPrintFullTreeOption{Capturable, Capturable}" classname="com.puppycrawl.tools.checkstyle.MainTest" time="0.009"/>
  <testcase name="testExistingTargetFilePlainOutputProperties{Capturable, Capturable}" classname="com.puppycrawl.tools.checkstyle.MainTest" time="0.013">
    <error message="java/util/WeakHashMap$HashIterator$HashIteratorShuffler" type="java.lang.NoClassDefFoundError">java.lang.NoClassDefFoundError: java/util/WeakHashMap$HashIterator$HashIteratorShuffler
	at com.puppycrawl.tools.checkstyle.MainTest.testExistingTargetFilePlainOutputProperties(MainTest.java:608)
</error>
  </testcase>
  <testcase name="testViolationsByGoogleAndXpathSuppressions{Capturable, Capturable}" classname="com.puppycrawl.tools.checkstyle.MainTest" time="0.018">
    <error message="java/util/WeakHashMap$HashIterator$HashIteratorShuffler" type="java.lang.NoClassDefFoundError">java.lang.NoClassDefFoundError: java/util/WeakHashMap$HashIterator$HashIteratorShuffler
	at com.puppycrawl.tools.checkstyle.MainTest.testViolationsByGoogleAndXpathSuppressions(MainTest.java:473)
</error>
  </testcase>
  <testcase name="testCreateNonExistentOutputFile" classname="com.puppycrawl.tools.checkstyle.MainTest" time="0.012">
    <error message="java/util/WeakHashMap$HashIterator$HashIteratorShuffler" type="java.lang.NoClassDefFoundError">java.lang.NoClassDefFoundError: java/util/WeakHashMap$HashIterator$HashIteratorShuffler
	at com.puppycrawl.tools.checkstyle.MainTest.testCreateNonExistentOutputFile(MainTest.java:600)
</error>
  </testcase>
  <testcase name="testExistingTargetFileButWithoutReadAccess{Capturable, Capturable}" classname="com.puppycrawl.tools.checkstyle.MainTest" time="0.008"/>
  <testcase name="testPrintSuppressionOption{Capturable, Capturable}" classname="com.puppycrawl.tools.checkstyle.MainTest" time="0.01"/>
  <testcase name="testFileReferenceDuringException{Capturable}" classname="com.puppycrawl.tools.checkstyle.MainTest" time="0.012">
    <error message="java/util/WeakHashMap$HashIterator$HashIteratorShuffler" type="java.lang.NoClassDefFoundError">java.lang.NoClassDefFoundError: java/util/WeakHashMap$HashIterator$HashIteratorShuffler
	at com.puppycrawl.tools.checkstyle.MainTest.invokeMain(MainTest.java:1532)
	at com.puppycrawl.tools.checkstyle.MainTest.lambda$testFileReferenceDuringException$15(MainTest.java:799)
	at com.puppycrawl.tools.checkstyle.MainTest.testFileReferenceDuringException(MainTest.java:798)
</error>
  </testcase>
  <testcase name="testExistingTargetFileWithOneErrorAgainstSunCheck{Capturable, Capturable}" classname="com.puppycrawl.tools.checkstyle.MainTest" time="0.016">
    <error message="java/util/WeakHashMap$HashIterator$HashIteratorShuffler" type="java.lang.NoClassDefFoundError">java.lang.NoClassDefFoundError: java/util/WeakHashMap$HashIterator$HashIteratorShuffler
	at com.puppycrawl.tools.checkstyle.MainTest.invokeMain(MainTest.java:1532)
	at com.puppycrawl.tools.checkstyle.MainTest.lambda$testExistingTargetFileWithOneErrorAgainstSunCheck$10(MainTest.java:557)
	at com.puppycrawl.tools.checkstyle.MainTest.testExistingTargetFileWithOneErrorAgainstSunCheck(MainTest.java:556)
</error>
  </testcase>
  <testcase name="testNoConfigSpecified{Capturable, Capturable}" classname="com.puppycrawl.tools.checkstyle.MainTest" time="0.01"/>
  <testcase name="testPrintXpathFullOption{Capturable, Capturable}" classname="com.puppycrawl.tools.checkstyle.MainTest" time="0.013"/>
  <testcase name="testPrintSuppressionOnMoreThanOneFile{Capturable, Capturable}" classname="com.puppycrawl.tools.checkstyle.MainTest" time="0.012"/>
  <testcase name="testPrintTreeOnMoreThanOneFile{Capturable, Capturable}" classname="com.puppycrawl.tools.checkstyle.MainTest" time="0.009"/>
  <testcase name="testPrintTreeJavadocOption{Capturable, Capturable}" classname="com.puppycrawl.tools.checkstyle.MainTest" time="0.041"/>
  <testcase name="testViolationsByGoogleAndSuppressions{Capturable, Capturable}" classname="com.puppycrawl.tools.checkstyle.MainTest" time="0.023">
    <error message="java/util/WeakHashMap$HashIterator$HashIteratorShuffler" type="java.lang.NoClassDefFoundError">java.lang.NoClassDefFoundError: java/util/WeakHashMap$HashIterator$HashIteratorShuffler
	at com.puppycrawl.tools.checkstyle.MainTest.testViolationsByGoogleAndSuppressions(MainTest.java:484)
</error>
  </testcase>
  <testcase name="testCustomRootModule{Capturable, Capturable}" classname="com.puppycrawl.tools.checkstyle.MainTest" time="0.011"/>
  <testcase name="testPrintXpathOption{Capturable, Capturable}" classname="com.puppycrawl.tools.checkstyle.MainTest" time="0.009"/>
  <testcase name="testConflictingOptionsTvsC{Capturable, Capturable}" classname="com.puppycrawl.tools.checkstyle.MainTest" time="0.007"/>
  <testcase name="testConflictingOptionsTvsF{Capturable, Capturable}" classname="com.puppycrawl.tools.checkstyle.MainTest" time="0.007"/>
  <testcase name="testConflictingOptionsTvsO{Capturable, Capturable}" classname="com.puppycrawl.tools.checkstyle.MainTest" time="0.007"/>
  <testcase name="testConflictingOptionsTvsP{Capturable, Capturable}" classname="com.puppycrawl.tools.checkstyle.MainTest" time="0.006"/>
  <testcase name="testConflictingOptionsTvsS{Capturable, Capturable}" classname="com.puppycrawl.tools.checkstyle.MainTest" time="0.006"/>
  <testcase name="testDebugOption{Capturable}" classname="com.puppycrawl.tools.checkstyle.MainTest" time="0.044">
    <error message="java/util/WeakHashMap$HashIterator$HashIteratorShuffler" type="java.lang.NoClassDefFoundError">java.lang.NoClassDefFoundError: java/util/WeakHashMap$HashIterator$HashIteratorShuffler
	at com.puppycrawl.tools.checkstyle.MainTest.testDebugOption(MainTest.java:1359)
</error>
  </testcase>
  <testcase name="testExistingIncorrectConfigFile{Capturable}" classname="com.puppycrawl.tools.checkstyle.MainTest" time="0.009"/>
  <testcase name="testExceptionOnExecuteIgnoredModuleWithBadPropertyValue{Capturable}" classname="com.puppycrawl.tools.checkstyle.MainTest" time="0.01">
    <error message="java/util/WeakHashMap$HashIterator$HashIteratorShuffler" type="java.lang.NoClassDefFoundError">java.lang.NoClassDefFoundError: java/util/WeakHashMap$HashIterator$HashIteratorShuffler
	at com.puppycrawl.tools.checkstyle.MainTest.invokeMain(MainTest.java:1532)
	at com.puppycrawl.tools.checkstyle.MainTest.lambda$testExceptionOnExecuteIgnoredModuleWithBadPropertyValue$34(MainTest.java:1476)
	at com.puppycrawl.tools.checkstyle.MainTest.testExceptionOnExecuteIgnoredModuleWithBadPropertyValue(MainTest.java:1475)
</error>
  </testcase>
  <testcase name="testListFilesDirectoryWithNull" classname="com.puppycrawl.tools.checkstyle.MainTest" time="0.004"/>
</testsuite>