<html>
	<head>
		<title>checkstyle xml difference report</title>
		<style type="text/css" media="all">@import url("./css/maven-base.css");@import url("./css/maven-theme.css"); );</style>
		<link rel="stylesheet" href="./css/site.css">
		<meta name="viewport" content="width=device-width, initial-scale=1">
		<http-equiv http-equiv="Content-Language" content="en"></http-equiv>
	</head>
	<body class="composite">
		<div id="contentBox">
			<div class="section">
				<h2 a="Checkstyle XML difference report">Checkstyle XML difference report</h2>
				This is symmetric difference generated from two checkstyle-result.xml reports. <br/>
				All matching records from each XML file are deleted, then remaining records are merged into single report. <br>
		        <a href="https://github.com/checkstyle/contribution/tree/master/patch-diff-report-tool">Utility that generated this report.</a>
			</div>

			
				<h2 a="Checkstyle configuration report">Checkstyle configuration report</h2>
				<div class="section">
					<table border="0" class="bodyTable">
							<tr class="a">
								<th>Module Name</th>
								<th>Base properties</th>
								<th>Patch properties</th>
							</tr>
							
								
									<tr>
										<td class="c">Checker</td>
										
										<td class="c">
											
												severity
												
													<li>warning</li>
												
												<br/>
											
												charset
												
													<li>UTF-8</li>
												
												<br/>
											
												haltOnException
												
													<li>false</li>
												
												<br/>
											
										</td>
										
										
										<td class="c">
											
												severity
												
													<li>warning</li>
												
												<br/>
											
												charset
												
													<li>UTF-8</li>
												
												<br/>
											
												haltOnException
												
													<li>false</li>
												
												<br/>
											
										</td>
										
									</tr>
									
										
									<tr>
										<td class="c">BeforeExecutionExclusionFileFilter</td>
										
										<td class="c">
											
												fileNamePattern
												
													<li>module\-info\.java$</li>
												
												<br/>
											
										</td>
										
										
										<td class="c">
											
												fileNamePattern
												
													<li>module\-info\.java$</li>
												
												<br/>
											
										</td>
										
									</tr>
									
								
									
										
									<tr>
										<td class="c">TreeWalker</td>
										
										<td class="c">
											
												tabWidth
												
													<li>4</li>
												
												<br/>
											
										</td>
										
										
										<td class="c">
											
												tabWidth
												
													<li>4</li>
												
												<br/>
											
										</td>
										
									</tr>
									
										
									<tr>
										<td class="c">AtclauseOrder</td>
										
										<td class="c">
											
										</td>
										
										
										<td class="c">
											
										</td>
										
									</tr>
									
								
									
										
									<tr>
										<td class="c">JavadocBlockTagLocation</td>
										
										<td class="c">
											
										</td>
										
										
										<td class="c">
											
										</td>
										
									</tr>
									
								
									
										
									<tr>
										<td class="c">JavadocContentLocation</td>
										
										<td class="c">
											
										</td>
										
										
										<td class="c">
											
										</td>
										
									</tr>
									
								
									
										
									<tr>
										<td class="c">JavadocMissingWhitespaceAfterAsterisk</td>
										
										<td class="c">
											
										</td>
										
										
										<td class="c">
											
										</td>
										
									</tr>
									
								
									
										
									<tr>
										<td class="c">JavadocParagraph</td>
										
										<td class="c">
											
										</td>
										
										
										<td class="c">
											
										</td>
										
									</tr>
									
								
									
										
									<tr>
										<td class="c">JavadocTagContinuationIndentation</td>
										
										<td class="c">
											
										</td>
										
										
										<td class="c">
											
										</td>
										
									</tr>
									
								
									
										
									<tr>
										<td class="c">MissingDeprecated</td>
										
										<td class="c">
											
										</td>
										
										
										<td class="c">
											
										</td>
										
									</tr>
									
								
									
										
									<tr>
										<td class="c">NonEmptyAtclauseDescription</td>
										
										<td class="c">
											
										</td>
										
										
										<td class="c">
											
										</td>
										
									</tr>
									
								
									
										
									<tr>
										<td class="c">SingleLineJavadoc</td>
										
										<td class="c">
											
										</td>
										
										
										<td class="c">
											
										</td>
										
									</tr>
									
								
									
										
									<tr>
										<td class="c">SummaryJavadoc</td>
										
										<td class="c">
											
										</td>
										
										
										<td class="c">
											
										</td>
										
									</tr>
									
								
									
								
									
								
								
					</table>	
				</div>
			

			<div class="section">
				<h2 a="Summary:">Summary:</h2>
				<div class="section">
					<table border="0" class="bodyTable">
						<tr class="a">
							<th>Report id</th>
							<th>Files</th>
							<th>Violations</th>
							
								<th>Severity-warning</th>
							
								<th>Severity-error</th>
							
						</tr>
						<tr class="b">
							<td>base</td>
							<td id="filesBase">2437</td>
							<td id="totalBase">3087</td>
							
								<td id="warningSeverityNumBase">3077</td>
							
								<td id="errorSeverityNumBase">10</td>
							
						</tr>
						<tr class="a">
							<td>patch</td>
							<td id="filesPatch">2437</td>
							<td id="totalPatch">3087 (4 removed, 4 added)</td>
							
								<td id="warningSeverityStatisticsPatch">3078 (1 added)</td>
							
								<td id="errorSeverityStatisticsPatch">9 (4 removed, 3 added)</td>
							
						</tr>
						<tr class="d">
							<td/>
							<td id="filesDiff">4 files with differences</td>
							<td id="totalDiff">8 changes in violations</td>
							
								<td id="warningSeverityNumDiff">1 change in violations</td>
							
								<td id="errorSeverityNumDiff">7 changes in violations</td>
							
						<tr>
					</table>

					
						<br />
						<table border="0" class="bodyTable">
							<tr class="a">
								<th>Report id</th>
								
									<th>com.puppycrawl.tools.checkstyle.checks.annotation.MissingDeprecatedCheck</th>
								
									<th>com.puppycrawl.tools.checkstyle.checks.javadoc.AtclauseOrderCheck</th>
								
									<th>com.puppycrawl.tools.checkstyle.Checker</th>
								
									<th>com.puppycrawl.tools.checkstyle.checks.javadoc.JavadocContentLocationCheck</th>
								
									<th>com.puppycrawl.tools.checkstyle.checks.javadoc.JavadocMissingWhitespaceAfterAsteriskCheck</th>
								
									<th>com.puppycrawl.tools.checkstyle.checks.javadoc.JavadocParagraphCheck</th>
								
									<th>com.puppycrawl.tools.checkstyle.checks.javadoc.SingleLineJavadocCheck</th>
								
									<th>com.puppycrawl.tools.checkstyle.checks.javadoc.NonEmptyAtclauseDescriptionCheck</th>
								
									<th>com.puppycrawl.tools.checkstyle.checks.javadoc.SummaryJavadocCheck</th>
								
									<th>com.puppycrawl.tools.checkstyle.checks.javadoc.JavadocTagContinuationIndentationCheck</th>
								
									<th>com.puppycrawl.tools.checkstyle.checks.javadoc.JavadocBlockTagLocationCheck</th>
								
							</tr>
							<tr class="b">
								<td>base</td>
								
									<td id="com.puppycrawl.tools.checkstyle.checks.annotation.MissingDeprecatedCheckModuleNumBase">154</td>
								
									<td id="com.puppycrawl.tools.checkstyle.checks.javadoc.AtclauseOrderCheckModuleNumBase">246</td>
								
									<td id="com.puppycrawl.tools.checkstyle.CheckerModuleNumBase">10</td>
								
									<td id="com.puppycrawl.tools.checkstyle.checks.javadoc.JavadocContentLocationCheckModuleNumBase">170</td>
								
									<td id="com.puppycrawl.tools.checkstyle.checks.javadoc.JavadocMissingWhitespaceAfterAsteriskCheckModuleNumBase">168</td>
								
									<td id="com.puppycrawl.tools.checkstyle.checks.javadoc.JavadocParagraphCheckModuleNumBase">128</td>
								
									<td id="com.puppycrawl.tools.checkstyle.checks.javadoc.SingleLineJavadocCheckModuleNumBase">74</td>
								
									<td id="com.puppycrawl.tools.checkstyle.checks.javadoc.NonEmptyAtclauseDescriptionCheckModuleNumBase">85</td>
								
									<td id="com.puppycrawl.tools.checkstyle.checks.javadoc.SummaryJavadocCheckModuleNumBase">1922</td>
								
									<td id="com.puppycrawl.tools.checkstyle.checks.javadoc.JavadocTagContinuationIndentationCheckModuleNumBase">62</td>
								
									<td id="com.puppycrawl.tools.checkstyle.checks.javadoc.JavadocBlockTagLocationCheckModuleNumBase">68</td>
								
							</tr>
							<tr class="a">
								<td>patch</td>
								
									<td id="com.puppycrawl.tools.checkstyle.checks.annotation.MissingDeprecatedCheckModuleStatisticsPatch">154</td>
								
									<td id="com.puppycrawl.tools.checkstyle.checks.javadoc.AtclauseOrderCheckModuleStatisticsPatch">246</td>
								
									<td id="com.puppycrawl.tools.checkstyle.CheckerModuleStatisticsPatch">9 (4 removed, 3 added)</td>
								
									<td id="com.puppycrawl.tools.checkstyle.checks.javadoc.JavadocContentLocationCheckModuleStatisticsPatch">170</td>
								
									<td id="com.puppycrawl.tools.checkstyle.checks.javadoc.JavadocMissingWhitespaceAfterAsteriskCheckModuleStatisticsPatch">168</td>
								
									<td id="com.puppycrawl.tools.checkstyle.checks.javadoc.JavadocParagraphCheckModuleStatisticsPatch">128</td>
								
									<td id="com.puppycrawl.tools.checkstyle.checks.javadoc.SingleLineJavadocCheckModuleStatisticsPatch">74</td>
								
									<td id="com.puppycrawl.tools.checkstyle.checks.javadoc.NonEmptyAtclauseDescriptionCheckModuleStatisticsPatch">85</td>
								
									<td id="com.puppycrawl.tools.checkstyle.checks.javadoc.SummaryJavadocCheckModuleStatisticsPatch">1923 (1 added)</td>
								
									<td id="com.puppycrawl.tools.checkstyle.checks.javadoc.JavadocTagContinuationIndentationCheckModuleStatisticsPatch">62</td>
								
									<td id="com.puppycrawl.tools.checkstyle.checks.javadoc.JavadocBlockTagLocationCheckModuleStatisticsPatch">68</td>
								
							</tr>
							<tr class="d">
								<td>changes in violations</td>
								
									<td id="com.puppycrawl.tools.checkstyle.checks.annotation.MissingDeprecatedCheckModuleNumDiff">0</td>
								
									<td id="com.puppycrawl.tools.checkstyle.checks.javadoc.AtclauseOrderCheckModuleNumDiff">0</td>
								
									<td id="com.puppycrawl.tools.checkstyle.CheckerModuleNumDiff">7</td>
								
									<td id="com.puppycrawl.tools.checkstyle.checks.javadoc.JavadocContentLocationCheckModuleNumDiff">0</td>
								
									<td id="com.puppycrawl.tools.checkstyle.checks.javadoc.JavadocMissingWhitespaceAfterAsteriskCheckModuleNumDiff">0</td>
								
									<td id="com.puppycrawl.tools.checkstyle.checks.javadoc.JavadocParagraphCheckModuleNumDiff">0</td>
								
									<td id="com.puppycrawl.tools.checkstyle.checks.javadoc.SingleLineJavadocCheckModuleNumDiff">0</td>
								
									<td id="com.puppycrawl.tools.checkstyle.checks.javadoc.NonEmptyAtclauseDescriptionCheckModuleNumDiff">0</td>
								
									<td id="com.puppycrawl.tools.checkstyle.checks.javadoc.SummaryJavadocCheckModuleNumDiff">1</td>
								
									<td id="com.puppycrawl.tools.checkstyle.checks.javadoc.JavadocTagContinuationIndentationCheckModuleNumDiff">0</td>
								
									<td id="com.puppycrawl.tools.checkstyle.checks.javadoc.JavadocBlockTagLocationCheckModuleNumDiff">0</td>
								
							<tr>
						</table>
					

					<br />
					Number of unique base messages reported below: <span id="uniqueMessagesBase">4</span><br />
					Number of unique patch messages reported below: <span id="uniqueMessagesPatch">4</span><br />
				</div>
			</div>

			<div class="section">
				<h2 a="Violations:">Violations:</h2>
				<div class="section">
					<h3>/home/nick/development/contribution/checkstyle-tester/repositories/checkstyle-with-excludes/src/test/resources-noncompilable/com/puppycrawl/tools/checkstyle/grammar/java14/InputJava14InstanceofWithPatternMatching.java</h3>
					<tr class="b">
					<table border="0" class="bodyTable">
					        <th></th>
							<th>Severity</th>
							<th>Rule</th>
							<th>Message</th>
							<th>Line</th>
							<th>Col</th>
						</tr>
						
							
								<tr class="b">
								
								<td class="keepWidth"><a name="A1" href = "#A1">#A1</a></td>
								<td>error</td>
								<td>Checker</td>
								<td>Got an exception - com.puppycrawl.tools.checkstyle.api.CheckstyleException: IllegalStateException occurred while parsing file /home/nick/development/contribution/checkstyle-tester/repositories/checkstyle-with-excludes/src/test/resources-noncompilable/com/puppycrawl/tools/checkstyle/grammar/java14/InputJava14InstanceofWithPatternMatching.java.<br />
#x9;at com.puppycrawl.tools.checkstyle.JavaParser.parse(JavaParser.java:106)<br />
#x9;at com.puppycrawl.tools.checkstyle.TreeWalker.processFiltered(TreeWalker.java:149)<br />
#x9;at com.puppycrawl.tools.checkstyle.api.AbstractFileSetCheck.process(AbstractFileSetCheck.java:87)<br />
#x9;at com.puppycrawl.tools.checkstyle.Checker.processFile(Checker.java:337)<br />
#x9;at com.puppycrawl.tools.checkstyle.Checker.processFiles(Checker.java:298)<br />
#x9;at com.puppycrawl.tools.checkstyle.Checker.process(Checker.java:221)<br />
#x9;at org.apache.maven.plugins.checkstyle.exec.DefaultCheckstyleExecutor.executeCheckstyle(DefaultCheckstyleExecutor.java:202)<br />
#x9;at org.apache.maven.plugins.checkstyle.AbstractCheckstyleReport.executeReport(AbstractCheckstyleReport.java:533)<br />
#x9;at org.apache.maven.plugins.checkstyle.CheckstyleReport.executeReport(CheckstyleReport.java:57)<br />
#x9;at org.apache.maven.reporting.AbstractMavenReport.generate(AbstractMavenReport.java:255)<br />
#x9;at org.apache.maven.plugins.site.ReportDocumentRenderer.renderDocument(ReportDocumentRenderer.java:219)<br />
#x9;at org.apache.maven.doxia.siterenderer.DefaultSiteRenderer.renderModule(DefaultSiteRenderer.java:319)<br />
#x9;at org.apache.maven.doxia.siterenderer.DefaultSiteRenderer.render(DefaultSiteRenderer.java:135)<br />
#x9;at org.apache.maven.plugins.site.SiteMojo.renderLocale(SiteMojo.java:175)<br />
#x9;at org.apache.maven.plugins.site.SiteMojo.execute(SiteMojo.java:138)<br />
#x9;at org.apache.maven.plugin.DefaultBuildPluginManager.executeMojo(DefaultBuildPluginManager.java:137)<br />
#x9;at org.apache.maven.lifecycle.internal.MojoExecutor.execute(MojoExecutor.java:210)<br />
#x9;at org.apache.maven.lifecycle.internal.MojoExecutor.execute(MojoExecutor.java:156)<br />
#x9;at org.apache.maven.lifecycle.internal.MojoExecutor.execute(MojoExecutor.java:148)<br />
#x9;at org.apache.maven.lifecycle.internal.LifecycleModuleBuilder.buildProject(LifecycleModuleBuilder.java:117)<br />
#x9;at org.apache.maven.lifecycle.internal.LifecycleModuleBuilder.buildProject(LifecycleModuleBuilder.java:81)<br />
#x9;at org.apache.maven.lifecycle.internal.builder.singlethreaded.SingleThreadedBuilder.build(SingleThreadedBuilder.java:56)<br />
#x9;at org.apache.maven.lifecycle.internal.LifecycleStarter.execute(LifecycleStarter.java:128)<br />
#x9;at org.apache.maven.DefaultMaven.doExecute(DefaultMaven.java:305)<br />
#x9;at org.apache.maven.DefaultMaven.doExecute(DefaultMaven.java:192)<br />
#x9;at org.apache.maven.DefaultMaven.execute(DefaultMaven.java:105)<br />
#x9;at org.apache.maven.cli.MavenCli.execute(MavenCli.java:957)<br />
#x9;at org.apache.maven.cli.MavenCli.doMain(MavenCli.java:289)<br />
#x9;at org.apache.maven.cli.MavenCli.main(MavenCli.java:193)<br />
#x9;at java.base/jdk.internal.reflect.NativeMethodAccessorImpl.invoke0(Native Method)<br />
#x9;at java.base/jdk.internal.reflect.NativeMethodAccessorImpl.invoke(NativeMethodAccessorImpl.java:62)<br />
#x9;at java.base/jdk.internal.reflect.DelegatingMethodAccessorImpl.invoke(DelegatingMethodAccessorImpl.java:43)<br />
#x9;at java.base/java.lang.reflect.Method.invoke(Method.java:566)<br />
#x9;at org.codehaus.plexus.classworlds.launcher.Launcher.launchEnhanced(Launcher.java:282)<br />
#x9;at org.codehaus.plexus.classworlds.launcher.Launcher.launch(Launcher.java:225)<br />
#x9;at org.codehaus.plexus.classworlds.launcher.Launcher.mainWithExitCode(Launcher.java:406)<br />
#x9;at org.codehaus.plexus.classworlds.launcher.Launcher.main(Launcher.java:347)<br />
Caused by: java.lang.IllegalStateException: /home/nick/development/contribution/checkstyle-tester/repositories/checkstyle-with-excludes/src/test/resources-noncompilable/com/puppycrawl/tools/checkstyle/grammar/java14/InputJava14InstanceofWithPatternMatching.java:23:44: expecting SEMI, found &#39;other&#39;<br />
#x9;at com.puppycrawl.tools.checkstyle.JavaParser$1.reportError(JavaParser.java:94)<br />
#x9;at com.puppycrawl.tools.checkstyle.grammar.GeneratedJavaRecognizer.typeDefinition(GeneratedJavaRecognizer.java:411)<br />
#x9;at com.puppycrawl.tools.checkstyle.grammar.GeneratedJavaRecognizer.compilationUnit(GeneratedJavaRecognizer.java:202)<br />
#x9;at com.puppycrawl.tools.checkstyle.JavaParser.parse(JavaParser.java:100)<br />
#x9;... 36 more<br />
Caused by: /home/nick/development/contribution/checkstyle-tester/repositories/checkstyle-with-excludes/src/test/resources-noncompilable/com/puppycrawl/tools/checkstyle/grammar/java14/InputJava14InstanceofWithPatternMatching.java:23:44: expecting SEMI, found &#39;other&#39;<br />
#x9;at antlr.Parser.match(Parser.java:211)<br />
#x9;at com.puppycrawl.tools.checkstyle.grammar.GeneratedJavaRecognizer.traditionalStatement(GeneratedJavaRecognizer.java:5416)<br />
#x9;at com.puppycrawl.tools.checkstyle.grammar.GeneratedJavaRecognizer.statement(GeneratedJavaRecognizer.java:4389)<br />
#x9;at com.puppycrawl.tools.checkstyle.grammar.GeneratedJavaRecognizer.compoundStatement(GeneratedJavaRecognizer.java:4057)<br />
#x9;at com.puppycrawl.tools.checkstyle.grammar.GeneratedJavaRecognizer.field(GeneratedJavaRecognizer.java:3447)<br />
#x9;at com.puppycrawl.tools.checkstyle.grammar.GeneratedJavaRecognizer.classBlock(GeneratedJavaRecognizer.java:2643)<br />
#x9;at com.puppycrawl.tools.checkstyle.grammar.GeneratedJavaRecognizer.classDefinition(GeneratedJavaRecognizer.java:626)<br />
#x9;at com.puppycrawl.tools.checkstyle.grammar.GeneratedJavaRecognizer.typeDefinitionInternal(GeneratedJavaRecognizer.java:548)<br />
#x9;at com.puppycrawl.tools.checkstyle.grammar.GeneratedJavaRecognizer.field(GeneratedJavaRecognizer.java:3352)<br />
#x9;at com.puppycrawl.tools.checkstyle.grammar.GeneratedJavaRecognizer.classBlock(GeneratedJavaRecognizer.java:2643)<br />
#x9;at com.puppycrawl.tools.checkstyle.grammar.GeneratedJavaRecognizer.classDefinition(GeneratedJavaRecognizer.java:626)<br />
#x9;at com.puppycrawl.tools.checkstyle.grammar.GeneratedJavaRecognizer.typeDefinitionInternal(GeneratedJavaRecognizer.java:548)<br />
#x9;at com.puppycrawl.tools.checkstyle.grammar.GeneratedJavaRecognizer.typeDefinition(GeneratedJavaRecognizer.java:389)<br />
#x9;... 38 more<br />
</td>
								
									
									<td class="keepWidth"><a href = "xref/home/nick/development/contribution/checkstyle-tester/repositories/checkstyle-with-excludes/src/test/resources-noncompilable/com/puppycrawl/tools/checkstyle/grammar/java14/InputJava14InstanceofWithPatternMatching.java.html#L1">1</a></td>
								
								
									<td class="keepWidth"> </td>
									
								
							</tr>
						
							
								<tr class="a">
							
								<td class="keepWidth"><a name="A2" href = "#A2">#A2</a></td>
								<td>warning</td>
								<td>SummaryJavadoc</td>
								<td>First sentence of Javadoc is missing an ending period.</td>
								
									
									<td class="keepWidth"><a href = "xref/home/nick/development/contribution/checkstyle-tester/repositories/checkstyle-with-excludes/src/test/resources-noncompilable/com/puppycrawl/tools/checkstyle/grammar/java14/InputJava14InstanceofWithPatternMatching.java.html#L7">7</a></td>
								
								
									<td class="keepWidth"> </td>
									
								
							</tr>
						
					</table>
				</div>
				<div class="section">
					<h3>/home/nick/development/contribution/checkstyle-tester/repositories/checkstyle-with-excludes/src/test/resources-noncompilable/com/puppycrawl/tools/checkstyle/grammar/java14/InputJava14Records.java</h3>
					<tr class="b">
					<table border="0" class="bodyTable">
					        <th></th>
							<th>Severity</th>
							<th>Rule</th>
							<th>Message</th>
							<th>Line</th>
							<th>Col</th>
						</tr>
						
							
								<tr class="b">
								
								<td class="keepWidth"><a name="A3" href = "#A3">#A3</a></td>
								<td>error</td>
								<td>Checker</td>
								<td>Got an exception - com.puppycrawl.tools.checkstyle.api.CheckstyleException: IllegalStateException occurred while parsing file /home/nick/development/contribution/checkstyle-tester/repositories/checkstyle-with-excludes/src/test/resources-noncompilable/com/puppycrawl/tools/checkstyle/grammar/java14/InputJava14Records.java.<br />
#x9;at com.puppycrawl.tools.checkstyle.JavaParser.parse(JavaParser.java:106)<br />
#x9;at com.puppycrawl.tools.checkstyle.TreeWalker.processFiltered(TreeWalker.java:149)<br />
#x9;at com.puppycrawl.tools.checkstyle.api.AbstractFileSetCheck.process(AbstractFileSetCheck.java:87)<br />
#x9;at com.puppycrawl.tools.checkstyle.Checker.processFile(Checker.java:337)<br />
#x9;at com.puppycrawl.tools.checkstyle.Checker.processFiles(Checker.java:298)<br />
#x9;at com.puppycrawl.tools.checkstyle.Checker.process(Checker.java:221)<br />
#x9;at org.apache.maven.plugins.checkstyle.exec.DefaultCheckstyleExecutor.executeCheckstyle(DefaultCheckstyleExecutor.java:202)<br />
#x9;at org.apache.maven.plugins.checkstyle.AbstractCheckstyleReport.executeReport(AbstractCheckstyleReport.java:533)<br />
#x9;at org.apache.maven.plugins.checkstyle.CheckstyleReport.executeReport(CheckstyleReport.java:57)<br />
#x9;at org.apache.maven.reporting.AbstractMavenReport.generate(AbstractMavenReport.java:255)<br />
#x9;at org.apache.maven.plugins.site.ReportDocumentRenderer.renderDocument(ReportDocumentRenderer.java:219)<br />
#x9;at org.apache.maven.doxia.siterenderer.DefaultSiteRenderer.renderModule(DefaultSiteRenderer.java:319)<br />
#x9;at org.apache.maven.doxia.siterenderer.DefaultSiteRenderer.render(DefaultSiteRenderer.java:135)<br />
#x9;at org.apache.maven.plugins.site.SiteMojo.renderLocale(SiteMojo.java:175)<br />
#x9;at org.apache.maven.plugins.site.SiteMojo.execute(SiteMojo.java:138)<br />
#x9;at org.apache.maven.plugin.DefaultBuildPluginManager.executeMojo(DefaultBuildPluginManager.java:137)<br />
#x9;at org.apache.maven.lifecycle.internal.MojoExecutor.execute(MojoExecutor.java:210)<br />
#x9;at org.apache.maven.lifecycle.internal.MojoExecutor.execute(MojoExecutor.java:156)<br />
#x9;at org.apache.maven.lifecycle.internal.MojoExecutor.execute(MojoExecutor.java:148)<br />
#x9;at org.apache.maven.lifecycle.internal.LifecycleModuleBuilder.buildProject(LifecycleModuleBuilder.java:117)<br />
#x9;at org.apache.maven.lifecycle.internal.LifecycleModuleBuilder.buildProject(LifecycleModuleBuilder.java:81)<br />
#x9;at org.apache.maven.lifecycle.internal.builder.singlethreaded.SingleThreadedBuilder.build(SingleThreadedBuilder.java:56)<br />
#x9;at org.apache.maven.lifecycle.internal.LifecycleStarter.execute(LifecycleStarter.java:128)<br />
#x9;at org.apache.maven.DefaultMaven.doExecute(DefaultMaven.java:305)<br />
#x9;at org.apache.maven.DefaultMaven.doExecute(DefaultMaven.java:192)<br />
#x9;at org.apache.maven.DefaultMaven.execute(DefaultMaven.java:105)<br />
#x9;at org.apache.maven.cli.MavenCli.execute(MavenCli.java:957)<br />
#x9;at org.apache.maven.cli.MavenCli.doMain(MavenCli.java:289)<br />
#x9;at org.apache.maven.cli.MavenCli.main(MavenCli.java:193)<br />
#x9;at java.base/jdk.internal.reflect.NativeMethodAccessorImpl.invoke0(Native Method)<br />
#x9;at java.base/jdk.internal.reflect.NativeMethodAccessorImpl.invoke(NativeMethodAccessorImpl.java:62)<br />
#x9;at java.base/jdk.internal.reflect.DelegatingMethodAccessorImpl.invoke(DelegatingMethodAccessorImpl.java:43)<br />
#x9;at java.base/java.lang.reflect.Method.invoke(Method.java:566)<br />
#x9;at org.codehaus.plexus.classworlds.launcher.Launcher.launchEnhanced(Launcher.java:282)<br />
#x9;at org.codehaus.plexus.classworlds.launcher.Launcher.launch(Launcher.java:225)<br />
#x9;at org.codehaus.plexus.classworlds.launcher.Launcher.mainWithExitCode(Launcher.java:406)<br />
#x9;at org.codehaus.plexus.classworlds.launcher.Launcher.main(Launcher.java:347)<br />
Caused by: java.lang.IllegalStateException: /home/nick/development/contribution/checkstyle-tester/repositories/checkstyle-with-excludes/src/test/resources-noncompilable/com/puppycrawl/tools/checkstyle/grammar/java14/InputJava14Records.java:26:42: unexpected token: theta<br />
#x9;at com.puppycrawl.tools.checkstyle.JavaParser$1.reportError(JavaParser.java:94)<br />
#x9;at com.puppycrawl.tools.checkstyle.grammar.GeneratedJavaRecognizer.typeDefinition(GeneratedJavaRecognizer.java:411)<br />
#x9;at com.puppycrawl.tools.checkstyle.grammar.GeneratedJavaRecognizer.compilationUnit(GeneratedJavaRecognizer.java:202)<br />
#x9;at com.puppycrawl.tools.checkstyle.JavaParser.parse(JavaParser.java:100)<br />
#x9;... 36 more<br />
Caused by: /home/nick/development/contribution/checkstyle-tester/repositories/checkstyle-with-excludes/src/test/resources-noncompilable/com/puppycrawl/tools/checkstyle/grammar/java14/InputJava14Records.java:26:42: unexpected token: theta<br />
#x9;at com.puppycrawl.tools.checkstyle.grammar.GeneratedJavaRecognizer.variableLengthParameterTypeSpec(GeneratedJavaRecognizer.java:969)<br />
#x9;at com.puppycrawl.tools.checkstyle.grammar.GeneratedJavaRecognizer.variableLengthParameterDeclaration(GeneratedJavaRecognizer.java:4971)<br />
#x9;at com.puppycrawl.tools.checkstyle.grammar.GeneratedJavaRecognizer.parameterDeclarationList(GeneratedJavaRecognizer.java:3943)<br />
#x9;at com.puppycrawl.tools.checkstyle.grammar.GeneratedJavaRecognizer.field(GeneratedJavaRecognizer.java:3417)<br />
#x9;at com.puppycrawl.tools.checkstyle.grammar.GeneratedJavaRecognizer.classBlock(GeneratedJavaRecognizer.java:2643)<br />
#x9;at com.puppycrawl.tools.checkstyle.grammar.GeneratedJavaRecognizer.classDefinition(GeneratedJavaRecognizer.java:626)<br />
#x9;at com.puppycrawl.tools.checkstyle.grammar.GeneratedJavaRecognizer.typeDefinitionInternal(GeneratedJavaRecognizer.java:548)<br />
#x9;at com.puppycrawl.tools.checkstyle.grammar.GeneratedJavaRecognizer.typeDefinition(GeneratedJavaRecognizer.java:389)<br />
#x9;... 38 more<br />
</td>
								
									
									<td class="keepWidth"><a href = "xref/home/nick/development/contribution/checkstyle-tester/repositories/checkstyle-with-excludes/src/test/resources-noncompilable/com/puppycrawl/tools/checkstyle/grammar/java14/InputJava14Records.java.html#L1">1</a></td>
								
								
									<td class="keepWidth"> </td>
									
								
							</tr>
						
							
								<tr class="a">
							
								<td class="keepWidth"><a name="A4" href = "#A4">#A4</a></td>
								<td>error</td>
								<td>Checker</td>
								<td>Got an exception - com.puppycrawl.tools.checkstyle.api.CheckstyleException: IllegalStateException occurred while parsing file /home/nick/development/contribution/checkstyle-tester/repositories/checkstyle-with-excludes/src/test/resources-noncompilable/com/puppycrawl/tools/checkstyle/grammar/java14/InputJava14Records.java.<br />
#x9;at com.puppycrawl.tools.checkstyle.JavaParser.parse(JavaParser.java:106)<br />
#x9;at com.puppycrawl.tools.checkstyle.TreeWalker.processFiltered(TreeWalker.java:149)<br />
#x9;at com.puppycrawl.tools.checkstyle.api.AbstractFileSetCheck.process(AbstractFileSetCheck.java:87)<br />
#x9;at com.puppycrawl.tools.checkstyle.Checker.processFile(Checker.java:337)<br />
#x9;at com.puppycrawl.tools.checkstyle.Checker.processFiles(Checker.java:298)<br />
#x9;at com.puppycrawl.tools.checkstyle.Checker.process(Checker.java:221)<br />
#x9;at org.apache.maven.plugins.checkstyle.exec.DefaultCheckstyleExecutor.executeCheckstyle(DefaultCheckstyleExecutor.java:202)<br />
#x9;at org.apache.maven.plugins.checkstyle.AbstractCheckstyleReport.executeReport(AbstractCheckstyleReport.java:533)<br />
#x9;at org.apache.maven.plugins.checkstyle.CheckstyleReport.executeReport(CheckstyleReport.java:57)<br />
#x9;at org.apache.maven.reporting.AbstractMavenReport.generate(AbstractMavenReport.java:255)<br />
#x9;at org.apache.maven.plugins.site.ReportDocumentRenderer.renderDocument(ReportDocumentRenderer.java:219)<br />
#x9;at org.apache.maven.doxia.siterenderer.DefaultSiteRenderer.renderModule(DefaultSiteRenderer.java:319)<br />
#x9;at org.apache.maven.doxia.siterenderer.DefaultSiteRenderer.render(DefaultSiteRenderer.java:135)<br />
#x9;at org.apache.maven.plugins.site.SiteMojo.renderLocale(SiteMojo.java:175)<br />
#x9;at org.apache.maven.plugins.site.SiteMojo.execute(SiteMojo.java:138)<br />
#x9;at org.apache.maven.plugin.DefaultBuildPluginManager.executeMojo(DefaultBuildPluginManager.java:137)<br />
#x9;at org.apache.maven.lifecycle.internal.MojoExecutor.execute(MojoExecutor.java:210)<br />
#x9;at org.apache.maven.lifecycle.internal.MojoExecutor.execute(MojoExecutor.java:156)<br />
#x9;at org.apache.maven.lifecycle.internal.MojoExecutor.execute(MojoExecutor.java:148)<br />
#x9;at org.apache.maven.lifecycle.internal.LifecycleModuleBuilder.buildProject(LifecycleModuleBuilder.java:117)<br />
#x9;at org.apache.maven.lifecycle.internal.LifecycleModuleBuilder.buildProject(LifecycleModuleBuilder.java:81)<br />
#x9;at org.apache.maven.lifecycle.internal.builder.singlethreaded.SingleThreadedBuilder.build(SingleThreadedBuilder.java:56)<br />
#x9;at org.apache.maven.lifecycle.internal.LifecycleStarter.execute(LifecycleStarter.java:128)<br />
#x9;at org.apache.maven.DefaultMaven.doExecute(DefaultMaven.java:305)<br />
#x9;at org.apache.maven.DefaultMaven.doExecute(DefaultMaven.java:192)<br />
#x9;at org.apache.maven.DefaultMaven.execute(DefaultMaven.java:105)<br />
#x9;at org.apache.maven.cli.MavenCli.execute(MavenCli.java:957)<br />
#x9;at org.apache.maven.cli.MavenCli.doMain(MavenCli.java:289)<br />
#x9;at org.apache.maven.cli.MavenCli.main(MavenCli.java:193)<br />
#x9;at java.base/jdk.internal.reflect.NativeMethodAccessorImpl.invoke0(Native Method)<br />
#x9;at java.base/jdk.internal.reflect.NativeMethodAccessorImpl.invoke(NativeMethodAccessorImpl.java:62)<br />
#x9;at java.base/jdk.internal.reflect.DelegatingMethodAccessorImpl.invoke(DelegatingMethodAccessorImpl.java:43)<br />
#x9;at java.base/java.lang.reflect.Method.invoke(Method.java:566)<br />
#x9;at org.codehaus.plexus.classworlds.launcher.Launcher.launchEnhanced(Launcher.java:282)<br />
#x9;at org.codehaus.plexus.classworlds.launcher.Launcher.launch(Launcher.java:225)<br />
#x9;at org.codehaus.plexus.classworlds.launcher.Launcher.mainWithExitCode(Launcher.java:406)<br />
#x9;at org.codehaus.plexus.classworlds.launcher.Launcher.main(Launcher.java:347)<br />
Caused by: java.lang.IllegalStateException: /home/nick/development/contribution/checkstyle-tester/repositories/checkstyle-with-excludes/src/test/resources-noncompilable/com/puppycrawl/tools/checkstyle/grammar/java14/InputJava14Records.java:26:42: unexpected token: theta<br />
#x9;at com.puppycrawl.tools.checkstyle.JavaParser$1.reportError(JavaParser.java:94)<br />
#x9;at com.puppycrawl.tools.checkstyle.grammar.GeneratedJavaRecognizer.typeDefinition(GeneratedJavaRecognizer.java:411)<br />
#x9;at com.puppycrawl.tools.checkstyle.grammar.GeneratedJavaRecognizer.compilationUnit(GeneratedJavaRecognizer.java:202)<br />
#x9;at com.puppycrawl.tools.checkstyle.JavaParser.parse(JavaParser.java:100)<br />
#x9;... 36 more<br />
Caused by: /home/nick/development/contribution/checkstyle-tester/repositories/checkstyle-with-excludes/src/test/resources-noncompilable/com/puppycrawl/tools/checkstyle/grammar/java14/InputJava14Records.java:26:42: unexpected token: theta<br />
#x9;at com.puppycrawl.tools.checkstyle.grammar.GeneratedJavaRecognizer.variableLengthParameterTypeSpec(GeneratedJavaRecognizer.java:969)<br />
#x9;at com.puppycrawl.tools.checkstyle.grammar.GeneratedJavaRecognizer.variableLengthParameterDeclaration(GeneratedJavaRecognizer.java:4841)<br />
#x9;at com.puppycrawl.tools.checkstyle.grammar.GeneratedJavaRecognizer.parameterDeclarationList(GeneratedJavaRecognizer.java:3850)<br />
#x9;at com.puppycrawl.tools.checkstyle.grammar.GeneratedJavaRecognizer.field(GeneratedJavaRecognizer.java:3324)<br />
#x9;at com.puppycrawl.tools.checkstyle.grammar.GeneratedJavaRecognizer.classBlock(GeneratedJavaRecognizer.java:2550)<br />
#x9;at com.puppycrawl.tools.checkstyle.grammar.GeneratedJavaRecognizer.classDefinition(GeneratedJavaRecognizer.java:626)<br />
#x9;at com.puppycrawl.tools.checkstyle.grammar.GeneratedJavaRecognizer.typeDefinitionInternal(GeneratedJavaRecognizer.java:548)<br />
#x9;at com.puppycrawl.tools.checkstyle.grammar.GeneratedJavaRecognizer.typeDefinition(GeneratedJavaRecognizer.java:389)<br />
#x9;... 38 more<br />
</td>
								
									
									<td class="keepWidth"><a href = "xref/home/nick/development/contribution/checkstyle-tester/repositories/checkstyle-with-excludes/src/test/resources-noncompilable/com/puppycrawl/tools/checkstyle/grammar/java14/InputJava14Records.java.html#L1">1</a></td>
								
								
									<td class="keepWidth"> </td>
									
								
							</tr>
						
					</table>
				</div>
				<div class="section">
					<h3>/home/nick/development/contribution/checkstyle-tester/repositories/checkstyle-with-excludes/src/test/resources-noncompilable/com/puppycrawl/tools/checkstyle/grammar/java14/InputJava14TextBlocks.java</h3>
					<tr class="b">
					<table border="0" class="bodyTable">
					        <th></th>
							<th>Severity</th>
							<th>Rule</th>
							<th>Message</th>
							<th>Line</th>
							<th>Col</th>
						</tr>
						
							
								<tr class="b">
								
								<td class="keepWidth"><a name="A5" href = "#A5">#A5</a></td>
								<td>error</td>
								<td>Checker</td>
								<td>Got an exception - com.puppycrawl.tools.checkstyle.api.CheckstyleException: IllegalStateException occurred while parsing file /home/nick/development/contribution/checkstyle-tester/repositories/checkstyle-with-excludes/src/test/resources-noncompilable/com/puppycrawl/tools/checkstyle/grammar/java14/InputJava14TextBlocks.java.<br />
#x9;at com.puppycrawl.tools.checkstyle.JavaParser.parse(JavaParser.java:106)<br />
#x9;at com.puppycrawl.tools.checkstyle.TreeWalker.processFiltered(TreeWalker.java:149)<br />
#x9;at com.puppycrawl.tools.checkstyle.api.AbstractFileSetCheck.process(AbstractFileSetCheck.java:87)<br />
#x9;at com.puppycrawl.tools.checkstyle.Checker.processFile(Checker.java:337)<br />
#x9;at com.puppycrawl.tools.checkstyle.Checker.processFiles(Checker.java:298)<br />
#x9;at com.puppycrawl.tools.checkstyle.Checker.process(Checker.java:221)<br />
#x9;at org.apache.maven.plugins.checkstyle.exec.DefaultCheckstyleExecutor.executeCheckstyle(DefaultCheckstyleExecutor.java:202)<br />
#x9;at org.apache.maven.plugins.checkstyle.AbstractCheckstyleReport.executeReport(AbstractCheckstyleReport.java:533)<br />
#x9;at org.apache.maven.plugins.checkstyle.CheckstyleReport.executeReport(CheckstyleReport.java:57)<br />
#x9;at org.apache.maven.reporting.AbstractMavenReport.generate(AbstractMavenReport.java:255)<br />
#x9;at org.apache.maven.plugins.site.ReportDocumentRenderer.renderDocument(ReportDocumentRenderer.java:219)<br />
#x9;at org.apache.maven.doxia.siterenderer.DefaultSiteRenderer.renderModule(DefaultSiteRenderer.java:319)<br />
#x9;at org.apache.maven.doxia.siterenderer.DefaultSiteRenderer.render(DefaultSiteRenderer.java:135)<br />
#x9;at org.apache.maven.plugins.site.SiteMojo.renderLocale(SiteMojo.java:175)<br />
#x9;at org.apache.maven.plugins.site.SiteMojo.execute(SiteMojo.java:138)<br />
#x9;at org.apache.maven.plugin.DefaultBuildPluginManager.executeMojo(DefaultBuildPluginManager.java:137)<br />
#x9;at org.apache.maven.lifecycle.internal.MojoExecutor.execute(MojoExecutor.java:210)<br />
#x9;at org.apache.maven.lifecycle.internal.MojoExecutor.execute(MojoExecutor.java:156)<br />
#x9;at org.apache.maven.lifecycle.internal.MojoExecutor.execute(MojoExecutor.java:148)<br />
#x9;at org.apache.maven.lifecycle.internal.LifecycleModuleBuilder.buildProject(LifecycleModuleBuilder.java:117)<br />
#x9;at org.apache.maven.lifecycle.internal.LifecycleModuleBuilder.buildProject(LifecycleModuleBuilder.java:81)<br />
#x9;at org.apache.maven.lifecycle.internal.builder.singlethreaded.SingleThreadedBuilder.build(SingleThreadedBuilder.java:56)<br />
#x9;at org.apache.maven.lifecycle.internal.LifecycleStarter.execute(LifecycleStarter.java:128)<br />
#x9;at org.apache.maven.DefaultMaven.doExecute(DefaultMaven.java:305)<br />
#x9;at org.apache.maven.DefaultMaven.doExecute(DefaultMaven.java:192)<br />
#x9;at org.apache.maven.DefaultMaven.execute(DefaultMaven.java:105)<br />
#x9;at org.apache.maven.cli.MavenCli.execute(MavenCli.java:957)<br />
#x9;at org.apache.maven.cli.MavenCli.doMain(MavenCli.java:289)<br />
#x9;at org.apache.maven.cli.MavenCli.main(MavenCli.java:193)<br />
#x9;at java.base/jdk.internal.reflect.NativeMethodAccessorImpl.invoke0(Native Method)<br />
#x9;at java.base/jdk.internal.reflect.NativeMethodAccessorImpl.invoke(NativeMethodAccessorImpl.java:62)<br />
#x9;at java.base/jdk.internal.reflect.DelegatingMethodAccessorImpl.invoke(DelegatingMethodAccessorImpl.java:43)<br />
#x9;at java.base/java.lang.reflect.Method.invoke(Method.java:566)<br />
#x9;at org.codehaus.plexus.classworlds.launcher.Launcher.launchEnhanced(Launcher.java:282)<br />
#x9;at org.codehaus.plexus.classworlds.launcher.Launcher.launch(Launcher.java:225)<br />
#x9;at org.codehaus.plexus.classworlds.launcher.Launcher.mainWithExitCode(Launcher.java:406)<br />
#x9;at org.codehaus.plexus.classworlds.launcher.Launcher.main(Launcher.java:347)<br />
Caused by: java.lang.IllegalStateException: /home/nick/development/contribution/checkstyle-tester/repositories/checkstyle-with-excludes/src/test/resources-noncompilable/com/puppycrawl/tools/checkstyle/grammar/java14/InputJava14TextBlocks.java:8:33: expecting SEMI, found &#39;&quot;<br />
                &quot;&#39;<br />
#x9;at com.puppycrawl.tools.checkstyle.JavaParser$1.reportError(JavaParser.java:94)<br />
#x9;at com.puppycrawl.tools.checkstyle.grammar.GeneratedJavaRecognizer.typeDefinition(GeneratedJavaRecognizer.java:411)<br />
#x9;at com.puppycrawl.tools.checkstyle.grammar.GeneratedJavaRecognizer.compilationUnit(GeneratedJavaRecognizer.java:202)<br />
#x9;at com.puppycrawl.tools.checkstyle.JavaParser.parse(JavaParser.java:100)<br />
#x9;... 36 more<br />
Caused by: /home/nick/development/contribution/checkstyle-tester/repositories/checkstyle-with-excludes/src/test/resources-noncompilable/com/puppycrawl/tools/checkstyle/grammar/java14/InputJava14TextBlocks.java:8:33: expecting SEMI, found &#39;&quot;<br />
                &quot;&#39;<br />
#x9;at antlr.Parser.match(Parser.java:211)<br />
#x9;at com.puppycrawl.tools.checkstyle.grammar.GeneratedJavaRecognizer.traditionalStatement(GeneratedJavaRecognizer.java:5517)<br />
#x9;at com.puppycrawl.tools.checkstyle.grammar.GeneratedJavaRecognizer.statement(GeneratedJavaRecognizer.java:4389)<br />
#x9;at com.puppycrawl.tools.checkstyle.grammar.GeneratedJavaRecognizer.compoundStatement(GeneratedJavaRecognizer.java:4057)<br />
#x9;at com.puppycrawl.tools.checkstyle.grammar.GeneratedJavaRecognizer.field(GeneratedJavaRecognizer.java:3523)<br />
#x9;at com.puppycrawl.tools.checkstyle.grammar.GeneratedJavaRecognizer.classBlock(GeneratedJavaRecognizer.java:2643)<br />
#x9;at com.puppycrawl.tools.checkstyle.grammar.GeneratedJavaRecognizer.classDefinition(GeneratedJavaRecognizer.java:626)<br />
#x9;at com.puppycrawl.tools.checkstyle.grammar.GeneratedJavaRecognizer.typeDefinitionInternal(GeneratedJavaRecognizer.java:548)<br />
#x9;at com.puppycrawl.tools.checkstyle.grammar.GeneratedJavaRecognizer.typeDefinition(GeneratedJavaRecognizer.java:389)<br />
#x9;... 38 more<br />
</td>
								
									
									<td class="keepWidth"><a href = "xref/home/nick/development/contribution/checkstyle-tester/repositories/checkstyle-with-excludes/src/test/resources-noncompilable/com/puppycrawl/tools/checkstyle/grammar/java14/InputJava14TextBlocks.java.html#L1">1</a></td>
								
								
									<td class="keepWidth"> </td>
									
								
							</tr>
						
							
								<tr class="a">
							
								<td class="keepWidth"><a name="A6" href = "#A6">#A6</a></td>
								<td>error</td>
								<td>Checker</td>
								<td>Got an exception - com.puppycrawl.tools.checkstyle.api.CheckstyleException: IllegalStateException occurred while parsing file /home/nick/development/contribution/checkstyle-tester/repositories/checkstyle-with-excludes/src/test/resources-noncompilable/com/puppycrawl/tools/checkstyle/grammar/java14/InputJava14TextBlocks.java.<br />
#x9;at com.puppycrawl.tools.checkstyle.JavaParser.parse(JavaParser.java:106)<br />
#x9;at com.puppycrawl.tools.checkstyle.TreeWalker.processFiltered(TreeWalker.java:149)<br />
#x9;at com.puppycrawl.tools.checkstyle.api.AbstractFileSetCheck.process(AbstractFileSetCheck.java:87)<br />
#x9;at com.puppycrawl.tools.checkstyle.Checker.processFile(Checker.java:337)<br />
#x9;at com.puppycrawl.tools.checkstyle.Checker.processFiles(Checker.java:298)<br />
#x9;at com.puppycrawl.tools.checkstyle.Checker.process(Checker.java:221)<br />
#x9;at org.apache.maven.plugins.checkstyle.exec.DefaultCheckstyleExecutor.executeCheckstyle(DefaultCheckstyleExecutor.java:202)<br />
#x9;at org.apache.maven.plugins.checkstyle.AbstractCheckstyleReport.executeReport(AbstractCheckstyleReport.java:533)<br />
#x9;at org.apache.maven.plugins.checkstyle.CheckstyleReport.executeReport(CheckstyleReport.java:57)<br />
#x9;at org.apache.maven.reporting.AbstractMavenReport.generate(AbstractMavenReport.java:255)<br />
#x9;at org.apache.maven.plugins.site.ReportDocumentRenderer.renderDocument(ReportDocumentRenderer.java:219)<br />
#x9;at org.apache.maven.doxia.siterenderer.DefaultSiteRenderer.renderModule(DefaultSiteRenderer.java:319)<br />
#x9;at org.apache.maven.doxia.siterenderer.DefaultSiteRenderer.render(DefaultSiteRenderer.java:135)<br />
#x9;at org.apache.maven.plugins.site.SiteMojo.renderLocale(SiteMojo.java:175)<br />
#x9;at org.apache.maven.plugins.site.SiteMojo.execute(SiteMojo.java:138)<br />
#x9;at org.apache.maven.plugin.DefaultBuildPluginManager.executeMojo(DefaultBuildPluginManager.java:137)<br />
#x9;at org.apache.maven.lifecycle.internal.MojoExecutor.execute(MojoExecutor.java:210)<br />
#x9;at org.apache.maven.lifecycle.internal.MojoExecutor.execute(MojoExecutor.java:156)<br />
#x9;at org.apache.maven.lifecycle.internal.MojoExecutor.execute(MojoExecutor.java:148)<br />
#x9;at org.apache.maven.lifecycle.internal.LifecycleModuleBuilder.buildProject(LifecycleModuleBuilder.java:117)<br />
#x9;at org.apache.maven.lifecycle.internal.LifecycleModuleBuilder.buildProject(LifecycleModuleBuilder.java:81)<br />
#x9;at org.apache.maven.lifecycle.internal.builder.singlethreaded.SingleThreadedBuilder.build(SingleThreadedBuilder.java:56)<br />
#x9;at org.apache.maven.lifecycle.internal.LifecycleStarter.execute(LifecycleStarter.java:128)<br />
#x9;at org.apache.maven.DefaultMaven.doExecute(DefaultMaven.java:305)<br />
#x9;at org.apache.maven.DefaultMaven.doExecute(DefaultMaven.java:192)<br />
#x9;at org.apache.maven.DefaultMaven.execute(DefaultMaven.java:105)<br />
#x9;at org.apache.maven.cli.MavenCli.execute(MavenCli.java:957)<br />
#x9;at org.apache.maven.cli.MavenCli.doMain(MavenCli.java:289)<br />
#x9;at org.apache.maven.cli.MavenCli.main(MavenCli.java:193)<br />
#x9;at java.base/jdk.internal.reflect.NativeMethodAccessorImpl.invoke0(Native Method)<br />
#x9;at java.base/jdk.internal.reflect.NativeMethodAccessorImpl.invoke(NativeMethodAccessorImpl.java:62)<br />
#x9;at java.base/jdk.internal.reflect.DelegatingMethodAccessorImpl.invoke(DelegatingMethodAccessorImpl.java:43)<br />
#x9;at java.base/java.lang.reflect.Method.invoke(Method.java:566)<br />
#x9;at org.codehaus.plexus.classworlds.launcher.Launcher.launchEnhanced(Launcher.java:282)<br />
#x9;at org.codehaus.plexus.classworlds.launcher.Launcher.launch(Launcher.java:225)<br />
#x9;at org.codehaus.plexus.classworlds.launcher.Launcher.mainWithExitCode(Launcher.java:406)<br />
#x9;at org.codehaus.plexus.classworlds.launcher.Launcher.main(Launcher.java:347)<br />
Caused by: java.lang.IllegalStateException: /home/nick/development/contribution/checkstyle-tester/repositories/checkstyle-with-excludes/src/test/resources-noncompilable/com/puppycrawl/tools/checkstyle/grammar/java14/InputJava14TextBlocks.java:8:33: expecting SEMI, found &#39;&quot;<br />
                &quot;&#39;<br />
#x9;at com.puppycrawl.tools.checkstyle.JavaParser$1.reportError(JavaParser.java:94)<br />
#x9;at com.puppycrawl.tools.checkstyle.grammar.GeneratedJavaRecognizer.typeDefinition(GeneratedJavaRecognizer.java:411)<br />
#x9;at com.puppycrawl.tools.checkstyle.grammar.GeneratedJavaRecognizer.compilationUnit(GeneratedJavaRecognizer.java:202)<br />
#x9;at com.puppycrawl.tools.checkstyle.JavaParser.parse(JavaParser.java:100)<br />
#x9;... 36 more<br />
Caused by: /home/nick/development/contribution/checkstyle-tester/repositories/checkstyle-with-excludes/src/test/resources-noncompilable/com/puppycrawl/tools/checkstyle/grammar/java14/InputJava14TextBlocks.java:8:33: expecting SEMI, found &#39;&quot;<br />
                &quot;&#39;<br />
#x9;at antlr.Parser.match(Parser.java:211)<br />
#x9;at com.puppycrawl.tools.checkstyle.grammar.GeneratedJavaRecognizer.traditionalStatement(GeneratedJavaRecognizer.java:5387)<br />
#x9;at com.puppycrawl.tools.checkstyle.grammar.GeneratedJavaRecognizer.statement(GeneratedJavaRecognizer.java:4296)<br />
#x9;at com.puppycrawl.tools.checkstyle.grammar.GeneratedJavaRecognizer.compoundStatement(GeneratedJavaRecognizer.java:3964)<br />
#x9;at com.puppycrawl.tools.checkstyle.grammar.GeneratedJavaRecognizer.field(GeneratedJavaRecognizer.java:3430)<br />
#x9;at com.puppycrawl.tools.checkstyle.grammar.GeneratedJavaRecognizer.classBlock(GeneratedJavaRecognizer.java:2550)<br />
#x9;at com.puppycrawl.tools.checkstyle.grammar.GeneratedJavaRecognizer.classDefinition(GeneratedJavaRecognizer.java:626)<br />
#x9;at com.puppycrawl.tools.checkstyle.grammar.GeneratedJavaRecognizer.typeDefinitionInternal(GeneratedJavaRecognizer.java:548)<br />
#x9;at com.puppycrawl.tools.checkstyle.grammar.GeneratedJavaRecognizer.typeDefinition(GeneratedJavaRecognizer.java:389)<br />
#x9;... 38 more<br />
</td>
								
									
									<td class="keepWidth"><a href = "xref/home/nick/development/contribution/checkstyle-tester/repositories/checkstyle-with-excludes/src/test/resources-noncompilable/com/puppycrawl/tools/checkstyle/grammar/java14/InputJava14TextBlocks.java.html#L1">1</a></td>
								
								
									<td class="keepWidth"> </td>
									
								
							</tr>
						
					</table>
				</div>
				<div class="section">
					<h3>/home/nick/development/contribution/checkstyle-tester/repositories/checkstyle-with-excludes/src/test/resources-noncompilable/com/puppycrawl/tools/checkstyle/javadocpropertiesgenerator/InputJavadocPropertiesGeneratorParseError.java</h3>
					<tr class="b">
					<table border="0" class="bodyTable">
					        <th></th>
							<th>Severity</th>
							<th>Rule</th>
							<th>Message</th>
							<th>Line</th>
							<th>Col</th>
						</tr>
						
							
								<tr class="b">
								
								<td class="keepWidth"><a name="A7" href = "#A7">#A7</a></td>
								<td>error</td>
								<td>Checker</td>
								<td>Got an exception - com.puppycrawl.tools.checkstyle.api.CheckstyleException: IllegalStateException occurred while parsing file /home/nick/development/contribution/checkstyle-tester/repositories/checkstyle-with-excludes/src/test/resources-noncompilable/com/puppycrawl/tools/checkstyle/javadocpropertiesgenerator/InputJavadocPropertiesGeneratorParseError.java.<br />
#x9;at com.puppycrawl.tools.checkstyle.JavaParser.parse(JavaParser.java:106)<br />
#x9;at com.puppycrawl.tools.checkstyle.TreeWalker.processFiltered(TreeWalker.java:149)<br />
#x9;at com.puppycrawl.tools.checkstyle.api.AbstractFileSetCheck.process(AbstractFileSetCheck.java:87)<br />
#x9;at com.puppycrawl.tools.checkstyle.Checker.processFile(Checker.java:337)<br />
#x9;at com.puppycrawl.tools.checkstyle.Checker.processFiles(Checker.java:298)<br />
#x9;at com.puppycrawl.tools.checkstyle.Checker.process(Checker.java:221)<br />
#x9;at org.apache.maven.plugins.checkstyle.exec.DefaultCheckstyleExecutor.executeCheckstyle(DefaultCheckstyleExecutor.java:202)<br />
#x9;at org.apache.maven.plugins.checkstyle.AbstractCheckstyleReport.executeReport(AbstractCheckstyleReport.java:533)<br />
#x9;at org.apache.maven.plugins.checkstyle.CheckstyleReport.executeReport(CheckstyleReport.java:57)<br />
#x9;at org.apache.maven.reporting.AbstractMavenReport.generate(AbstractMavenReport.java:255)<br />
#x9;at org.apache.maven.plugins.site.ReportDocumentRenderer.renderDocument(ReportDocumentRenderer.java:219)<br />
#x9;at org.apache.maven.doxia.siterenderer.DefaultSiteRenderer.renderModule(DefaultSiteRenderer.java:319)<br />
#x9;at org.apache.maven.doxia.siterenderer.DefaultSiteRenderer.render(DefaultSiteRenderer.java:135)<br />
#x9;at org.apache.maven.plugins.site.SiteMojo.renderLocale(SiteMojo.java:175)<br />
#x9;at org.apache.maven.plugins.site.SiteMojo.execute(SiteMojo.java:138)<br />
#x9;at org.apache.maven.plugin.DefaultBuildPluginManager.executeMojo(DefaultBuildPluginManager.java:137)<br />
#x9;at org.apache.maven.lifecycle.internal.MojoExecutor.execute(MojoExecutor.java:210)<br />
#x9;at org.apache.maven.lifecycle.internal.MojoExecutor.execute(MojoExecutor.java:156)<br />
#x9;at org.apache.maven.lifecycle.internal.MojoExecutor.execute(MojoExecutor.java:148)<br />
#x9;at org.apache.maven.lifecycle.internal.LifecycleModuleBuilder.buildProject(LifecycleModuleBuilder.java:117)<br />
#x9;at org.apache.maven.lifecycle.internal.LifecycleModuleBuilder.buildProject(LifecycleModuleBuilder.java:81)<br />
#x9;at org.apache.maven.lifecycle.internal.builder.singlethreaded.SingleThreadedBuilder.build(SingleThreadedBuilder.java:56)<br />
#x9;at org.apache.maven.lifecycle.internal.LifecycleStarter.execute(LifecycleStarter.java:128)<br />
#x9;at org.apache.maven.DefaultMaven.doExecute(DefaultMaven.java:305)<br />
#x9;at org.apache.maven.DefaultMaven.doExecute(DefaultMaven.java:192)<br />
#x9;at org.apache.maven.DefaultMaven.execute(DefaultMaven.java:105)<br />
#x9;at org.apache.maven.cli.MavenCli.execute(MavenCli.java:957)<br />
#x9;at org.apache.maven.cli.MavenCli.doMain(MavenCli.java:289)<br />
#x9;at org.apache.maven.cli.MavenCli.main(MavenCli.java:193)<br />
#x9;at java.base/jdk.internal.reflect.NativeMethodAccessorImpl.invoke0(Native Method)<br />
#x9;at java.base/jdk.internal.reflect.NativeMethodAccessorImpl.invoke(NativeMethodAccessorImpl.java:62)<br />
#x9;at java.base/jdk.internal.reflect.DelegatingMethodAccessorImpl.invoke(DelegatingMethodAccessorImpl.java:43)<br />
#x9;at java.base/java.lang.reflect.Method.invoke(Method.java:566)<br />
#x9;at org.codehaus.plexus.classworlds.launcher.Launcher.launchEnhanced(Launcher.java:282)<br />
#x9;at org.codehaus.plexus.classworlds.launcher.Launcher.launch(Launcher.java:225)<br />
#x9;at org.codehaus.plexus.classworlds.launcher.Launcher.mainWithExitCode(Launcher.java:406)<br />
#x9;at org.codehaus.plexus.classworlds.launcher.Launcher.main(Launcher.java:347)<br />
Caused by: java.lang.IllegalStateException: /home/nick/development/contribution/checkstyle-tester/repositories/checkstyle-with-excludes/src/test/resources-noncompilable/com/puppycrawl/tools/checkstyle/javadocpropertiesgenerator/InputJavadocPropertiesGeneratorParseError.java:9:1: expecting RCURLY, found &#39;!&#39;<br />
#x9;at com.puppycrawl.tools.checkstyle.JavaParser$1.reportError(JavaParser.java:94)<br />
#x9;at com.puppycrawl.tools.checkstyle.grammar.GeneratedJavaRecognizer.typeDefinition(GeneratedJavaRecognizer.java:411)<br />
#x9;at com.puppycrawl.tools.checkstyle.grammar.GeneratedJavaRecognizer.compilationUnit(GeneratedJavaRecognizer.java:202)<br />
#x9;at com.puppycrawl.tools.checkstyle.JavaParser.parse(JavaParser.java:100)<br />
#x9;... 36 more<br />
Caused by: /home/nick/development/contribution/checkstyle-tester/repositories/checkstyle-with-excludes/src/test/resources-noncompilable/com/puppycrawl/tools/checkstyle/javadocpropertiesgenerator/InputJavadocPropertiesGeneratorParseError.java:9:1: expecting RCURLY, found &#39;!&#39;<br />
#x9;at antlr.Parser.match(Parser.java:211)<br />
#x9;at com.puppycrawl.tools.checkstyle.grammar.GeneratedJavaRecognizer.classBlock(GeneratedJavaRecognizer.java:2665)<br />
#x9;at com.puppycrawl.tools.checkstyle.grammar.GeneratedJavaRecognizer.classDefinition(GeneratedJavaRecognizer.java:626)<br />
#x9;at com.puppycrawl.tools.checkstyle.grammar.GeneratedJavaRecognizer.typeDefinitionInternal(GeneratedJavaRecognizer.java:548)<br />
#x9;at com.puppycrawl.tools.checkstyle.grammar.GeneratedJavaRecognizer.typeDefinition(GeneratedJavaRecognizer.java:389)<br />
#x9;... 38 more<br />
</td>
								
									
									<td class="keepWidth"><a href = "xref/home/nick/development/contribution/checkstyle-tester/repositories/checkstyle-with-excludes/src/test/resources-noncompilable/com/puppycrawl/tools/checkstyle/javadocpropertiesgenerator/InputJavadocPropertiesGeneratorParseError.java.html#L1">1</a></td>
								
								
									<td class="keepWidth"> </td>
									
								
							</tr>
						
							
								<tr class="a">
							
								<td class="keepWidth"><a name="A8" href = "#A8">#A8</a></td>
								<td>error</td>
								<td>Checker</td>
								<td>Got an exception - com.puppycrawl.tools.checkstyle.api.CheckstyleException: IllegalStateException occurred while parsing file /home/nick/development/contribution/checkstyle-tester/repositories/checkstyle-with-excludes/src/test/resources-noncompilable/com/puppycrawl/tools/checkstyle/javadocpropertiesgenerator/InputJavadocPropertiesGeneratorParseError.java.<br />
#x9;at com.puppycrawl.tools.checkstyle.JavaParser.parse(JavaParser.java:106)<br />
#x9;at com.puppycrawl.tools.checkstyle.TreeWalker.processFiltered(TreeWalker.java:149)<br />
#x9;at com.puppycrawl.tools.checkstyle.api.AbstractFileSetCheck.process(AbstractFileSetCheck.java:87)<br />
#x9;at com.puppycrawl.tools.checkstyle.Checker.processFile(Checker.java:337)<br />
#x9;at com.puppycrawl.tools.checkstyle.Checker.processFiles(Checker.java:298)<br />
#x9;at com.puppycrawl.tools.checkstyle.Checker.process(Checker.java:221)<br />
#x9;at org.apache.maven.plugins.checkstyle.exec.DefaultCheckstyleExecutor.executeCheckstyle(DefaultCheckstyleExecutor.java:202)<br />
#x9;at org.apache.maven.plugins.checkstyle.AbstractCheckstyleReport.executeReport(AbstractCheckstyleReport.java:533)<br />
#x9;at org.apache.maven.plugins.checkstyle.CheckstyleReport.executeReport(CheckstyleReport.java:57)<br />
#x9;at org.apache.maven.reporting.AbstractMavenReport.generate(AbstractMavenReport.java:255)<br />
#x9;at org.apache.maven.plugins.site.ReportDocumentRenderer.renderDocument(ReportDocumentRenderer.java:219)<br />
#x9;at org.apache.maven.doxia.siterenderer.DefaultSiteRenderer.renderModule(DefaultSiteRenderer.java:319)<br />
#x9;at org.apache.maven.doxia.siterenderer.DefaultSiteRenderer.render(DefaultSiteRenderer.java:135)<br />
#x9;at org.apache.maven.plugins.site.SiteMojo.renderLocale(SiteMojo.java:175)<br />
#x9;at org.apache.maven.plugins.site.SiteMojo.execute(SiteMojo.java:138)<br />
#x9;at org.apache.maven.plugin.DefaultBuildPluginManager.executeMojo(DefaultBuildPluginManager.java:137)<br />
#x9;at org.apache.maven.lifecycle.internal.MojoExecutor.execute(MojoExecutor.java:210)<br />
#x9;at org.apache.maven.lifecycle.internal.MojoExecutor.execute(MojoExecutor.java:156)<br />
#x9;at org.apache.maven.lifecycle.internal.MojoExecutor.execute(MojoExecutor.java:148)<br />
#x9;at org.apache.maven.lifecycle.internal.LifecycleModuleBuilder.buildProject(LifecycleModuleBuilder.java:117)<br />
#x9;at org.apache.maven.lifecycle.internal.LifecycleModuleBuilder.buildProject(LifecycleModuleBuilder.java:81)<br />
#x9;at org.apache.maven.lifecycle.internal.builder.singlethreaded.SingleThreadedBuilder.build(SingleThreadedBuilder.java:56)<br />
#x9;at org.apache.maven.lifecycle.internal.LifecycleStarter.execute(LifecycleStarter.java:128)<br />
#x9;at org.apache.maven.DefaultMaven.doExecute(DefaultMaven.java:305)<br />
#x9;at org.apache.maven.DefaultMaven.doExecute(DefaultMaven.java:192)<br />
#x9;at org.apache.maven.DefaultMaven.execute(DefaultMaven.java:105)<br />
#x9;at org.apache.maven.cli.MavenCli.execute(MavenCli.java:957)<br />
#x9;at org.apache.maven.cli.MavenCli.doMain(MavenCli.java:289)<br />
#x9;at org.apache.maven.cli.MavenCli.main(MavenCli.java:193)<br />
#x9;at java.base/jdk.internal.reflect.NativeMethodAccessorImpl.invoke0(Native Method)<br />
#x9;at java.base/jdk.internal.reflect.NativeMethodAccessorImpl.invoke(NativeMethodAccessorImpl.java:62)<br />
#x9;at java.base/jdk.internal.reflect.DelegatingMethodAccessorImpl.invoke(DelegatingMethodAccessorImpl.java:43)<br />
#x9;at java.base/java.lang.reflect.Method.invoke(Method.java:566)<br />
#x9;at org.codehaus.plexus.classworlds.launcher.Launcher.launchEnhanced(Launcher.java:282)<br />
#x9;at org.codehaus.plexus.classworlds.launcher.Launcher.launch(Launcher.java:225)<br />
#x9;at org.codehaus.plexus.classworlds.launcher.Launcher.mainWithExitCode(Launcher.java:406)<br />
#x9;at org.codehaus.plexus.classworlds.launcher.Launcher.main(Launcher.java:347)<br />
Caused by: java.lang.IllegalStateException: /home/nick/development/contribution/checkstyle-tester/repositories/checkstyle-with-excludes/src/test/resources-noncompilable/com/puppycrawl/tools/checkstyle/javadocpropertiesgenerator/InputJavadocPropertiesGeneratorParseError.java:9:1: expecting RCURLY, found &#39;!&#39;<br />
#x9;at com.puppycrawl.tools.checkstyle.JavaParser$1.reportError(JavaParser.java:94)<br />
#x9;at com.puppycrawl.tools.checkstyle.grammar.GeneratedJavaRecognizer.typeDefinition(GeneratedJavaRecognizer.java:411)<br />
#x9;at com.puppycrawl.tools.checkstyle.grammar.GeneratedJavaRecognizer.compilationUnit(GeneratedJavaRecognizer.java:202)<br />
#x9;at com.puppycrawl.tools.checkstyle.JavaParser.parse(JavaParser.java:100)<br />
#x9;... 36 more<br />
Caused by: /home/nick/development/contribution/checkstyle-tester/repositories/checkstyle-with-excludes/src/test/resources-noncompilable/com/puppycrawl/tools/checkstyle/javadocpropertiesgenerator/InputJavadocPropertiesGeneratorParseError.java:9:1: expecting RCURLY, found &#39;!&#39;<br />
#x9;at antlr.Parser.match(Parser.java:211)<br />
#x9;at com.puppycrawl.tools.checkstyle.grammar.GeneratedJavaRecognizer.classBlock(GeneratedJavaRecognizer.java:2572)<br />
#x9;at com.puppycrawl.tools.checkstyle.grammar.GeneratedJavaRecognizer.classDefinition(GeneratedJavaRecognizer.java:626)<br />
#x9;at com.puppycrawl.tools.checkstyle.grammar.GeneratedJavaRecognizer.typeDefinitionInternal(GeneratedJavaRecognizer.java:548)<br />
#x9;at com.puppycrawl.tools.checkstyle.grammar.GeneratedJavaRecognizer.typeDefinition(GeneratedJavaRecognizer.java:389)<br />
#x9;... 38 more<br />
</td>
								
									
									<td class="keepWidth"><a href = "xref/home/nick/development/contribution/checkstyle-tester/repositories/checkstyle-with-excludes/src/test/resources-noncompilable/com/puppycrawl/tools/checkstyle/javadocpropertiesgenerator/InputJavadocPropertiesGeneratorParseError.java.html#L1">1</a></td>
								
								
									<td class="keepWidth"> </td>
									
								
							</tr>
						
					</table>
				</div>
			</div>
		</div>
	</body>
</html>