<?xml version="1.0" encoding="UTF-8"?>
<testsuite xmlns:xsi="http://www.w3.org/2001/XMLSchema-instance" xsi:noNamespaceSchemaLocation="https://maven.apache.org/surefire/maven-surefire-plugin/xsd/surefire-test-report.xsd" name="com.puppycrawl.tools.checkstyle.utils.CommonUtilTest" time="0.104" tests="48" errors="0" skipped="0" failures="0">
  <properties>
[...]
</properties>
  <testcase name="testBadRegex2" classname="com.puppycrawl.tools.checkstyle.utils.CommonUtilTest" time="0.001"/>
  <testcase name="testRelativeNormalizedPathWithDenormalizedBaseDirectory" classname="com.puppycrawl.tools.checkstyle.utils.CommonUtilTest" time="0.001"/>
  <testcase name="testFileExtensions" classname="com.puppycrawl.tools.checkstyle.utils.CommonUtilTest" time="0.001"/>
  <testcase name="testInvokeConstructor" classname="com.puppycrawl.tools.checkstyle.utils.CommonUtilTest" time="0.001"/>
  <testcase name="testIsProperUtilsClass" classname="com.puppycrawl.tools.checkstyle.utils.CommonUtilTest" time="0.001"/>
  <testcase name="testLengthExpandedTabs" classname="com.puppycrawl.tools.checkstyle.utils.CommonUtilTest" time="0.001"/>
  <testcase name="testIsNameInvalidSymbol" classname="com.puppycrawl.tools.checkstyle.utils.CommonUtilTest" time="0.001"/>
  <testcase name="testIsBlankWithWhitespacesAround" classname="com.puppycrawl.tools.checkstyle.utils.CommonUtilTest" time="0.001"/>
  <testcase name="testIsIntInvalidString" classname="com.puppycrawl.tools.checkstyle.utils.CommonUtilTest" time="0.001"/>
  <testcase name="testBadRegex" classname="com.puppycrawl.tools.checkstyle.utils.CommonUtilTest" time="0.001"/>
  <testcase name="testCloseWithException" classname="com.puppycrawl.tools.checkstyle.utils.CommonUtilTest" time="0.001"/>
  <testcase name="testGetUriByFilenameFindsResourceRelativeToRootClasspath" classname="com.puppycrawl.tools.checkstyle.utils.CommonUtilTest" time="0.006"/>
  <testcase name="testIsIdentifierInvalidFirstSymbol" classname="com.puppycrawl.tools.checkstyle.utils.CommonUtilTest" time="0.001"/>
  <testcase name="testClose" classname="com.puppycrawl.tools.checkstyle.utils.CommonUtilTest" time="0.001"/>
  <testcase name="testPattern" classname="com.puppycrawl.tools.checkstyle.utils.CommonUtilTest" time="0.001"/>
  <testcase name="testIsNameEmptyPart" classname="com.puppycrawl.tools.checkstyle.utils.CommonUtilTest" time="0.001"/>
  <testcase name="testCreatePattern" classname="com.puppycrawl.tools.checkstyle.utils.CommonUtilTest" time="0"/>
  <testcase name="testIsBlankWithEmptyString" classname="com.puppycrawl.tools.checkstyle.utils.CommonUtilTest" time="0"/>
  <testcase name="testRelativeNormalizedPath" classname="com.puppycrawl.tools.checkstyle.utils.CommonUtilTest" time="0.001"/>
  <testcase name="testGetNonExistentConstructor" classname="com.puppycrawl.tools.checkstyle.utils.CommonUtilTest" time="0.001"/>
  <testcase name="testCreationOfFakeCommentBlock" classname="com.puppycrawl.tools.checkstyle.utils.CommonUtilTest" time="0.001"/>
  <testcase name="testIsNameEmptyLastPart" classname="com.puppycrawl.tools.checkstyle.utils.CommonUtilTest" time="0.001"/>
  <testcase name="testBaseClassNameForCanonicalName" classname="com.puppycrawl.tools.checkstyle.utils.CommonUtilTest" time="0"/>
  <testcase name="testGetUriByFilenameFindsRelativeResourceOnClasspath" classname="com.puppycrawl.tools.checkstyle.utils.CommonUtilTest" time="0.002"/>
  <testcase name="testGetExistingConstructor" classname="com.puppycrawl.tools.checkstyle.utils.CommonUtilTest" time="0.001"/>
  <testcase name="testIsIntValidString" classname="com.puppycrawl.tools.checkstyle.utils.CommonUtilTest" time="0.001"/>
  <testcase name="testIsIdentifierInvalidSymbols" classname="com.puppycrawl.tools.checkstyle.utils.CommonUtilTest" time="0.001"/>
  <testcase name="testIsBlankAheadWhitespace" classname="com.puppycrawl.tools.checkstyle.utils.CommonUtilTest" time="0"/>
  <testcase name="testRelativeNormalizedPathWithNullBaseDirectory" classname="com.puppycrawl.tools.checkstyle.utils.CommonUtilTest" time="0.001"/>
  <testcase name="testIsNameEmptyString" classname="com.puppycrawl.tools.checkstyle.utils.CommonUtilTest" time="0.001"/>
  <testcase name="testIsBlankBehindWhitespace" classname="com.puppycrawl.tools.checkstyle.utils.CommonUtilTest" time="0.001"/>
  <testcase name="testIsBlankNullString" classname="com.puppycrawl.tools.checkstyle.utils.CommonUtilTest" time="0.001"/>
  <testcase name="testIsNameInvalidFirstSymbol" classname="com.puppycrawl.tools.checkstyle.utils.CommonUtilTest" time="0"/>
  <testcase name="testGetFileNameWithoutExtension" classname="com.puppycrawl.tools.checkstyle.utils.CommonUtilTest" time="0"/>
  <testcase name="testBaseClassNameForSimpleName" classname="com.puppycrawl.tools.checkstyle.utils.CommonUtilTest" time="0.001"/>
  <testcase name="testFillTemplateWithStringsByRegexp" classname="com.puppycrawl.tools.checkstyle.utils.CommonUtilTest" time="0.001"/>
  <testcase name="testGetFileExtension" classname="com.puppycrawl.tools.checkstyle.utils.CommonUtilTest" time="0.001"/>
  <testcase name="testHasWhitespaceBefore" classname="com.puppycrawl.tools.checkstyle.utils.CommonUtilTest" time="0.001"/>
  <testcase name="testIsIdentifierEmptyString" classname="com.puppycrawl.tools.checkstyle.utils.CommonUtilTest" time="0.001"/>
  <testcase name="testInvokeConstructorThatFails" classname="com.puppycrawl.tools.checkstyle.utils.CommonUtilTest" time="0.001"/>
  <testcase name="testIsBlankWithWhitespacesOnly" classname="com.puppycrawl.tools.checkstyle.utils.CommonUtilTest" time="0.001"/>
  <testcase name="testIsName" classname="com.puppycrawl.tools.checkstyle.utils.CommonUtilTest" time="0.001"/>
  <testcase name="testIsBlankWhitespaceInside" classname="com.puppycrawl.tools.checkstyle.utils.CommonUtilTest" time="0"/>
  <testcase name="testIsIdentifier" classname="com.puppycrawl.tools.checkstyle.utils.CommonUtilTest" time="0.001"/>
  <testcase name="testGetUriByFilenameFindsAbsoluteResourceOnClasspath" classname="com.puppycrawl.tools.checkstyle.utils.CommonUtilTest" time="0.001"/>
  <testcase name="testIsBlank" classname="com.puppycrawl.tools.checkstyle.utils.CommonUtilTest" time="0.002"/>
  <testcase name="testInvalidPattern" classname="com.puppycrawl.tools.checkstyle.utils.CommonUtilTest" time="0.001"/>
  <testcase name="testIsIntNull" classname="com.puppycrawl.tools.checkstyle.utils.CommonUtilTest" time="0.001"/>
</testsuite>