<html>
	<head>
		<title>checkstyle xml difference report</title>
		<style type="text/css" media="all">@import url("./css/maven-base.css");@import url("./css/maven-theme.css"); );</style>
		<link rel="stylesheet" href="./css/site.css">
		<meta name="viewport" content="width=device-width, initial-scale=1">
		<http-equiv http-equiv="Content-Language" content="en"></http-equiv>
	</head>
	<body class="composite">
		<div id="contentBox">
			<div class="section">
				<h2 a="Checkstyle XML difference report">Checkstyle XML difference report</h2>
				This is symmetric difference generated from two checkstyle-result.xml reports. <br/>
				All matching records from each XML file are deleted, then remaining records are merged into single report. <br>
		        <a href="https://github.com/checkstyle/contribution/tree/master/patch-diff-report-tool">Utility that generated this report.</a>
			</div>

			
				<h2 a="Checkstyle configuration report">Checkstyle configuration report</h2>
				<div class="section">
					<table border="0" class="bodyTable">
							<tr class="a">
								<th>Module Name</th>
								<th>Base properties</th>
								<th>Patch properties</th>
							</tr>
							
								
									<tr>
										<td class="c">Checker</td>
										
										<td class="c">
											
												severity
												
													<li>warning</li>
												
												<br/>
											
												charset
												
													<li>UTF-8</li>
												
												<br/>
											
												haltOnException
												
													<li>false</li>
												
												<br/>
											
										</td>
										
										
										<td class="c">
											
												severity
												
													<li>warning</li>
												
												<br/>
											
												charset
												
													<li>UTF-8</li>
												
												<br/>
											
												haltOnException
												
													<li>false</li>
												
												<br/>
											
										</td>
										
									</tr>
									
										
									<tr>
										<td class="c">BeforeExecutionExclusionFileFilter</td>
										
										<td class="c">
											
												fileNamePattern
												
													<li>module\-info\.java$</li>
												
												<br/>
											
										</td>
										
										
										<td class="c">
											
												fileNamePattern
												
													<li>module\-info\.java$</li>
												
												<br/>
											
										</td>
										
									</tr>
									
								
									
										
									<tr>
										<td class="c">TreeWalker</td>
										
										<td class="c">
											
												tabWidth
												
													<li>4</li>
												
												<br/>
											
										</td>
										
										
										<td class="c">
											
												tabWidth
												
													<li>4</li>
												
												<br/>
											
										</td>
										
									</tr>
									
										
									<tr>
										<td class="c">SuppressionXpathSingleFilter</td>
										
										<td class="c">
											
												message
												
													<li>Javadoc comment at column \d+ has parse error</li>
												
												<br/>
											
										</td>
										
										
										<td class="c">
											
												message
												
													<li>Javadoc comment at column \d+ has parse error</li>
												
												<br/>
											
										</td>
										
									</tr>
									
								
									
										
									<tr>
										<td class="c">AtclauseOrder</td>
										
										<td class="c">
											
										</td>
										
										
										<td class="c">
											
										</td>
										
									</tr>
									
								
									
										
									<tr>
										<td class="c">JavadocBlockTagLocation</td>
										
										<td class="c">
											
										</td>
										
										
										<td class="c">
											
										</td>
										
									</tr>
									
								
									
										
									<tr>
										<td class="c">JavadocContentLocation</td>
										
										<td class="c">
											
										</td>
										
										
										<td class="c">
											
										</td>
										
									</tr>
									
								
									
										
									<tr>
										<td class="c">JavadocMissingWhitespaceAfterAsterisk</td>
										
										<td class="c">
											
										</td>
										
										
										<td class="c">
											
										</td>
										
									</tr>
									
								
									
										
									<tr>
										<td class="c">JavadocParagraph</td>
										
										<td class="c">
											
										</td>
										
										
										<td class="c">
											
										</td>
										
									</tr>
									
								
									
										
									<tr>
										<td class="c">JavadocTagContinuationIndentation</td>
										
										<td class="c">
											
										</td>
										
										
										<td class="c">
											
										</td>
										
									</tr>
									
								
									
										
									<tr>
										<td class="c">MissingDeprecated</td>
										
										<td class="c">
											
										</td>
										
										
										<td class="c">
											
										</td>
										
									</tr>
									
								
									
										
									<tr>
										<td class="c">NonEmptyAtclauseDescription</td>
										
										<td class="c">
											
										</td>
										
										
										<td class="c">
											
										</td>
										
									</tr>
									
								
									
										
									<tr>
										<td class="c">SingleLineJavadoc</td>
										
										<td class="c">
											
										</td>
										
										
										<td class="c">
											
										</td>
										
									</tr>
									
								
									
										
									<tr>
										<td class="c">SummaryJavadoc</td>
										
										<td class="c">
											
										</td>
										
										
										<td class="c">
											
										</td>
										
									</tr>
									
								
									
								
									
								
								
					</table>	
				</div>
			

			<div class="section">
				<h2 a="Summary:">Summary:</h2>
				<div class="section">
					<table border="0" class="bodyTable">
						<tr class="a">
							<th>Report id</th>
							<th>Files</th>
							<th>Violations</th>
							
								<th>Severity-warning</th>
							
								<th>Severity-error</th>
							
						</tr>
						<tr class="b">
							<td>base</td>
							<td id="filesBase">1233</td>
							<td id="totalBase">5374</td>
							
								<td id="warningSeverityNumBase">5370</td>
							
								<td id="errorSeverityNumBase">4</td>
							
						</tr>
						<tr class="a">
							<td>patch</td>
							<td id="filesPatch">1233</td>
							<td id="totalPatch">5374 (4 removed, 4 added)</td>
							
								<td id="warningSeverityStatisticsPatch">5370</td>
							
								<td id="errorSeverityStatisticsPatch">4 (4 removed, 4 added)</td>
							
						</tr>
						<tr class="d">
							<td/>
							<td id="filesDiff">4 files with differences</td>
							<td id="totalDiff">8 changes in violations</td>
							
								<td id="warningSeverityNumDiff">0 changes in violations</td>
							
								<td id="errorSeverityNumDiff">8 changes in violations</td>
							
						<tr>
					</table>

					
						<br />
						<table border="0" class="bodyTable">
							<tr class="a">
								<th>Report id</th>
								
									<th>com.puppycrawl.tools.checkstyle.checks.annotation.MissingDeprecatedCheck</th>
								
									<th>com.puppycrawl.tools.checkstyle.checks.javadoc.AtclauseOrderCheck</th>
								
									<th>com.puppycrawl.tools.checkstyle.Checker</th>
								
									<th>com.puppycrawl.tools.checkstyle.checks.javadoc.JavadocContentLocationCheck</th>
								
									<th>com.puppycrawl.tools.checkstyle.checks.javadoc.SingleLineJavadocCheck</th>
								
									<th>com.puppycrawl.tools.checkstyle.checks.javadoc.JavadocMissingWhitespaceAfterAsteriskCheck</th>
								
									<th>com.puppycrawl.tools.checkstyle.checks.javadoc.JavadocParagraphCheck</th>
								
									<th>com.puppycrawl.tools.checkstyle.checks.javadoc.NonEmptyAtclauseDescriptionCheck</th>
								
									<th>com.puppycrawl.tools.checkstyle.checks.javadoc.JavadocTagContinuationIndentationCheck</th>
								
									<th>com.puppycrawl.tools.checkstyle.checks.javadoc.SummaryJavadocCheck</th>
								
							</tr>
							<tr class="b">
								<td>base</td>
								
									<td id="com.puppycrawl.tools.checkstyle.checks.annotation.MissingDeprecatedCheckModuleNumBase">155</td>
								
									<td id="com.puppycrawl.tools.checkstyle.checks.javadoc.AtclauseOrderCheckModuleNumBase">186</td>
								
									<td id="com.puppycrawl.tools.checkstyle.CheckerModuleNumBase">4</td>
								
									<td id="com.puppycrawl.tools.checkstyle.checks.javadoc.JavadocContentLocationCheckModuleNumBase">64</td>
								
									<td id="com.puppycrawl.tools.checkstyle.checks.javadoc.SingleLineJavadocCheckModuleNumBase">4</td>
								
									<td id="com.puppycrawl.tools.checkstyle.checks.javadoc.JavadocMissingWhitespaceAfterAsteriskCheckModuleNumBase">34</td>
								
									<td id="com.puppycrawl.tools.checkstyle.checks.javadoc.JavadocParagraphCheckModuleNumBase">731</td>
								
									<td id="com.puppycrawl.tools.checkstyle.checks.javadoc.NonEmptyAtclauseDescriptionCheckModuleNumBase">106</td>
								
									<td id="com.puppycrawl.tools.checkstyle.checks.javadoc.JavadocTagContinuationIndentationCheckModuleNumBase">561</td>
								
									<td id="com.puppycrawl.tools.checkstyle.checks.javadoc.SummaryJavadocCheckModuleNumBase">3529</td>
								
							</tr>
							<tr class="a">
								<td>patch</td>
								
									<td id="com.puppycrawl.tools.checkstyle.checks.annotation.MissingDeprecatedCheckModuleStatisticsPatch">155</td>
								
									<td id="com.puppycrawl.tools.checkstyle.checks.javadoc.AtclauseOrderCheckModuleStatisticsPatch">186</td>
								
									<td id="com.puppycrawl.tools.checkstyle.CheckerModuleStatisticsPatch">4 (4 removed, 4 added)</td>
								
									<td id="com.puppycrawl.tools.checkstyle.checks.javadoc.JavadocContentLocationCheckModuleStatisticsPatch">64</td>
								
									<td id="com.puppycrawl.tools.checkstyle.checks.javadoc.SingleLineJavadocCheckModuleStatisticsPatch">4</td>
								
									<td id="com.puppycrawl.tools.checkstyle.checks.javadoc.JavadocMissingWhitespaceAfterAsteriskCheckModuleStatisticsPatch">34</td>
								
									<td id="com.puppycrawl.tools.checkstyle.checks.javadoc.JavadocParagraphCheckModuleStatisticsPatch">731</td>
								
									<td id="com.puppycrawl.tools.checkstyle.checks.javadoc.NonEmptyAtclauseDescriptionCheckModuleStatisticsPatch">106</td>
								
									<td id="com.puppycrawl.tools.checkstyle.checks.javadoc.JavadocTagContinuationIndentationCheckModuleStatisticsPatch">561</td>
								
									<td id="com.puppycrawl.tools.checkstyle.checks.javadoc.SummaryJavadocCheckModuleStatisticsPatch">3529</td>
								
							</tr>
							<tr class="d">
								<td>changes in violations</td>
								
									<td id="com.puppycrawl.tools.checkstyle.checks.annotation.MissingDeprecatedCheckModuleNumDiff">0</td>
								
									<td id="com.puppycrawl.tools.checkstyle.checks.javadoc.AtclauseOrderCheckModuleNumDiff">0</td>
								
									<td id="com.puppycrawl.tools.checkstyle.CheckerModuleNumDiff">8</td>
								
									<td id="com.puppycrawl.tools.checkstyle.checks.javadoc.JavadocContentLocationCheckModuleNumDiff">0</td>
								
									<td id="com.puppycrawl.tools.checkstyle.checks.javadoc.SingleLineJavadocCheckModuleNumDiff">0</td>
								
									<td id="com.puppycrawl.tools.checkstyle.checks.javadoc.JavadocMissingWhitespaceAfterAsteriskCheckModuleNumDiff">0</td>
								
									<td id="com.puppycrawl.tools.checkstyle.checks.javadoc.JavadocParagraphCheckModuleNumDiff">0</td>
								
									<td id="com.puppycrawl.tools.checkstyle.checks.javadoc.NonEmptyAtclauseDescriptionCheckModuleNumDiff">0</td>
								
									<td id="com.puppycrawl.tools.checkstyle.checks.javadoc.JavadocTagContinuationIndentationCheckModuleNumDiff">0</td>
								
									<td id="com.puppycrawl.tools.checkstyle.checks.javadoc.SummaryJavadocCheckModuleNumDiff">0</td>
								
							<tr>
						</table>
					

					<br />
					Number of unique base messages reported below: <span id="uniqueMessagesBase">4</span><br />
					Number of unique patch messages reported below: <span id="uniqueMessagesPatch">4</span><br />
				</div>
			</div>

			<div class="section">
				<h2 a="Violations:">Violations:</h2>
				<div class="section">
					<h3>/home/nick/development/contribution/checkstyle-tester/repositories/apache-ant/src/etc/testcases/taskdefs/fixcrlf/expected/Junk5.java</h3>
					<tr class="b">
					<table border="0" class="bodyTable">
					        <th></th>
							<th>Severity</th>
							<th>Rule</th>
							<th>Message</th>
							<th>Line</th>
							<th>Col</th>
						</tr>
						
							
								<tr class="b">
								
								<td class="keepWidth"><a name="A1" href = "#A1">#A1</a></td>
								<td>error</td>
								<td>Checker</td>
								<td>Got an exception - com.puppycrawl.tools.checkstyle.api.CheckstyleException: TokenStreamRecognitionException occurred while parsing file /home/nick/development/contribution/checkstyle-tester/repositories/apache-ant/src/etc/testcases/taskdefs/fixcrlf/expected/Junk5.java.<br />
#x9;at com.puppycrawl.tools.checkstyle.JavaParser.parse(JavaParser.java:120)<br />
#x9;at com.puppycrawl.tools.checkstyle.TreeWalker.processFiltered(TreeWalker.java:149)<br />
#x9;at com.puppycrawl.tools.checkstyle.api.AbstractFileSetCheck.process(AbstractFileSetCheck.java:87)<br />
#x9;at com.puppycrawl.tools.checkstyle.Checker.processFile(Checker.java:337)<br />
#x9;at com.puppycrawl.tools.checkstyle.Checker.processFiles(Checker.java:298)<br />
#x9;at com.puppycrawl.tools.checkstyle.Checker.process(Checker.java:221)<br />
#x9;at org.apache.maven.plugins.checkstyle.exec.DefaultCheckstyleExecutor.executeCheckstyle(DefaultCheckstyleExecutor.java:202)<br />
#x9;at org.apache.maven.plugins.checkstyle.AbstractCheckstyleReport.executeReport(AbstractCheckstyleReport.java:533)<br />
#x9;at org.apache.maven.plugins.checkstyle.CheckstyleReport.executeReport(CheckstyleReport.java:57)<br />
#x9;at org.apache.maven.reporting.AbstractMavenReport.generate(AbstractMavenReport.java:255)<br />
#x9;at org.apache.maven.plugins.site.ReportDocumentRenderer.renderDocument(ReportDocumentRenderer.java:219)<br />
#x9;at org.apache.maven.doxia.siterenderer.DefaultSiteRenderer.renderModule(DefaultSiteRenderer.java:319)<br />
#x9;at org.apache.maven.doxia.siterenderer.DefaultSiteRenderer.render(DefaultSiteRenderer.java:135)<br />
#x9;at org.apache.maven.plugins.site.SiteMojo.renderLocale(SiteMojo.java:175)<br />
#x9;at org.apache.maven.plugins.site.SiteMojo.execute(SiteMojo.java:138)<br />
#x9;at org.apache.maven.plugin.DefaultBuildPluginManager.executeMojo(DefaultBuildPluginManager.java:137)<br />
#x9;at org.apache.maven.lifecycle.internal.MojoExecutor.execute(MojoExecutor.java:210)<br />
#x9;at org.apache.maven.lifecycle.internal.MojoExecutor.execute(MojoExecutor.java:156)<br />
#x9;at org.apache.maven.lifecycle.internal.MojoExecutor.execute(MojoExecutor.java:148)<br />
#x9;at org.apache.maven.lifecycle.internal.LifecycleModuleBuilder.buildProject(LifecycleModuleBuilder.java:117)<br />
#x9;at org.apache.maven.lifecycle.internal.LifecycleModuleBuilder.buildProject(LifecycleModuleBuilder.java:81)<br />
#x9;at org.apache.maven.lifecycle.internal.builder.singlethreaded.SingleThreadedBuilder.build(SingleThreadedBuilder.java:56)<br />
#x9;at org.apache.maven.lifecycle.internal.LifecycleStarter.execute(LifecycleStarter.java:128)<br />
#x9;at org.apache.maven.DefaultMaven.doExecute(DefaultMaven.java:305)<br />
#x9;at org.apache.maven.DefaultMaven.doExecute(DefaultMaven.java:192)<br />
#x9;at org.apache.maven.DefaultMaven.execute(DefaultMaven.java:105)<br />
#x9;at org.apache.maven.cli.MavenCli.execute(MavenCli.java:957)<br />
#x9;at org.apache.maven.cli.MavenCli.doMain(MavenCli.java:289)<br />
#x9;at org.apache.maven.cli.MavenCli.main(MavenCli.java:193)<br />
#x9;at java.base/jdk.internal.reflect.NativeMethodAccessorImpl.invoke0(Native Method)<br />
#x9;at java.base/jdk.internal.reflect.NativeMethodAccessorImpl.invoke(NativeMethodAccessorImpl.java:62)<br />
#x9;at java.base/jdk.internal.reflect.DelegatingMethodAccessorImpl.invoke(DelegatingMethodAccessorImpl.java:43)<br />
#x9;at java.base/java.lang.reflect.Method.invoke(Method.java:566)<br />
#x9;at org.codehaus.plexus.classworlds.launcher.Launcher.launchEnhanced(Launcher.java:282)<br />
#x9;at org.codehaus.plexus.classworlds.launcher.Launcher.launch(Launcher.java:225)<br />
#x9;at org.codehaus.plexus.classworlds.launcher.Launcher.mainWithExitCode(Launcher.java:406)<br />
#x9;at org.codehaus.plexus.classworlds.launcher.Launcher.main(Launcher.java:347)<br />
Caused by: line 8:39: expecting &#39;&#39;&#39;, found &#39; &#39;<br />
#x9;at com.puppycrawl.tools.checkstyle.grammar.GeneratedJavaLexer.nextToken(GeneratedJavaLexer.java:411)<br />
#x9;at antlr.TokenStreamHiddenTokenFilter.consume(TokenStreamHiddenTokenFilter.java:38)<br />
#x9;at antlr.TokenStreamHiddenTokenFilter.nextToken(TokenStreamHiddenTokenFilter.java:134)<br />
#x9;at antlr.TokenStreamSelector.nextToken(TokenStreamSelector.java:65)<br />
#x9;at antlr.TokenBuffer.fill(TokenBuffer.java:69)<br />
#x9;at antlr.TokenBuffer.LA(TokenBuffer.java:80)<br />
#x9;at antlr.LLkParser.LA(LLkParser.java:52)<br />
#x9;at com.puppycrawl.tools.checkstyle.grammar.GeneratedJavaRecognizer.declaratorBrackets(GeneratedJavaRecognizer.java:2924)<br />
#x9;at com.puppycrawl.tools.checkstyle.grammar.GeneratedJavaRecognizer.variableDeclarator(GeneratedJavaRecognizer.java:5014)<br />
#x9;at com.puppycrawl.tools.checkstyle.grammar.GeneratedJavaRecognizer.variableDefinitions(GeneratedJavaRecognizer.java:1744)<br />
#x9;at com.puppycrawl.tools.checkstyle.grammar.GeneratedJavaRecognizer.declaration(GeneratedJavaRecognizer.java:1723)<br />
#x9;at com.puppycrawl.tools.checkstyle.grammar.GeneratedJavaRecognizer.traditionalStatement(GeneratedJavaRecognizer.java:5901)<br />
#x9;at com.puppycrawl.tools.checkstyle.grammar.GeneratedJavaRecognizer.statement(GeneratedJavaRecognizer.java:4776)<br />
#x9;at com.puppycrawl.tools.checkstyle.grammar.GeneratedJavaRecognizer.compoundStatement(GeneratedJavaRecognizer.java:4506)<br />
#x9;at com.puppycrawl.tools.checkstyle.grammar.GeneratedJavaRecognizer.traditionalStatement(GeneratedJavaRecognizer.java:5595)<br />
#x9;at com.puppycrawl.tools.checkstyle.grammar.GeneratedJavaRecognizer.statement(GeneratedJavaRecognizer.java:4776)<br />
#x9;at com.puppycrawl.tools.checkstyle.grammar.GeneratedJavaRecognizer.traditionalStatement(GeneratedJavaRecognizer.java:5616)<br />
#x9;at com.puppycrawl.tools.checkstyle.grammar.GeneratedJavaRecognizer.statement(GeneratedJavaRecognizer.java:4776)<br />
#x9;at com.puppycrawl.tools.checkstyle.grammar.GeneratedJavaRecognizer.compoundStatement(GeneratedJavaRecognizer.java:4506)<br />
#x9;at com.puppycrawl.tools.checkstyle.grammar.GeneratedJavaRecognizer.field(GeneratedJavaRecognizer.java:3128)<br />
#x9;at com.puppycrawl.tools.checkstyle.grammar.GeneratedJavaRecognizer.classBlock(GeneratedJavaRecognizer.java:3384)<br />
#x9;at com.puppycrawl.tools.checkstyle.grammar.GeneratedJavaRecognizer.classDefinition(GeneratedJavaRecognizer.java:636)<br />
#x9;at com.puppycrawl.tools.checkstyle.grammar.GeneratedJavaRecognizer.typeDefinitionInternal(GeneratedJavaRecognizer.java:551)<br />
#x9;at com.puppycrawl.tools.checkstyle.grammar.GeneratedJavaRecognizer.typeDefinition(GeneratedJavaRecognizer.java:392)<br />
#x9;at com.puppycrawl.tools.checkstyle.grammar.GeneratedJavaRecognizer.compilationUnit(GeneratedJavaRecognizer.java:203)<br />
#x9;at com.puppycrawl.tools.checkstyle.JavaParser.parse(JavaParser.java:114)<br />
#x9;... 36 more<br />
</td>
								
									
									<td class="keepWidth"><a href = "xref/home/nick/development/contribution/checkstyle-tester/repositories/apache-ant/src/etc/testcases/taskdefs/fixcrlf/expected/Junk5.java.html#L1">1</a></td>
								
								
									<td class="keepWidth"> </td>
									
								
							</tr>
						
							
								<tr class="a">
							
								<td class="keepWidth"><a name="A2" href = "#A2">#A2</a></td>
								<td>error</td>
								<td>Checker</td>
								<td>Got an exception - com.puppycrawl.tools.checkstyle.api.CheckstyleException: TokenStreamRecognitionException occurred while parsing file /home/nick/development/contribution/checkstyle-tester/repositories/apache-ant/src/etc/testcases/taskdefs/fixcrlf/expected/Junk5.java.<br />
#x9;at com.puppycrawl.tools.checkstyle.JavaParser.parse(JavaParser.java:120)<br />
#x9;at com.puppycrawl.tools.checkstyle.TreeWalker.processFiltered(TreeWalker.java:149)<br />
#x9;at com.puppycrawl.tools.checkstyle.api.AbstractFileSetCheck.process(AbstractFileSetCheck.java:87)<br />
#x9;at com.puppycrawl.tools.checkstyle.Checker.processFile(Checker.java:337)<br />
#x9;at com.puppycrawl.tools.checkstyle.Checker.processFiles(Checker.java:298)<br />
#x9;at com.puppycrawl.tools.checkstyle.Checker.process(Checker.java:221)<br />
#x9;at org.apache.maven.plugins.checkstyle.exec.DefaultCheckstyleExecutor.executeCheckstyle(DefaultCheckstyleExecutor.java:202)<br />
#x9;at org.apache.maven.plugins.checkstyle.AbstractCheckstyleReport.executeReport(AbstractCheckstyleReport.java:533)<br />
#x9;at org.apache.maven.plugins.checkstyle.CheckstyleReport.executeReport(CheckstyleReport.java:57)<br />
#x9;at org.apache.maven.reporting.AbstractMavenReport.generate(AbstractMavenReport.java:255)<br />
#x9;at org.apache.maven.plugins.site.ReportDocumentRenderer.renderDocument(ReportDocumentRenderer.java:219)<br />
#x9;at org.apache.maven.doxia.siterenderer.DefaultSiteRenderer.renderModule(DefaultSiteRenderer.java:319)<br />
#x9;at org.apache.maven.doxia.siterenderer.DefaultSiteRenderer.render(DefaultSiteRenderer.java:135)<br />
#x9;at org.apache.maven.plugins.site.SiteMojo.renderLocale(SiteMojo.java:175)<br />
#x9;at org.apache.maven.plugins.site.SiteMojo.execute(SiteMojo.java:138)<br />
#x9;at org.apache.maven.plugin.DefaultBuildPluginManager.executeMojo(DefaultBuildPluginManager.java:137)<br />
#x9;at org.apache.maven.lifecycle.internal.MojoExecutor.execute(MojoExecutor.java:210)<br />
#x9;at org.apache.maven.lifecycle.internal.MojoExecutor.execute(MojoExecutor.java:156)<br />
#x9;at org.apache.maven.lifecycle.internal.MojoExecutor.execute(MojoExecutor.java:148)<br />
#x9;at org.apache.maven.lifecycle.internal.LifecycleModuleBuilder.buildProject(LifecycleModuleBuilder.java:117)<br />
#x9;at org.apache.maven.lifecycle.internal.LifecycleModuleBuilder.buildProject(LifecycleModuleBuilder.java:81)<br />
#x9;at org.apache.maven.lifecycle.internal.builder.singlethreaded.SingleThreadedBuilder.build(SingleThreadedBuilder.java:56)<br />
#x9;at org.apache.maven.lifecycle.internal.LifecycleStarter.execute(LifecycleStarter.java:128)<br />
#x9;at org.apache.maven.DefaultMaven.doExecute(DefaultMaven.java:305)<br />
#x9;at org.apache.maven.DefaultMaven.doExecute(DefaultMaven.java:192)<br />
#x9;at org.apache.maven.DefaultMaven.execute(DefaultMaven.java:105)<br />
#x9;at org.apache.maven.cli.MavenCli.execute(MavenCli.java:957)<br />
#x9;at org.apache.maven.cli.MavenCli.doMain(MavenCli.java:289)<br />
#x9;at org.apache.maven.cli.MavenCli.main(MavenCli.java:193)<br />
#x9;at java.base/jdk.internal.reflect.NativeMethodAccessorImpl.invoke0(Native Method)<br />
#x9;at java.base/jdk.internal.reflect.NativeMethodAccessorImpl.invoke(NativeMethodAccessorImpl.java:62)<br />
#x9;at java.base/jdk.internal.reflect.DelegatingMethodAccessorImpl.invoke(DelegatingMethodAccessorImpl.java:43)<br />
#x9;at java.base/java.lang.reflect.Method.invoke(Method.java:566)<br />
#x9;at org.codehaus.plexus.classworlds.launcher.Launcher.launchEnhanced(Launcher.java:282)<br />
#x9;at org.codehaus.plexus.classworlds.launcher.Launcher.launch(Launcher.java:225)<br />
#x9;at org.codehaus.plexus.classworlds.launcher.Launcher.mainWithExitCode(Launcher.java:406)<br />
#x9;at org.codehaus.plexus.classworlds.launcher.Launcher.main(Launcher.java:347)<br />
Caused by: line 8:39: expecting &#39;&#39;&#39;, found &#39; &#39;<br />
#x9;at com.puppycrawl.tools.checkstyle.grammar.GeneratedJavaLexer.nextToken(GeneratedJavaLexer.java:412)<br />
#x9;at antlr.TokenStreamHiddenTokenFilter.consume(TokenStreamHiddenTokenFilter.java:38)<br />
#x9;at antlr.TokenStreamHiddenTokenFilter.nextToken(TokenStreamHiddenTokenFilter.java:134)<br />
#x9;at antlr.TokenStreamSelector.nextToken(TokenStreamSelector.java:65)<br />
#x9;at antlr.TokenBuffer.fill(TokenBuffer.java:69)<br />
#x9;at antlr.TokenBuffer.LA(TokenBuffer.java:80)<br />
#x9;at antlr.LLkParser.LA(LLkParser.java:52)<br />
#x9;at com.puppycrawl.tools.checkstyle.grammar.GeneratedJavaRecognizer.declaratorBrackets(GeneratedJavaRecognizer.java:2954)<br />
#x9;at com.puppycrawl.tools.checkstyle.grammar.GeneratedJavaRecognizer.variableDeclarator(GeneratedJavaRecognizer.java:5053)<br />
#x9;at com.puppycrawl.tools.checkstyle.grammar.GeneratedJavaRecognizer.variableDefinitions(GeneratedJavaRecognizer.java:1766)<br />
#x9;at com.puppycrawl.tools.checkstyle.grammar.GeneratedJavaRecognizer.declaration(GeneratedJavaRecognizer.java:1745)<br />
#x9;at com.puppycrawl.tools.checkstyle.grammar.GeneratedJavaRecognizer.traditionalStatement(GeneratedJavaRecognizer.java:5909)<br />
#x9;at com.puppycrawl.tools.checkstyle.grammar.GeneratedJavaRecognizer.statement(GeneratedJavaRecognizer.java:4815)<br />
#x9;at com.puppycrawl.tools.checkstyle.grammar.GeneratedJavaRecognizer.compoundStatement(GeneratedJavaRecognizer.java:4544)<br />
#x9;at com.puppycrawl.tools.checkstyle.grammar.GeneratedJavaRecognizer.traditionalStatement(GeneratedJavaRecognizer.java:5641)<br />
#x9;at com.puppycrawl.tools.checkstyle.grammar.GeneratedJavaRecognizer.statement(GeneratedJavaRecognizer.java:4815)<br />
#x9;at com.puppycrawl.tools.checkstyle.grammar.GeneratedJavaRecognizer.traditionalStatement(GeneratedJavaRecognizer.java:5662)<br />
#x9;at com.puppycrawl.tools.checkstyle.grammar.GeneratedJavaRecognizer.statement(GeneratedJavaRecognizer.java:4815)<br />
#x9;at com.puppycrawl.tools.checkstyle.grammar.GeneratedJavaRecognizer.compoundStatement(GeneratedJavaRecognizer.java:4544)<br />
#x9;at com.puppycrawl.tools.checkstyle.grammar.GeneratedJavaRecognizer.field(GeneratedJavaRecognizer.java:3159)<br />
#x9;at com.puppycrawl.tools.checkstyle.grammar.GeneratedJavaRecognizer.classBlock(GeneratedJavaRecognizer.java:3416)<br />
#x9;at com.puppycrawl.tools.checkstyle.grammar.GeneratedJavaRecognizer.classDefinition(GeneratedJavaRecognizer.java:646)<br />
#x9;at com.puppycrawl.tools.checkstyle.grammar.GeneratedJavaRecognizer.typeDefinitionInternal(GeneratedJavaRecognizer.java:561)<br />
#x9;at com.puppycrawl.tools.checkstyle.grammar.GeneratedJavaRecognizer.typeDefinition(GeneratedJavaRecognizer.java:402)<br />
#x9;at com.puppycrawl.tools.checkstyle.grammar.GeneratedJavaRecognizer.compilationUnit(GeneratedJavaRecognizer.java:212)<br />
#x9;at com.puppycrawl.tools.checkstyle.JavaParser.parse(JavaParser.java:114)<br />
#x9;... 36 more<br />
</td>
								
									
									<td class="keepWidth"><a href = "xref/home/nick/development/contribution/checkstyle-tester/repositories/apache-ant/src/etc/testcases/taskdefs/fixcrlf/expected/Junk5.java.html#L1">1</a></td>
								
								
									<td class="keepWidth"> </td>
									
								
							</tr>
						
					</table>
				</div>
				<div class="section">
					<h3>/home/nick/development/contribution/checkstyle-tester/repositories/apache-ant/src/etc/testcases/taskdefs/fixcrlf/expected/Junk8.java</h3>
					<tr class="b">
					<table border="0" class="bodyTable">
					        <th></th>
							<th>Severity</th>
							<th>Rule</th>
							<th>Message</th>
							<th>Line</th>
							<th>Col</th>
						</tr>
						
							
								<tr class="b">
								
								<td class="keepWidth"><a name="A3" href = "#A3">#A3</a></td>
								<td>error</td>
								<td>Checker</td>
								<td>Got an exception - com.puppycrawl.tools.checkstyle.api.CheckstyleException: TokenStreamRecognitionException occurred while parsing file /home/nick/development/contribution/checkstyle-tester/repositories/apache-ant/src/etc/testcases/taskdefs/fixcrlf/expected/Junk8.java.<br />
#x9;at com.puppycrawl.tools.checkstyle.JavaParser.parse(JavaParser.java:120)<br />
#x9;at com.puppycrawl.tools.checkstyle.TreeWalker.processFiltered(TreeWalker.java:149)<br />
#x9;at com.puppycrawl.tools.checkstyle.api.AbstractFileSetCheck.process(AbstractFileSetCheck.java:87)<br />
#x9;at com.puppycrawl.tools.checkstyle.Checker.processFile(Checker.java:337)<br />
#x9;at com.puppycrawl.tools.checkstyle.Checker.processFiles(Checker.java:298)<br />
#x9;at com.puppycrawl.tools.checkstyle.Checker.process(Checker.java:221)<br />
#x9;at org.apache.maven.plugins.checkstyle.exec.DefaultCheckstyleExecutor.executeCheckstyle(DefaultCheckstyleExecutor.java:202)<br />
#x9;at org.apache.maven.plugins.checkstyle.AbstractCheckstyleReport.executeReport(AbstractCheckstyleReport.java:533)<br />
#x9;at org.apache.maven.plugins.checkstyle.CheckstyleReport.executeReport(CheckstyleReport.java:57)<br />
#x9;at org.apache.maven.reporting.AbstractMavenReport.generate(AbstractMavenReport.java:255)<br />
#x9;at org.apache.maven.plugins.site.ReportDocumentRenderer.renderDocument(ReportDocumentRenderer.java:219)<br />
#x9;at org.apache.maven.doxia.siterenderer.DefaultSiteRenderer.renderModule(DefaultSiteRenderer.java:319)<br />
#x9;at org.apache.maven.doxia.siterenderer.DefaultSiteRenderer.render(DefaultSiteRenderer.java:135)<br />
#x9;at org.apache.maven.plugins.site.SiteMojo.renderLocale(SiteMojo.java:175)<br />
#x9;at org.apache.maven.plugins.site.SiteMojo.execute(SiteMojo.java:138)<br />
#x9;at org.apache.maven.plugin.DefaultBuildPluginManager.executeMojo(DefaultBuildPluginManager.java:137)<br />
#x9;at org.apache.maven.lifecycle.internal.MojoExecutor.execute(MojoExecutor.java:210)<br />
#x9;at org.apache.maven.lifecycle.internal.MojoExecutor.execute(MojoExecutor.java:156)<br />
#x9;at org.apache.maven.lifecycle.internal.MojoExecutor.execute(MojoExecutor.java:148)<br />
#x9;at org.apache.maven.lifecycle.internal.LifecycleModuleBuilder.buildProject(LifecycleModuleBuilder.java:117)<br />
#x9;at org.apache.maven.lifecycle.internal.LifecycleModuleBuilder.buildProject(LifecycleModuleBuilder.java:81)<br />
#x9;at org.apache.maven.lifecycle.internal.builder.singlethreaded.SingleThreadedBuilder.build(SingleThreadedBuilder.java:56)<br />
#x9;at org.apache.maven.lifecycle.internal.LifecycleStarter.execute(LifecycleStarter.java:128)<br />
#x9;at org.apache.maven.DefaultMaven.doExecute(DefaultMaven.java:305)<br />
#x9;at org.apache.maven.DefaultMaven.doExecute(DefaultMaven.java:192)<br />
#x9;at org.apache.maven.DefaultMaven.execute(DefaultMaven.java:105)<br />
#x9;at org.apache.maven.cli.MavenCli.execute(MavenCli.java:957)<br />
#x9;at org.apache.maven.cli.MavenCli.doMain(MavenCli.java:289)<br />
#x9;at org.apache.maven.cli.MavenCli.main(MavenCli.java:193)<br />
#x9;at java.base/jdk.internal.reflect.NativeMethodAccessorImpl.invoke0(Native Method)<br />
#x9;at java.base/jdk.internal.reflect.NativeMethodAccessorImpl.invoke(NativeMethodAccessorImpl.java:62)<br />
#x9;at java.base/jdk.internal.reflect.DelegatingMethodAccessorImpl.invoke(DelegatingMethodAccessorImpl.java:43)<br />
#x9;at java.base/java.lang.reflect.Method.invoke(Method.java:566)<br />
#x9;at org.codehaus.plexus.classworlds.launcher.Launcher.launchEnhanced(Launcher.java:282)<br />
#x9;at org.codehaus.plexus.classworlds.launcher.Launcher.launch(Launcher.java:225)<br />
#x9;at org.codehaus.plexus.classworlds.launcher.Launcher.mainWithExitCode(Launcher.java:406)<br />
#x9;at org.codehaus.plexus.classworlds.launcher.Launcher.main(Launcher.java:347)<br />
Caused by: line 13:1: Unexpected character 0x1a in identifier<br />
#x9;at com.puppycrawl.tools.checkstyle.grammar.GeneratedJavaLexer.nextToken(GeneratedJavaLexer.java:411)<br />
#x9;at antlr.TokenStreamHiddenTokenFilter.consume(TokenStreamHiddenTokenFilter.java:38)<br />
#x9;at antlr.TokenStreamHiddenTokenFilter.nextToken(TokenStreamHiddenTokenFilter.java:134)<br />
#x9;at antlr.TokenStreamSelector.nextToken(TokenStreamSelector.java:65)<br />
#x9;at antlr.TokenBuffer.fill(TokenBuffer.java:69)<br />
#x9;at antlr.TokenBuffer.LA(TokenBuffer.java:80)<br />
#x9;at antlr.LLkParser.LA(LLkParser.java:52)<br />
#x9;at com.puppycrawl.tools.checkstyle.grammar.GeneratedJavaRecognizer.traditionalStatement(GeneratedJavaRecognizer.java:5623)<br />
#x9;at com.puppycrawl.tools.checkstyle.grammar.GeneratedJavaRecognizer.statement(GeneratedJavaRecognizer.java:4776)<br />
#x9;at com.puppycrawl.tools.checkstyle.grammar.GeneratedJavaRecognizer.compoundStatement(GeneratedJavaRecognizer.java:4506)<br />
#x9;at com.puppycrawl.tools.checkstyle.grammar.GeneratedJavaRecognizer.field(GeneratedJavaRecognizer.java:3128)<br />
#x9;at com.puppycrawl.tools.checkstyle.grammar.GeneratedJavaRecognizer.classBlock(GeneratedJavaRecognizer.java:3384)<br />
#x9;at com.puppycrawl.tools.checkstyle.grammar.GeneratedJavaRecognizer.classDefinition(GeneratedJavaRecognizer.java:636)<br />
#x9;at com.puppycrawl.tools.checkstyle.grammar.GeneratedJavaRecognizer.typeDefinitionInternal(GeneratedJavaRecognizer.java:551)<br />
#x9;at com.puppycrawl.tools.checkstyle.grammar.GeneratedJavaRecognizer.typeDefinition(GeneratedJavaRecognizer.java:392)<br />
#x9;at com.puppycrawl.tools.checkstyle.grammar.GeneratedJavaRecognizer.compilationUnit(GeneratedJavaRecognizer.java:203)<br />
#x9;at com.puppycrawl.tools.checkstyle.JavaParser.parse(JavaParser.java:114)<br />
#x9;... 36 more<br />
</td>
								
									
									<td class="keepWidth"><a href = "xref/home/nick/development/contribution/checkstyle-tester/repositories/apache-ant/src/etc/testcases/taskdefs/fixcrlf/expected/Junk8.java.html#L1">1</a></td>
								
								
									<td class="keepWidth"> </td>
									
								
							</tr>
						
							
								<tr class="a">
							
								<td class="keepWidth"><a name="A4" href = "#A4">#A4</a></td>
								<td>error</td>
								<td>Checker</td>
								<td>Got an exception - com.puppycrawl.tools.checkstyle.api.CheckstyleException: TokenStreamRecognitionException occurred while parsing file /home/nick/development/contribution/checkstyle-tester/repositories/apache-ant/src/etc/testcases/taskdefs/fixcrlf/expected/Junk8.java.<br />
#x9;at com.puppycrawl.tools.checkstyle.JavaParser.parse(JavaParser.java:120)<br />
#x9;at com.puppycrawl.tools.checkstyle.TreeWalker.processFiltered(TreeWalker.java:149)<br />
#x9;at com.puppycrawl.tools.checkstyle.api.AbstractFileSetCheck.process(AbstractFileSetCheck.java:87)<br />
#x9;at com.puppycrawl.tools.checkstyle.Checker.processFile(Checker.java:337)<br />
#x9;at com.puppycrawl.tools.checkstyle.Checker.processFiles(Checker.java:298)<br />
#x9;at com.puppycrawl.tools.checkstyle.Checker.process(Checker.java:221)<br />
#x9;at org.apache.maven.plugins.checkstyle.exec.DefaultCheckstyleExecutor.executeCheckstyle(DefaultCheckstyleExecutor.java:202)<br />
#x9;at org.apache.maven.plugins.checkstyle.AbstractCheckstyleReport.executeReport(AbstractCheckstyleReport.java:533)<br />
#x9;at org.apache.maven.plugins.checkstyle.CheckstyleReport.executeReport(CheckstyleReport.java:57)<br />
#x9;at org.apache.maven.reporting.AbstractMavenReport.generate(AbstractMavenReport.java:255)<br />
#x9;at org.apache.maven.plugins.site.ReportDocumentRenderer.renderDocument(ReportDocumentRenderer.java:219)<br />
#x9;at org.apache.maven.doxia.siterenderer.DefaultSiteRenderer.renderModule(DefaultSiteRenderer.java:319)<br />
#x9;at org.apache.maven.doxia.siterenderer.DefaultSiteRenderer.render(DefaultSiteRenderer.java:135)<br />
#x9;at org.apache.maven.plugins.site.SiteMojo.renderLocale(SiteMojo.java:175)<br />
#x9;at org.apache.maven.plugins.site.SiteMojo.execute(SiteMojo.java:138)<br />
#x9;at org.apache.maven.plugin.DefaultBuildPluginManager.executeMojo(DefaultBuildPluginManager.java:137)<br />
#x9;at org.apache.maven.lifecycle.internal.MojoExecutor.execute(MojoExecutor.java:210)<br />
#x9;at org.apache.maven.lifecycle.internal.MojoExecutor.execute(MojoExecutor.java:156)<br />
#x9;at org.apache.maven.lifecycle.internal.MojoExecutor.execute(MojoExecutor.java:148)<br />
#x9;at org.apache.maven.lifecycle.internal.LifecycleModuleBuilder.buildProject(LifecycleModuleBuilder.java:117)<br />
#x9;at org.apache.maven.lifecycle.internal.LifecycleModuleBuilder.buildProject(LifecycleModuleBuilder.java:81)<br />
#x9;at org.apache.maven.lifecycle.internal.builder.singlethreaded.SingleThreadedBuilder.build(SingleThreadedBuilder.java:56)<br />
#x9;at org.apache.maven.lifecycle.internal.LifecycleStarter.execute(LifecycleStarter.java:128)<br />
#x9;at org.apache.maven.DefaultMaven.doExecute(DefaultMaven.java:305)<br />
#x9;at org.apache.maven.DefaultMaven.doExecute(DefaultMaven.java:192)<br />
#x9;at org.apache.maven.DefaultMaven.execute(DefaultMaven.java:105)<br />
#x9;at org.apache.maven.cli.MavenCli.execute(MavenCli.java:957)<br />
#x9;at org.apache.maven.cli.MavenCli.doMain(MavenCli.java:289)<br />
#x9;at org.apache.maven.cli.MavenCli.main(MavenCli.java:193)<br />
#x9;at java.base/jdk.internal.reflect.NativeMethodAccessorImpl.invoke0(Native Method)<br />
#x9;at java.base/jdk.internal.reflect.NativeMethodAccessorImpl.invoke(NativeMethodAccessorImpl.java:62)<br />
#x9;at java.base/jdk.internal.reflect.DelegatingMethodAccessorImpl.invoke(DelegatingMethodAccessorImpl.java:43)<br />
#x9;at java.base/java.lang.reflect.Method.invoke(Method.java:566)<br />
#x9;at org.codehaus.plexus.classworlds.launcher.Launcher.launchEnhanced(Launcher.java:282)<br />
#x9;at org.codehaus.plexus.classworlds.launcher.Launcher.launch(Launcher.java:225)<br />
#x9;at org.codehaus.plexus.classworlds.launcher.Launcher.mainWithExitCode(Launcher.java:406)<br />
#x9;at org.codehaus.plexus.classworlds.launcher.Launcher.main(Launcher.java:347)<br />
Caused by: line 13:1: Unexpected character 0x1a in identifier<br />
#x9;at com.puppycrawl.tools.checkstyle.grammar.GeneratedJavaLexer.nextToken(GeneratedJavaLexer.java:412)<br />
#x9;at antlr.TokenStreamHiddenTokenFilter.consume(TokenStreamHiddenTokenFilter.java:38)<br />
#x9;at antlr.TokenStreamHiddenTokenFilter.nextToken(TokenStreamHiddenTokenFilter.java:134)<br />
#x9;at antlr.TokenStreamSelector.nextToken(TokenStreamSelector.java:65)<br />
#x9;at antlr.TokenBuffer.fill(TokenBuffer.java:69)<br />
#x9;at antlr.TokenBuffer.LA(TokenBuffer.java:80)<br />
#x9;at antlr.LLkParser.LA(LLkParser.java:52)<br />
#x9;at com.puppycrawl.tools.checkstyle.grammar.GeneratedJavaRecognizer.traditionalStatement(GeneratedJavaRecognizer.java:5669)<br />
#x9;at com.puppycrawl.tools.checkstyle.grammar.GeneratedJavaRecognizer.statement(GeneratedJavaRecognizer.java:4815)<br />
#x9;at com.puppycrawl.tools.checkstyle.grammar.GeneratedJavaRecognizer.compoundStatement(GeneratedJavaRecognizer.java:4544)<br />
#x9;at com.puppycrawl.tools.checkstyle.grammar.GeneratedJavaRecognizer.field(GeneratedJavaRecognizer.java:3159)<br />
#x9;at com.puppycrawl.tools.checkstyle.grammar.GeneratedJavaRecognizer.classBlock(GeneratedJavaRecognizer.java:3416)<br />
#x9;at com.puppycrawl.tools.checkstyle.grammar.GeneratedJavaRecognizer.classDefinition(GeneratedJavaRecognizer.java:646)<br />
#x9;at com.puppycrawl.tools.checkstyle.grammar.GeneratedJavaRecognizer.typeDefinitionInternal(GeneratedJavaRecognizer.java:561)<br />
#x9;at com.puppycrawl.tools.checkstyle.grammar.GeneratedJavaRecognizer.typeDefinition(GeneratedJavaRecognizer.java:402)<br />
#x9;at com.puppycrawl.tools.checkstyle.grammar.GeneratedJavaRecognizer.compilationUnit(GeneratedJavaRecognizer.java:212)<br />
#x9;at com.puppycrawl.tools.checkstyle.JavaParser.parse(JavaParser.java:114)<br />
#x9;... 36 more<br />
</td>
								
									
									<td class="keepWidth"><a href = "xref/home/nick/development/contribution/checkstyle-tester/repositories/apache-ant/src/etc/testcases/taskdefs/fixcrlf/expected/Junk8.java.html#L1">1</a></td>
								
								
									<td class="keepWidth"> </td>
									
								
							</tr>
						
					</table>
				</div>
				<div class="section">
					<h3>/home/nick/development/contribution/checkstyle-tester/repositories/apache-ant/src/etc/testcases/taskdefs/fixcrlf/input/Junk9.java</h3>
					<tr class="b">
					<table border="0" class="bodyTable">
					        <th></th>
							<th>Severity</th>
							<th>Rule</th>
							<th>Message</th>
							<th>Line</th>
							<th>Col</th>
						</tr>
						
							
								<tr class="b">
								
								<td class="keepWidth"><a name="A5" href = "#A5">#A5</a></td>
								<td>error</td>
								<td>Checker</td>
								<td>Got an exception - com.puppycrawl.tools.checkstyle.api.CheckstyleException: TokenStreamRecognitionException occurred while parsing file /home/nick/development/contribution/checkstyle-tester/repositories/apache-ant/src/etc/testcases/taskdefs/fixcrlf/input/Junk9.java.<br />
#x9;at com.puppycrawl.tools.checkstyle.JavaParser.parse(JavaParser.java:120)<br />
#x9;at com.puppycrawl.tools.checkstyle.TreeWalker.processFiltered(TreeWalker.java:149)<br />
#x9;at com.puppycrawl.tools.checkstyle.api.AbstractFileSetCheck.process(AbstractFileSetCheck.java:87)<br />
#x9;at com.puppycrawl.tools.checkstyle.Checker.processFile(Checker.java:337)<br />
#x9;at com.puppycrawl.tools.checkstyle.Checker.processFiles(Checker.java:298)<br />
#x9;at com.puppycrawl.tools.checkstyle.Checker.process(Checker.java:221)<br />
#x9;at org.apache.maven.plugins.checkstyle.exec.DefaultCheckstyleExecutor.executeCheckstyle(DefaultCheckstyleExecutor.java:202)<br />
#x9;at org.apache.maven.plugins.checkstyle.AbstractCheckstyleReport.executeReport(AbstractCheckstyleReport.java:533)<br />
#x9;at org.apache.maven.plugins.checkstyle.CheckstyleReport.executeReport(CheckstyleReport.java:57)<br />
#x9;at org.apache.maven.reporting.AbstractMavenReport.generate(AbstractMavenReport.java:255)<br />
#x9;at org.apache.maven.plugins.site.ReportDocumentRenderer.renderDocument(ReportDocumentRenderer.java:219)<br />
#x9;at org.apache.maven.doxia.siterenderer.DefaultSiteRenderer.renderModule(DefaultSiteRenderer.java:319)<br />
#x9;at org.apache.maven.doxia.siterenderer.DefaultSiteRenderer.render(DefaultSiteRenderer.java:135)<br />
#x9;at org.apache.maven.plugins.site.SiteMojo.renderLocale(SiteMojo.java:175)<br />
#x9;at org.apache.maven.plugins.site.SiteMojo.execute(SiteMojo.java:138)<br />
#x9;at org.apache.maven.plugin.DefaultBuildPluginManager.executeMojo(DefaultBuildPluginManager.java:137)<br />
#x9;at org.apache.maven.lifecycle.internal.MojoExecutor.execute(MojoExecutor.java:210)<br />
#x9;at org.apache.maven.lifecycle.internal.MojoExecutor.execute(MojoExecutor.java:156)<br />
#x9;at org.apache.maven.lifecycle.internal.MojoExecutor.execute(MojoExecutor.java:148)<br />
#x9;at org.apache.maven.lifecycle.internal.LifecycleModuleBuilder.buildProject(LifecycleModuleBuilder.java:117)<br />
#x9;at org.apache.maven.lifecycle.internal.LifecycleModuleBuilder.buildProject(LifecycleModuleBuilder.java:81)<br />
#x9;at org.apache.maven.lifecycle.internal.builder.singlethreaded.SingleThreadedBuilder.build(SingleThreadedBuilder.java:56)<br />
#x9;at org.apache.maven.lifecycle.internal.LifecycleStarter.execute(LifecycleStarter.java:128)<br />
#x9;at org.apache.maven.DefaultMaven.doExecute(DefaultMaven.java:305)<br />
#x9;at org.apache.maven.DefaultMaven.doExecute(DefaultMaven.java:192)<br />
#x9;at org.apache.maven.DefaultMaven.execute(DefaultMaven.java:105)<br />
#x9;at org.apache.maven.cli.MavenCli.execute(MavenCli.java:957)<br />
#x9;at org.apache.maven.cli.MavenCli.doMain(MavenCli.java:289)<br />
#x9;at org.apache.maven.cli.MavenCli.main(MavenCli.java:193)<br />
#x9;at java.base/jdk.internal.reflect.NativeMethodAccessorImpl.invoke0(Native Method)<br />
#x9;at java.base/jdk.internal.reflect.NativeMethodAccessorImpl.invoke(NativeMethodAccessorImpl.java:62)<br />
#x9;at java.base/jdk.internal.reflect.DelegatingMethodAccessorImpl.invoke(DelegatingMethodAccessorImpl.java:43)<br />
#x9;at java.base/java.lang.reflect.Method.invoke(Method.java:566)<br />
#x9;at org.codehaus.plexus.classworlds.launcher.Launcher.launchEnhanced(Launcher.java:282)<br />
#x9;at org.codehaus.plexus.classworlds.launcher.Launcher.launch(Launcher.java:225)<br />
#x9;at org.codehaus.plexus.classworlds.launcher.Launcher.mainWithExitCode(Launcher.java:406)<br />
#x9;at org.codehaus.plexus.classworlds.launcher.Launcher.main(Launcher.java:347)<br />
Caused by: line 13:1: Unexpected character 0x1a in identifier<br />
#x9;at com.puppycrawl.tools.checkstyle.grammar.GeneratedJavaLexer.nextToken(GeneratedJavaLexer.java:411)<br />
#x9;at antlr.TokenStreamHiddenTokenFilter.consume(TokenStreamHiddenTokenFilter.java:38)<br />
#x9;at antlr.TokenStreamHiddenTokenFilter.nextToken(TokenStreamHiddenTokenFilter.java:134)<br />
#x9;at antlr.TokenStreamSelector.nextToken(TokenStreamSelector.java:65)<br />
#x9;at antlr.TokenBuffer.fill(TokenBuffer.java:69)<br />
#x9;at antlr.TokenBuffer.LA(TokenBuffer.java:80)<br />
#x9;at antlr.LLkParser.LA(LLkParser.java:52)<br />
#x9;at com.puppycrawl.tools.checkstyle.grammar.GeneratedJavaRecognizer.traditionalStatement(GeneratedJavaRecognizer.java:5623)<br />
#x9;at com.puppycrawl.tools.checkstyle.grammar.GeneratedJavaRecognizer.statement(GeneratedJavaRecognizer.java:4776)<br />
#x9;at com.puppycrawl.tools.checkstyle.grammar.GeneratedJavaRecognizer.compoundStatement(GeneratedJavaRecognizer.java:4506)<br />
#x9;at com.puppycrawl.tools.checkstyle.grammar.GeneratedJavaRecognizer.field(GeneratedJavaRecognizer.java:3128)<br />
#x9;at com.puppycrawl.tools.checkstyle.grammar.GeneratedJavaRecognizer.classBlock(GeneratedJavaRecognizer.java:3384)<br />
#x9;at com.puppycrawl.tools.checkstyle.grammar.GeneratedJavaRecognizer.classDefinition(GeneratedJavaRecognizer.java:636)<br />
#x9;at com.puppycrawl.tools.checkstyle.grammar.GeneratedJavaRecognizer.typeDefinitionInternal(GeneratedJavaRecognizer.java:551)<br />
#x9;at com.puppycrawl.tools.checkstyle.grammar.GeneratedJavaRecognizer.typeDefinition(GeneratedJavaRecognizer.java:392)<br />
#x9;at com.puppycrawl.tools.checkstyle.grammar.GeneratedJavaRecognizer.compilationUnit(GeneratedJavaRecognizer.java:203)<br />
#x9;at com.puppycrawl.tools.checkstyle.JavaParser.parse(JavaParser.java:114)<br />
#x9;... 36 more<br />
</td>
								
									
									<td class="keepWidth"><a href = "xref/home/nick/development/contribution/checkstyle-tester/repositories/apache-ant/src/etc/testcases/taskdefs/fixcrlf/input/Junk9.java.html#L1">1</a></td>
								
								
									<td class="keepWidth"> </td>
									
								
							</tr>
						
							
								<tr class="a">
							
								<td class="keepWidth"><a name="A6" href = "#A6">#A6</a></td>
								<td>error</td>
								<td>Checker</td>
								<td>Got an exception - com.puppycrawl.tools.checkstyle.api.CheckstyleException: TokenStreamRecognitionException occurred while parsing file /home/nick/development/contribution/checkstyle-tester/repositories/apache-ant/src/etc/testcases/taskdefs/fixcrlf/input/Junk9.java.<br />
#x9;at com.puppycrawl.tools.checkstyle.JavaParser.parse(JavaParser.java:120)<br />
#x9;at com.puppycrawl.tools.checkstyle.TreeWalker.processFiltered(TreeWalker.java:149)<br />
#x9;at com.puppycrawl.tools.checkstyle.api.AbstractFileSetCheck.process(AbstractFileSetCheck.java:87)<br />
#x9;at com.puppycrawl.tools.checkstyle.Checker.processFile(Checker.java:337)<br />
#x9;at com.puppycrawl.tools.checkstyle.Checker.processFiles(Checker.java:298)<br />
#x9;at com.puppycrawl.tools.checkstyle.Checker.process(Checker.java:221)<br />
#x9;at org.apache.maven.plugins.checkstyle.exec.DefaultCheckstyleExecutor.executeCheckstyle(DefaultCheckstyleExecutor.java:202)<br />
#x9;at org.apache.maven.plugins.checkstyle.AbstractCheckstyleReport.executeReport(AbstractCheckstyleReport.java:533)<br />
#x9;at org.apache.maven.plugins.checkstyle.CheckstyleReport.executeReport(CheckstyleReport.java:57)<br />
#x9;at org.apache.maven.reporting.AbstractMavenReport.generate(AbstractMavenReport.java:255)<br />
#x9;at org.apache.maven.plugins.site.ReportDocumentRenderer.renderDocument(ReportDocumentRenderer.java:219)<br />
#x9;at org.apache.maven.doxia.siterenderer.DefaultSiteRenderer.renderModule(DefaultSiteRenderer.java:319)<br />
#x9;at org.apache.maven.doxia.siterenderer.DefaultSiteRenderer.render(DefaultSiteRenderer.java:135)<br />
#x9;at org.apache.maven.plugins.site.SiteMojo.renderLocale(SiteMojo.java:175)<br />
#x9;at org.apache.maven.plugins.site.SiteMojo.execute(SiteMojo.java:138)<br />
#x9;at org.apache.maven.plugin.DefaultBuildPluginManager.executeMojo(DefaultBuildPluginManager.java:137)<br />
#x9;at org.apache.maven.lifecycle.internal.MojoExecutor.execute(MojoExecutor.java:210)<br />
#x9;at org.apache.maven.lifecycle.internal.MojoExecutor.execute(MojoExecutor.java:156)<br />
#x9;at org.apache.maven.lifecycle.internal.MojoExecutor.execute(MojoExecutor.java:148)<br />
#x9;at org.apache.maven.lifecycle.internal.LifecycleModuleBuilder.buildProject(LifecycleModuleBuilder.java:117)<br />
#x9;at org.apache.maven.lifecycle.internal.LifecycleModuleBuilder.buildProject(LifecycleModuleBuilder.java:81)<br />
#x9;at org.apache.maven.lifecycle.internal.builder.singlethreaded.SingleThreadedBuilder.build(SingleThreadedBuilder.java:56)<br />
#x9;at org.apache.maven.lifecycle.internal.LifecycleStarter.execute(LifecycleStarter.java:128)<br />
#x9;at org.apache.maven.DefaultMaven.doExecute(DefaultMaven.java:305)<br />
#x9;at org.apache.maven.DefaultMaven.doExecute(DefaultMaven.java:192)<br />
#x9;at org.apache.maven.DefaultMaven.execute(DefaultMaven.java:105)<br />
#x9;at org.apache.maven.cli.MavenCli.execute(MavenCli.java:957)<br />
#x9;at org.apache.maven.cli.MavenCli.doMain(MavenCli.java:289)<br />
#x9;at org.apache.maven.cli.MavenCli.main(MavenCli.java:193)<br />
#x9;at java.base/jdk.internal.reflect.NativeMethodAccessorImpl.invoke0(Native Method)<br />
#x9;at java.base/jdk.internal.reflect.NativeMethodAccessorImpl.invoke(NativeMethodAccessorImpl.java:62)<br />
#x9;at java.base/jdk.internal.reflect.DelegatingMethodAccessorImpl.invoke(DelegatingMethodAccessorImpl.java:43)<br />
#x9;at java.base/java.lang.reflect.Method.invoke(Method.java:566)<br />
#x9;at org.codehaus.plexus.classworlds.launcher.Launcher.launchEnhanced(Launcher.java:282)<br />
#x9;at org.codehaus.plexus.classworlds.launcher.Launcher.launch(Launcher.java:225)<br />
#x9;at org.codehaus.plexus.classworlds.launcher.Launcher.mainWithExitCode(Launcher.java:406)<br />
#x9;at org.codehaus.plexus.classworlds.launcher.Launcher.main(Launcher.java:347)<br />
Caused by: line 13:1: Unexpected character 0x1a in identifier<br />
#x9;at com.puppycrawl.tools.checkstyle.grammar.GeneratedJavaLexer.nextToken(GeneratedJavaLexer.java:412)<br />
#x9;at antlr.TokenStreamHiddenTokenFilter.consume(TokenStreamHiddenTokenFilter.java:38)<br />
#x9;at antlr.TokenStreamHiddenTokenFilter.nextToken(TokenStreamHiddenTokenFilter.java:134)<br />
#x9;at antlr.TokenStreamSelector.nextToken(TokenStreamSelector.java:65)<br />
#x9;at antlr.TokenBuffer.fill(TokenBuffer.java:69)<br />
#x9;at antlr.TokenBuffer.LA(TokenBuffer.java:80)<br />
#x9;at antlr.LLkParser.LA(LLkParser.java:52)<br />
#x9;at com.puppycrawl.tools.checkstyle.grammar.GeneratedJavaRecognizer.traditionalStatement(GeneratedJavaRecognizer.java:5669)<br />
#x9;at com.puppycrawl.tools.checkstyle.grammar.GeneratedJavaRecognizer.statement(GeneratedJavaRecognizer.java:4815)<br />
#x9;at com.puppycrawl.tools.checkstyle.grammar.GeneratedJavaRecognizer.compoundStatement(GeneratedJavaRecognizer.java:4544)<br />
#x9;at com.puppycrawl.tools.checkstyle.grammar.GeneratedJavaRecognizer.field(GeneratedJavaRecognizer.java:3159)<br />
#x9;at com.puppycrawl.tools.checkstyle.grammar.GeneratedJavaRecognizer.classBlock(GeneratedJavaRecognizer.java:3416)<br />
#x9;at com.puppycrawl.tools.checkstyle.grammar.GeneratedJavaRecognizer.classDefinition(GeneratedJavaRecognizer.java:646)<br />
#x9;at com.puppycrawl.tools.checkstyle.grammar.GeneratedJavaRecognizer.typeDefinitionInternal(GeneratedJavaRecognizer.java:561)<br />
#x9;at com.puppycrawl.tools.checkstyle.grammar.GeneratedJavaRecognizer.typeDefinition(GeneratedJavaRecognizer.java:402)<br />
#x9;at com.puppycrawl.tools.checkstyle.grammar.GeneratedJavaRecognizer.compilationUnit(GeneratedJavaRecognizer.java:212)<br />
#x9;at com.puppycrawl.tools.checkstyle.JavaParser.parse(JavaParser.java:114)<br />
#x9;... 36 more<br />
</td>
								
									
									<td class="keepWidth"><a href = "xref/home/nick/development/contribution/checkstyle-tester/repositories/apache-ant/src/etc/testcases/taskdefs/fixcrlf/input/Junk9.java.html#L1">1</a></td>
								
								
									<td class="keepWidth"> </td>
									
								
							</tr>
						
					</table>
				</div>
				<div class="section">
					<h3>/home/nick/development/contribution/checkstyle-tester/repositories/apache-ant/src/tests/antunit/taskdefs/javac-dir/bad-src/Bad.java</h3>
					<tr class="b">
					<table border="0" class="bodyTable">
					        <th></th>
							<th>Severity</th>
							<th>Rule</th>
							<th>Message</th>
							<th>Line</th>
							<th>Col</th>
						</tr>
						
							
								<tr class="b">
								
								<td class="keepWidth"><a name="A7" href = "#A7">#A7</a></td>
								<td>error</td>
								<td>Checker</td>
								<td>Got an exception - com.puppycrawl.tools.checkstyle.api.CheckstyleException: TokenStreamRecognitionException occurred while parsing file /home/nick/development/contribution/checkstyle-tester/repositories/apache-ant/src/tests/antunit/taskdefs/javac-dir/bad-src/Bad.java.<br />
#x9;at com.puppycrawl.tools.checkstyle.JavaParser.parse(JavaParser.java:120)<br />
#x9;at com.puppycrawl.tools.checkstyle.TreeWalker.processFiltered(TreeWalker.java:149)<br />
#x9;at com.puppycrawl.tools.checkstyle.api.AbstractFileSetCheck.process(AbstractFileSetCheck.java:87)<br />
#x9;at com.puppycrawl.tools.checkstyle.Checker.processFile(Checker.java:337)<br />
#x9;at com.puppycrawl.tools.checkstyle.Checker.processFiles(Checker.java:298)<br />
#x9;at com.puppycrawl.tools.checkstyle.Checker.process(Checker.java:221)<br />
#x9;at org.apache.maven.plugins.checkstyle.exec.DefaultCheckstyleExecutor.executeCheckstyle(DefaultCheckstyleExecutor.java:202)<br />
#x9;at org.apache.maven.plugins.checkstyle.AbstractCheckstyleReport.executeReport(AbstractCheckstyleReport.java:533)<br />
#x9;at org.apache.maven.plugins.checkstyle.CheckstyleReport.executeReport(CheckstyleReport.java:57)<br />
#x9;at org.apache.maven.reporting.AbstractMavenReport.generate(AbstractMavenReport.java:255)<br />
#x9;at org.apache.maven.plugins.site.ReportDocumentRenderer.renderDocument(ReportDocumentRenderer.java:219)<br />
#x9;at org.apache.maven.doxia.siterenderer.DefaultSiteRenderer.renderModule(DefaultSiteRenderer.java:319)<br />
#x9;at org.apache.maven.doxia.siterenderer.DefaultSiteRenderer.render(DefaultSiteRenderer.java:135)<br />
#x9;at org.apache.maven.plugins.site.SiteMojo.renderLocale(SiteMojo.java:175)<br />
#x9;at org.apache.maven.plugins.site.SiteMojo.execute(SiteMojo.java:138)<br />
#x9;at org.apache.maven.plugin.DefaultBuildPluginManager.executeMojo(DefaultBuildPluginManager.java:137)<br />
#x9;at org.apache.maven.lifecycle.internal.MojoExecutor.execute(MojoExecutor.java:210)<br />
#x9;at org.apache.maven.lifecycle.internal.MojoExecutor.execute(MojoExecutor.java:156)<br />
#x9;at org.apache.maven.lifecycle.internal.MojoExecutor.execute(MojoExecutor.java:148)<br />
#x9;at org.apache.maven.lifecycle.internal.LifecycleModuleBuilder.buildProject(LifecycleModuleBuilder.java:117)<br />
#x9;at org.apache.maven.lifecycle.internal.LifecycleModuleBuilder.buildProject(LifecycleModuleBuilder.java:81)<br />
#x9;at org.apache.maven.lifecycle.internal.builder.singlethreaded.SingleThreadedBuilder.build(SingleThreadedBuilder.java:56)<br />
#x9;at org.apache.maven.lifecycle.internal.LifecycleStarter.execute(LifecycleStarter.java:128)<br />
#x9;at org.apache.maven.DefaultMaven.doExecute(DefaultMaven.java:305)<br />
#x9;at org.apache.maven.DefaultMaven.doExecute(DefaultMaven.java:192)<br />
#x9;at org.apache.maven.DefaultMaven.execute(DefaultMaven.java:105)<br />
#x9;at org.apache.maven.cli.MavenCli.execute(MavenCli.java:957)<br />
#x9;at org.apache.maven.cli.MavenCli.doMain(MavenCli.java:289)<br />
#x9;at org.apache.maven.cli.MavenCli.main(MavenCli.java:193)<br />
#x9;at java.base/jdk.internal.reflect.NativeMethodAccessorImpl.invoke0(Native Method)<br />
#x9;at java.base/jdk.internal.reflect.NativeMethodAccessorImpl.invoke(NativeMethodAccessorImpl.java:62)<br />
#x9;at java.base/jdk.internal.reflect.DelegatingMethodAccessorImpl.invoke(DelegatingMethodAccessorImpl.java:43)<br />
#x9;at java.base/java.lang.reflect.Method.invoke(Method.java:566)<br />
#x9;at org.codehaus.plexus.classworlds.launcher.Launcher.launchEnhanced(Launcher.java:282)<br />
#x9;at org.codehaus.plexus.classworlds.launcher.Launcher.launch(Launcher.java:225)<br />
#x9;at org.codehaus.plexus.classworlds.launcher.Launcher.mainWithExitCode(Launcher.java:406)<br />
#x9;at org.codehaus.plexus.classworlds.launcher.Launcher.main(Launcher.java:347)<br />
Caused by: line 21:21: expecting &#39;&quot;&#39;, found &#39;&lt;EOF&gt;&#39;<br />
#x9;at com.puppycrawl.tools.checkstyle.grammar.GeneratedJavaLexer.nextToken(GeneratedJavaLexer.java:411)<br />
#x9;at antlr.TokenStreamHiddenTokenFilter.consume(TokenStreamHiddenTokenFilter.java:38)<br />
#x9;at antlr.TokenStreamHiddenTokenFilter.nextToken(TokenStreamHiddenTokenFilter.java:134)<br />
#x9;at antlr.TokenStreamSelector.nextToken(TokenStreamSelector.java:65)<br />
#x9;at antlr.TokenBuffer.fill(TokenBuffer.java:69)<br />
#x9;at antlr.TokenBuffer.LA(TokenBuffer.java:80)<br />
#x9;at antlr.LLkParser.LA(LLkParser.java:52)<br />
#x9;at com.puppycrawl.tools.checkstyle.grammar.GeneratedJavaRecognizer.classOrInterfaceType(GeneratedJavaRecognizer.java:1105)<br />
#x9;at com.puppycrawl.tools.checkstyle.grammar.GeneratedJavaRecognizer.classTypeSpec(GeneratedJavaRecognizer.java:876)<br />
#x9;at com.puppycrawl.tools.checkstyle.grammar.GeneratedJavaRecognizer.typeSpec(GeneratedJavaRecognizer.java:838)<br />
#x9;at com.puppycrawl.tools.checkstyle.grammar.GeneratedJavaRecognizer.field(GeneratedJavaRecognizer.java:3089)<br />
#x9;at com.puppycrawl.tools.checkstyle.grammar.GeneratedJavaRecognizer.classBlock(GeneratedJavaRecognizer.java:3384)<br />
#x9;at com.puppycrawl.tools.checkstyle.grammar.GeneratedJavaRecognizer.classDefinition(GeneratedJavaRecognizer.java:636)<br />
#x9;at com.puppycrawl.tools.checkstyle.grammar.GeneratedJavaRecognizer.typeDefinitionInternal(GeneratedJavaRecognizer.java:551)<br />
#x9;at com.puppycrawl.tools.checkstyle.grammar.GeneratedJavaRecognizer.typeDefinition(GeneratedJavaRecognizer.java:392)<br />
#x9;at com.puppycrawl.tools.checkstyle.grammar.GeneratedJavaRecognizer.compilationUnit(GeneratedJavaRecognizer.java:203)<br />
#x9;at com.puppycrawl.tools.checkstyle.JavaParser.parse(JavaParser.java:114)<br />
#x9;... 36 more<br />
</td>
								
									
									<td class="keepWidth"><a href = "xref/home/nick/development/contribution/checkstyle-tester/repositories/apache-ant/src/tests/antunit/taskdefs/javac-dir/bad-src/Bad.java.html#L1">1</a></td>
								
								
									<td class="keepWidth"> </td>
									
								
							</tr>
						
							
								<tr class="a">
							
								<td class="keepWidth"><a name="A8" href = "#A8">#A8</a></td>
								<td>error</td>
								<td>Checker</td>
								<td>Got an exception - com.puppycrawl.tools.checkstyle.api.CheckstyleException: TokenStreamRecognitionException occurred while parsing file /home/nick/development/contribution/checkstyle-tester/repositories/apache-ant/src/tests/antunit/taskdefs/javac-dir/bad-src/Bad.java.<br />
#x9;at com.puppycrawl.tools.checkstyle.JavaParser.parse(JavaParser.java:120)<br />
#x9;at com.puppycrawl.tools.checkstyle.TreeWalker.processFiltered(TreeWalker.java:149)<br />
#x9;at com.puppycrawl.tools.checkstyle.api.AbstractFileSetCheck.process(AbstractFileSetCheck.java:87)<br />
#x9;at com.puppycrawl.tools.checkstyle.Checker.processFile(Checker.java:337)<br />
#x9;at com.puppycrawl.tools.checkstyle.Checker.processFiles(Checker.java:298)<br />
#x9;at com.puppycrawl.tools.checkstyle.Checker.process(Checker.java:221)<br />
#x9;at org.apache.maven.plugins.checkstyle.exec.DefaultCheckstyleExecutor.executeCheckstyle(DefaultCheckstyleExecutor.java:202)<br />
#x9;at org.apache.maven.plugins.checkstyle.AbstractCheckstyleReport.executeReport(AbstractCheckstyleReport.java:533)<br />
#x9;at org.apache.maven.plugins.checkstyle.CheckstyleReport.executeReport(CheckstyleReport.java:57)<br />
#x9;at org.apache.maven.reporting.AbstractMavenReport.generate(AbstractMavenReport.java:255)<br />
#x9;at org.apache.maven.plugins.site.ReportDocumentRenderer.renderDocument(ReportDocumentRenderer.java:219)<br />
#x9;at org.apache.maven.doxia.siterenderer.DefaultSiteRenderer.renderModule(DefaultSiteRenderer.java:319)<br />
#x9;at org.apache.maven.doxia.siterenderer.DefaultSiteRenderer.render(DefaultSiteRenderer.java:135)<br />
#x9;at org.apache.maven.plugins.site.SiteMojo.renderLocale(SiteMojo.java:175)<br />
#x9;at org.apache.maven.plugins.site.SiteMojo.execute(SiteMojo.java:138)<br />
#x9;at org.apache.maven.plugin.DefaultBuildPluginManager.executeMojo(DefaultBuildPluginManager.java:137)<br />
#x9;at org.apache.maven.lifecycle.internal.MojoExecutor.execute(MojoExecutor.java:210)<br />
#x9;at org.apache.maven.lifecycle.internal.MojoExecutor.execute(MojoExecutor.java:156)<br />
#x9;at org.apache.maven.lifecycle.internal.MojoExecutor.execute(MojoExecutor.java:148)<br />
#x9;at org.apache.maven.lifecycle.internal.LifecycleModuleBuilder.buildProject(LifecycleModuleBuilder.java:117)<br />
#x9;at org.apache.maven.lifecycle.internal.LifecycleModuleBuilder.buildProject(LifecycleModuleBuilder.java:81)<br />
#x9;at org.apache.maven.lifecycle.internal.builder.singlethreaded.SingleThreadedBuilder.build(SingleThreadedBuilder.java:56)<br />
#x9;at org.apache.maven.lifecycle.internal.LifecycleStarter.execute(LifecycleStarter.java:128)<br />
#x9;at org.apache.maven.DefaultMaven.doExecute(DefaultMaven.java:305)<br />
#x9;at org.apache.maven.DefaultMaven.doExecute(DefaultMaven.java:192)<br />
#x9;at org.apache.maven.DefaultMaven.execute(DefaultMaven.java:105)<br />
#x9;at org.apache.maven.cli.MavenCli.execute(MavenCli.java:957)<br />
#x9;at org.apache.maven.cli.MavenCli.doMain(MavenCli.java:289)<br />
#x9;at org.apache.maven.cli.MavenCli.main(MavenCli.java:193)<br />
#x9;at java.base/jdk.internal.reflect.NativeMethodAccessorImpl.invoke0(Native Method)<br />
#x9;at java.base/jdk.internal.reflect.NativeMethodAccessorImpl.invoke(NativeMethodAccessorImpl.java:62)<br />
#x9;at java.base/jdk.internal.reflect.DelegatingMethodAccessorImpl.invoke(DelegatingMethodAccessorImpl.java:43)<br />
#x9;at java.base/java.lang.reflect.Method.invoke(Method.java:566)<br />
#x9;at org.codehaus.plexus.classworlds.launcher.Launcher.launchEnhanced(Launcher.java:282)<br />
#x9;at org.codehaus.plexus.classworlds.launcher.Launcher.launch(Launcher.java:225)<br />
#x9;at org.codehaus.plexus.classworlds.launcher.Launcher.mainWithExitCode(Launcher.java:406)<br />
#x9;at org.codehaus.plexus.classworlds.launcher.Launcher.main(Launcher.java:347)<br />
Caused by: line 21:21: expecting &#39;&quot;&#39;, found &#39;&lt;EOF&gt;&#39;<br />
#x9;at com.puppycrawl.tools.checkstyle.grammar.GeneratedJavaLexer.nextToken(GeneratedJavaLexer.java:412)<br />
#x9;at antlr.TokenStreamHiddenTokenFilter.consume(TokenStreamHiddenTokenFilter.java:38)<br />
#x9;at antlr.TokenStreamHiddenTokenFilter.nextToken(TokenStreamHiddenTokenFilter.java:134)<br />
#x9;at antlr.TokenStreamSelector.nextToken(TokenStreamSelector.java:65)<br />
#x9;at antlr.TokenBuffer.fill(TokenBuffer.java:69)<br />
#x9;at antlr.TokenBuffer.LA(TokenBuffer.java:80)<br />
#x9;at antlr.LLkParser.LA(LLkParser.java:52)<br />
#x9;at com.puppycrawl.tools.checkstyle.grammar.GeneratedJavaRecognizer.classOrInterfaceType(GeneratedJavaRecognizer.java:1117)<br />
#x9;at com.puppycrawl.tools.checkstyle.grammar.GeneratedJavaRecognizer.classTypeSpec(GeneratedJavaRecognizer.java:887)<br />
#x9;at com.puppycrawl.tools.checkstyle.grammar.GeneratedJavaRecognizer.typeSpec(GeneratedJavaRecognizer.java:849)<br />
#x9;at com.puppycrawl.tools.checkstyle.grammar.GeneratedJavaRecognizer.field(GeneratedJavaRecognizer.java:3120)<br />
#x9;at com.puppycrawl.tools.checkstyle.grammar.GeneratedJavaRecognizer.classBlock(GeneratedJavaRecognizer.java:3416)<br />
#x9;at com.puppycrawl.tools.checkstyle.grammar.GeneratedJavaRecognizer.classDefinition(GeneratedJavaRecognizer.java:646)<br />
#x9;at com.puppycrawl.tools.checkstyle.grammar.GeneratedJavaRecognizer.typeDefinitionInternal(GeneratedJavaRecognizer.java:561)<br />
#x9;at com.puppycrawl.tools.checkstyle.grammar.GeneratedJavaRecognizer.typeDefinition(GeneratedJavaRecognizer.java:402)<br />
#x9;at com.puppycrawl.tools.checkstyle.grammar.GeneratedJavaRecognizer.compilationUnit(GeneratedJavaRecognizer.java:212)<br />
#x9;at com.puppycrawl.tools.checkstyle.JavaParser.parse(JavaParser.java:114)<br />
#x9;... 36 more<br />
</td>
								
									
									<td class="keepWidth"><a href = "xref/home/nick/development/contribution/checkstyle-tester/repositories/apache-ant/src/tests/antunit/taskdefs/javac-dir/bad-src/Bad.java.html#L1">1</a></td>
								
								
									<td class="keepWidth"> </td>
									
								
							</tr>
						
					</table>
				</div>
			</div>
		</div>
	</body>
</html>